#
# A fatal error has been detected by the Java Runtime Environment:
#
#  SIGSEGV (0xb) at pc=0x00007f2e66d0c5de, pid=14817, tid=0x00007f2e49610700
#
# JRE version: OpenJDK Runtime Environment (8.0_242) (build 1.8.0_242-release-1644-b3-6222593)
# Java VM: OpenJDK 64-Bit Server VM (25.242-b3-6222593 mixed mode linux-amd64 compressed oops)
# Problematic frame:
# V  [libjvm.so+0x8c85de]  PhaseIterGVN::remove_globally_dead_node(Node*)+0x21e
#
# Failed to write core dump. Core dumps have been disabled. To enable core dumping, try "ulimit -c unlimited" before starting Java again
#
# If you would like to submit a bug report, please visit:
#   http://bugreport.java.com/bugreport/crash.jsp
#

---------------  T H R E A D  ---------------

Current thread (0x00007f2e600c9000):  JavaThread "C2 CompilerThread1" daemon [_thread_in_native, id=14835, stack(0x00007f2e49511000,0x00007f2e49611000)]

siginfo: si_signo: 11 (SIGSEGV), si_code: 128 (SI_KERNEL), si_addr: 0x0000000000000000

Registers:
RAX=0x3b726f7463757274, RBX=0x00007f2dec0e9f70, RCX=0x0000000000000000, RDX=0x00007f2df4748940
RSP=0x00007f2e4960bfb0, RBP=0x00007f2e4960c010, RSI=0x00007f2dec0e9f70, RDI=0x00007f2dec0e9f70
R8 =0x0000000000000047, R9 =0x00007f2e604b4428, R10=0x0000000000000001, R11=0x00007f2df4748b20
R12=0x00007f2e4960c0c0, R13=0x00007f2e4960d8a0, R14=0x0000000000000001, R15=0x00007f2e4960ce50
RIP=0x00007f2e66d0c5de, EFLAGS=0x0000000000010246, CSGSFS=0x002b000000000033, ERR=0x0000000000000000
  TRAPNO=0x000000000000000d

Top of Stack: (sp=0x00007f2e4960bfb0)
0x00007f2e4960bfb0:   00007f2e4960bfd0 00007f2e4960d870
0x00007f2e4960bfc0:   00007f2dec095cf8 00007f2e4960d830
0x00007f2e4960bfd0:   00007f2e4960d850 00007f2e604b4400
0x00007f2e4960bfe0:   00007f2e4960c010 00007f2e6001caa0
0x00007f2e4960bff0:   00007f2e4960c0c0 00007f2e4960d8a0
0x00007f2e4960c000:   0000000000000001 00007f2e4960c0a0
0x00007f2e4960c010:   00007f2e4960c330 00007f2e66bcbb31
0x00007f2e4960c020:   00007f2dec00c268 00007f2e4960c180
0x00007f2e4960c030:   000000000000002b 00007f2e00000000
0x00007f2e4960c040:   00007f2e4960d8c0 00000000001000e0
0x00007f2e4960c050:   00007f2e4960c080 00007f2df47b0068
0x00007f2e4960c060:   00007f2df47a80d0 00007f2df47a8080
0x00007f2e4960c070:   00007f2e4960c0b0 00007f2e66c399d6
0x00007f2e4960c080:   00007f2e67111ad0 00007f2e6001caa0
0x00007f2e4960c090:   0000000000000200 00007f2df0225e30
0x00007f2e4960c0a0:   00007f2df451fe70 00007f2df452c280
0x00007f2e4960c0b0:   00007f2df451fe80 00007f2e6001caa0
0x00007f2e4960c0c0:   00007f2e6001caa0 00007f2e00001000
0x00007f2e4960c0d0:   00007f2df46affc0 0000000000000000
0x00007f2e4960c0e0:   00007f2e6001caa0 00007f2d00000004
0x00007f2e4960c0f0:   00007f2df4720020 00007f2e00000000
0x00007f2e4960c100:   00007f2df40108d0 0000000000020040
0x00007f2e4960c110:   0000000000000800 0000083000002002
0x00007f2e4960c120:   0000000000000100 0000000000000020
0x00007f2e4960c130:   0000000000000004 0000007b0000007c
0x00007f2e4960c140:   0000015b0000008e 0000000000010021
0x00007f2e4960c150:   00007f2e4960c180 0000000000002000
0x00007f2e4960c160:   0000000000020010 00007f2df4000020
0x00007f2e4960c170:   000000000000000c 00007f2e4960c200
0x00007f2e4960c180:   0000000000000000 00007f2e67227419
0x00007f2e4960c190:   0000000000020010 00007f2e4960c1e0
0x00007f2e4960c1a0:   0000000000000000 00007f2e66cb248d 

Instructions: (pc=0x00007f2e66d0c5de)
0x00007f2e66d0c5be:   ff ff 48 8b 7d b8 e8 67 84 f8 ff 49 8b 87 e0 09
0x00007f2e66d0c5ce:   00 00 e9 a1 fe ff ff 0f 1f 00 48 8b 03 48 89 df
0x00007f2e66d0c5de:   ff 50 60 85 c0 74 3f 41 8b bf 90 09 00 00 8d 77
0x00007f2e66d0c5ee:   ff 49 8b bf a0 09 00 00 21 f0 41 89 c0 41 83 c8 

Register to memory mapping:

RAX=0x3b726f7463757274 is an unknown value
RBX=0x00007f2dec0e9f70 is an unknown value
RCX=0x0000000000000000 is an unknown value
RDX=0x00007f2df4748940 is an unknown value
RSP=0x00007f2e4960bfb0 is pointing into the stack for thread: 0x00007f2e600c9000
RBP=0x00007f2e4960c010 is pointing into the stack for thread: 0x00007f2e600c9000
RSI=0x00007f2dec0e9f70 is an unknown value
RDI=0x00007f2dec0e9f70 is an unknown value
R8 =0x0000000000000047 is an unknown value
R9 =0x00007f2e604b4428 is an unknown value
R10=0x0000000000000001 is an unknown value
R11=0x00007f2df4748b20 is an unknown value
R12=0x00007f2e4960c0c0 is pointing into the stack for thread: 0x00007f2e600c9000
R13=0x00007f2e4960d8a0 is pointing into the stack for thread: 0x00007f2e600c9000
R14=0x0000000000000001 is an unknown value
R15=0x00007f2e4960ce50 is pointing into the stack for thread: 0x00007f2e600c9000


Stack: [0x00007f2e49511000,0x00007f2e49611000],  sp=0x00007f2e4960bfb0,  free space=1003k
Native frames: (J=compiled Java code, j=interpreted, Vv=VM code, C=native code)
V  [libjvm.so+0x8c85de]  PhaseIterGVN::remove_globally_dead_node(Node*)+0x21e
V  [libjvm.so+0x787b31]  PhaseIdealLoop::build_and_optimize(bool, bool)+0x901
V  [libjvm.so+0x482370]  Compile::Optimize()+0x8b0
V  [libjvm.so+0x484d2d]  Compile::Compile(ciEnv*, C2Compiler*, ciMethod*, int, bool, bool, bool)+0x109d
V  [libjvm.so+0x3dfc48]  C2Compiler::compile_method(ciEnv*, ciMethod*, int)+0x1c8
V  [libjvm.so+0x48d382]  CompileBroker::invoke_compiler_on_method(CompileTask*)+0x852
V  [libjvm.so+0x48e228]  CompileBroker::compiler_thread_loop()+0x4e8
V  [libjvm.so+0x9bef08]  JavaThread::thread_main_inner()+0xd8
V  [libjvm.so+0x8760c2]  java_start(Thread*)+0xf2
C  [libpthread.so.0+0x9609]  start_thread+0xd9


Current CompileTask:
C2:   1344 1726       4       org.jetbrains.kotlin.com.intellij.openapi.vfs.impl.ZipHandlerBase::getOrCreate (226 bytes)


---------------  P R O C E S S  ---------------

Java Threads: ( => current thread )
  0x00007f2e600e2000 JavaThread "Service Thread" daemon [_thread_blocked, id=14838, stack(0x00007f2e4920d000,0x00007f2e4930e000)]
  0x00007f2e600cd000 JavaThread "C1 CompilerThread3" daemon [_thread_in_native, id=14837, stack(0x00007f2e4930f000,0x00007f2e4940f000)]
  0x00007f2e600cb000 JavaThread "C2 CompilerThread2" daemon [_thread_in_native, id=14836, stack(0x00007f2e49410000,0x00007f2e49510000)]
=>0x00007f2e600c9000 JavaThread "C2 CompilerThread1" daemon [_thread_in_native, id=14835, stack(0x00007f2e49511000,0x00007f2e49611000)]
  0x00007f2e600c6000 JavaThread "C2 CompilerThread0" daemon [_thread_in_native, id=14834, stack(0x00007f2e49612000,0x00007f2e49712000)]
  0x00007f2e600c4000 JavaThread "Signal Dispatcher" daemon [_thread_blocked, id=14833, stack(0x00007f2e49712000,0x00007f2e49813000)]
  0x00007f2e60092800 JavaThread "Finalizer" daemon [_thread_blocked, id=14832, stack(0x00007f2e49dd7000,0x00007f2e49ed8000)]
  0x00007f2e6008e000 JavaThread "Reference Handler" daemon [_thread_blocked, id=14831, stack(0x00007f2e49ed8000,0x00007f2e49fd9000)]
  0x00007f2e6000b000 JavaThread "main" [_thread_in_native, id=14819, stack(0x00007f2e661f5000,0x00007f2e662f5000)]

Other Threads:
  0x00007f2e60084800 VMThread [stack: 0x00007f2e49fda000,0x00007f2e4a0da000] [id=14830]
  0x00007f2e600e5000 WatcherThread [stack: 0x00007f2e4910d000,0x00007f2e4920d000] [id=14839]

VM state:not at safepoint (normal execution)

VM Mutex/Monitor currently owned by a thread: None

heap address: 0x00000006c5a00000, size: 4006 MB, Compressed Oops mode: Zero based, Oop shift amount: 3
Narrow klass base: 0x0000000000000000, Narrow klass shift: 3
Compressed class space size: 1073741824 Address: 0x00000007c0000000

Heap:
 PSYoungGen      total 139776K, used 29655K [0x000000076c900000, 0x0000000775c00000, 0x00000007c0000000)
  eden space 129024K, 22% used [0x000000076c900000,0x000000076e5f5d48,0x0000000774700000)
  from space 10752K, 0% used [0x0000000775180000,0x0000000775180000,0x0000000775c00000)
  to   space 10752K, 0% used [0x0000000774700000,0x0000000774700000,0x0000000775180000)
 ParOldGen       total 111104K, used 9260K [0x00000006c5a00000, 0x00000006cc680000, 0x000000076c900000)
  object space 111104K, 8% used [0x00000006c5a00000,0x00000006c630b170,0x00000006cc680000)
 Metaspace       used 22686K, capacity 23112K, committed 23296K, reserved 1069056K
  class space    used 2674K, capacity 2800K, committed 2816K, reserved 1048576K

Card table byte_map: [0x00007f2e655f4000,0x00007f2e65dc8000] byte_map_base: 0x00007f2e61fc7000

Marking Bits: (ParMarkBitMap*) 0x00007f2e671597e0
 Begin Bits: [0x00007f2e142d0000, 0x00007f2e18168000)
 End Bits:   [0x00007f2e18168000, 0x00007f2e1c000000)

Polling page: 0x00007f2e6740d000

CodeCache: size=245760Kb used=5508Kb max_used=5519Kb free=240251Kb
 bounds [0x00007f2e51000000, 0x00007f2e51570000, 0x00007f2e60000000]
 total_blobs=2185 nmethods=1766 adapters=334
 compilation: enabled

Compilation events (10 events):
Event: 1,335 Thread 0x00007f2e600c6000 nmethod 1766 0x00007f2e515617d0 code [0x00007f2e51561920, 0x00007f2e51561a38]
Event: 1,335 Thread 0x00007f2e600c6000 1763       4       org.jetbrains.kotlin.com.intellij.util.SmartList::add (94 bytes)
Event: 1,337 Thread 0x00007f2e600cd000 1769       1       org.jetbrains.kotlin.cli.jvm.config.JvmClasspathRoot::getFile (5 bytes)
Event: 1,337 Thread 0x00007f2e600cd000 nmethod 1769 0x00007f2e515603d0 code [0x00007f2e51560520, 0x00007f2e51560630]
Event: 1,338 Thread 0x00007f2e600c6000 nmethod 1763 0x00007f2e51562990 code [0x00007f2e51562b20, 0x00007f2e51563028]
Event: 1,338 Thread 0x00007f2e600c6000 1764       4       org.jetbrains.kotlin.com.intellij.util.SmartList::resizeIfNecessary (58 bytes)
Event: 1,339 Thread 0x00007f2e600c6000 nmethod 1764 0x00007f2e515622d0 code [0x00007f2e51562440, 0x00007f2e51562748]
Event: 1,339 Thread 0x00007f2e600c6000 1767       4       org.jetbrains.kotlin.com.intellij.util.SmartList::checkOutOfBounds (58 bytes)
Event: 1,340 Thread 0x00007f2e600c6000 nmethod 1767 0x00007f2e51563550 code [0x00007f2e515636a0, 0x00007f2e51563738]
Event: 1,340 Thread 0x00007f2e600c6000 1759       4       org.jetbrains.kotlin.com.intellij.util.text.ByteArrayCharSequence::convertToBytesIfPossible (75 bytes)

GC Heap History (6 events):
Event: 0,635 GC heap before
{Heap before GC invocations=1 (full 0):
 PSYoungGen      total 75264K, used 64512K [0x000000076c900000, 0x0000000771d00000, 0x00000007c0000000)
  eden space 64512K, 100% used [0x000000076c900000,0x0000000770800000,0x0000000770800000)
  from space 10752K, 0% used [0x0000000771280000,0x0000000771280000,0x0000000771d00000)
  to   space 10752K, 0% used [0x0000000770800000,0x0000000770800000,0x0000000771280000)
 ParOldGen       total 172032K, used 0K [0x00000006c5a00000, 0x00000006d0200000, 0x000000076c900000)
  object space 172032K, 0% used [0x00000006c5a00000,0x00000006c5a00000,0x00000006d0200000)
 Metaspace       used 15927K, capacity 16280K, committed 16640K, reserved 1064960K
  class space    used 1819K, capacity 1940K, committed 2048K, reserved 1048576K
Event: 0,644 GC heap after
Heap after GC invocations=1 (full 0):
 PSYoungGen      total 75264K, used 10740K [0x000000076c900000, 0x0000000775c00000, 0x00000007c0000000)
  eden space 64512K, 0% used [0x000000076c900000,0x000000076c900000,0x0000000770800000)
  from space 10752K, 99% used [0x0000000770800000,0x000000077127d2a0,0x0000000771280000)
  to   space 10752K, 0% used [0x0000000775180000,0x0000000775180000,0x0000000775c00000)
 ParOldGen       total 172032K, used 4479K [0x00000006c5a00000, 0x00000006d0200000, 0x000000076c900000)
  object space 172032K, 2% used [0x00000006c5a00000,0x00000006c5e5fec0,0x00000006d0200000)
 Metaspace       used 15927K, capacity 16280K, committed 16640K, reserved 1064960K
  class space    used 1819K, capacity 1940K, committed 2048K, reserved 1048576K
}
Event: 0,803 GC heap before
{Heap before GC invocations=2 (full 0):
 PSYoungGen      total 75264K, used 30726K [0x000000076c900000, 0x0000000775c00000, 0x00000007c0000000)
  eden space 64512K, 30% used [0x000000076c900000,0x000000076dc846e8,0x0000000770800000)
  from space 10752K, 99% used [0x0000000770800000,0x000000077127d2a0,0x0000000771280000)
  to   space 10752K, 0% used [0x0000000775180000,0x0000000775180000,0x0000000775c00000)
 ParOldGen       total 172032K, used 4479K [0x00000006c5a00000, 0x00000006d0200000, 0x000000076c900000)
  object space 172032K, 2% used [0x00000006c5a00000,0x00000006c5e5fec0,0x00000006d0200000)
 Metaspace       used 20662K, capacity 21070K, committed 21248K, reserved 1069056K
  class space    used 2386K, capacity 2489K, committed 2560K, reserved 1048576K
Event: 0,809 GC heap after
Heap after GC invocations=2 (full 0):
 PSYoungGen      total 139776K, used 9588K [0x000000076c900000, 0x0000000775c00000, 0x00000007c0000000)
  eden space 129024K, 0% used [0x000000076c900000,0x000000076c900000,0x0000000774700000)
  from space 10752K, 89% used [0x0000000775180000,0x0000000775add180,0x0000000775c00000)
  to   space 10752K, 0% used [0x0000000774700000,0x0000000774700000,0x0000000775180000)
 ParOldGen       total 172032K, used 4551K [0x00000006c5a00000, 0x00000006d0200000, 0x000000076c900000)
  object space 172032K, 2% used [0x00000006c5a00000,0x00000006c5e71ed0,0x00000006d0200000)
 Metaspace       used 20662K, capacity 21070K, committed 21248K, reserved 1069056K
  class space    used 2386K, capacity 2489K, committed 2560K, reserved 1048576K
}
Event: 0,809 GC heap before
{Heap before GC invocations=3 (full 1):
 PSYoungGen      total 139776K, used 9588K [0x000000076c900000, 0x0000000775c00000, 0x00000007c0000000)
  eden space 129024K, 0% used [0x000000076c900000,0x000000076c900000,0x0000000774700000)
  from space 10752K, 89% used [0x0000000775180000,0x0000000775add180,0x0000000775c00000)
  to   space 10752K, 0% used [0x0000000774700000,0x0000000774700000,0x0000000775180000)
 ParOldGen       total 172032K, used 4551K [0x00000006c5a00000, 0x00000006d0200000, 0x000000076c900000)
  object space 172032K, 2% used [0x00000006c5a00000,0x00000006c5e71ed0,0x00000006d0200000)
 Metaspace       used 20662K, capacity 21070K, committed 21248K, reserved 1069056K
  class space    used 2386K, capacity 2489K, committed 2560K, reserved 1048576K
Event: 0,830 GC heap after
Heap after GC invocations=3 (full 1):
 PSYoungGen      total 139776K, used 0K [0x000000076c900000, 0x0000000775c00000, 0x00000007c0000000)
  eden space 129024K, 0% used [0x000000076c900000,0x000000076c900000,0x0000000774700000)
  from space 10752K, 0% used [0x0000000775180000,0x0000000775180000,0x0000000775c00000)
  to   space 10752K, 0% used [0x0000000774700000,0x0000000774700000,0x0000000775180000)
 ParOldGen       total 111104K, used 9260K [0x00000006c5a00000, 0x00000006cc680000, 0x000000076c900000)
  object space 111104K, 8% used [0x00000006c5a00000,0x00000006c630b170,0x00000006cc680000)
 Metaspace       used 20662K, capacity 21070K, committed 21248K, reserved 1069056K
  class space    used 2386K, capacity 2489K, committed 2560K, reserved 1048576K
}

Deoptimization events (10 events):
Event: 0,747 Thread 0x00007f2e6000b000 Uncommon trap: reason=unstable_if action=reinterpret pc=0x00007f2e51435598 method=sun.reflect.annotation.AnnotationInvocationHandler.invoke(Ljava/lang/Object;Ljava/lang/reflect/Method;[Ljava/lang/Object;)Ljava/lang/Object; @ 255
Event: 0,788 Thread 0x00007f2e6000b000 Uncommon trap: reason=class_check action=maybe_recompile pc=0x00007f2e5138f040 method=java.util.Collections$UnmodifiableCollection.size()I @ 4
Event: 0,788 Thread 0x00007f2e6000b000 Uncommon trap: reason=class_check action=maybe_recompile pc=0x00007f2e5139363c method=java.util.Collections$UnmodifiableList.get(I)Ljava/lang/Object; @ 5
Event: 0,788 Thread 0x00007f2e6000b000 Uncommon trap: reason=class_check action=maybe_recompile pc=0x00007f2e5139363c method=java.util.Collections$UnmodifiableList.get(I)Ljava/lang/Object; @ 5
Event: 0,788 Thread 0x00007f2e6000b000 Uncommon trap: reason=class_check action=maybe_recompile pc=0x00007f2e5138f040 method=java.util.Collections$UnmodifiableCollection.size()I @ 4
Event: 0,788 Thread 0x00007f2e6000b000 Uncommon trap: reason=class_check action=maybe_recompile pc=0x00007f2e5139363c method=java.util.Collections$UnmodifiableList.get(I)Ljava/lang/Object; @ 5
Event: 0,788 Thread 0x00007f2e6000b000 Uncommon trap: reason=class_check action=maybe_recompile pc=0x00007f2e5139363c method=java.util.Collections$UnmodifiableList.get(I)Ljava/lang/Object; @ 5
Event: 1,052 Thread 0x00007f2e6000b000 Uncommon trap: reason=unstable_if action=reinterpret pc=0x00007f2e515319d8 method=org.jetbrains.kotlin.com.intellij.openapi.vfs.impl.ZipEntryMap.isTheOne(Lorg/jetbrains/kotlin/com/intellij/openapi/vfs/impl/ArchiveHandler$EntryInfo;Ljava/lang/CharSequence;
Event: 1,095 Thread 0x00007f2e6000b000 Uncommon trap: reason=unstable_if action=reinterpret pc=0x00007f2e51539544 method=org.jetbrains.kotlin.com.intellij.openapi.vfs.impl.ZipEntryMap.get(Ljava/lang/Object;)Lorg/jetbrains/kotlin/com/intellij/openapi/vfs/impl/ArchiveHandler$EntryInfo; @ 61
Event: 1,095 Thread 0x00007f2e6000b000 Uncommon trap: reason=unstable_if action=reinterpret pc=0x00007f2e51533374 method=org.jetbrains.kotlin.com.intellij.openapi.vfs.impl.ZipEntryMap.get(Ljava/lang/Object;)Lorg/jetbrains/kotlin/com/intellij/openapi/vfs/impl/ArchiveHandler$EntryInfo; @ 61

Classes redefined (0 events):
No events

Internal exceptions (10 events):
Event: 0,099 Thread 0x00007f2e6000b000 Exception <a 'java/security/PrivilegedActionException'> (0x000000076ce1e2c8) thrown at [/buildbot/src/googleplex-android/openjdk/out/hotspot/src/share/vm/prims/jvm.cpp, line 1502]
Event: 0,136 Thread 0x00007f2e6000b000 Exception <a 'java/lang/UnsatisfiedLinkError': org.jetbrains.kotlin.org.fusesource.jansi.internal.CLibrary.init()V> (0x000000076ce8e5f0) thrown at [/buildbot/src/googleplex-android/openjdk/out/hotspot/src/share/vm/prims/nativeLookup.cpp, line 378]
Event: 0,136 Thread 0x00007f2e6000b000 Exception <a 'java/lang/UnsatisfiedLinkError'> (0x000000076ce8e5f0) thrown at [/buildbot/src/googleplex-android/openjdk/out/hotspot/src/share/vm/oops/instanceKlass.cpp, line 960]
Event: 0,347 Thread 0x00007f2e6000b000 Exception <a 'java/lang/ArrayIndexOutOfBoundsException'> (0x000000076e731c28) thrown at [/buildbot/src/googleplex-android/openjdk/out/hotspot/src/share/vm/runtime/sharedRuntime.cpp, line 605]
Event: 0,442 Thread 0x00007f2e6000b000 Exception <a 'java/lang/ArrayIndexOutOfBoundsException'> (0x000000076f094d28) thrown at [/buildbot/src/googleplex-android/openjdk/out/hotspot/src/share/vm/runtime/sharedRuntime.cpp, line 605]
Event: 0,686 Thread 0x00007f2e6000b000 Exception <a 'java/lang/NoSuchMethodError': java.lang.Object.lambda$comparing$77a9974f$1(Ljava/util/function/Function;Ljava/lang/Object;Ljava/lang/Object;)I> (0x000000076ceaed98) thrown at [/buildbot/src/googleplex-android/openjdk/out/hotspot/src/share/vm
Event: 0,693 Thread 0x00007f2e6000b000 Exception <a 'java/lang/NoSuchMethodError': java.lang.Object.lambda$static$0()J> (0x000000076cfb14b0) thrown at [/buildbot/src/googleplex-android/openjdk/out/hotspot/src/share/vm/interpreter/linkResolver.cpp, line 620]
Event: 0,767 Thread 0x00007f2e6000b000 Exception <a 'java/lang/NoSuchMethodError': java.lang.Object.lambda$static$0(I)[Lorg/jetbrains/kotlin/com/intellij/openapi/editor/event/DocumentListener;> (0x000000076d6fb7e0) thrown at [/buildbot/src/googleplex-android/openjdk/out/hotspot/src/share/vm/in
Event: 0,782 Thread 0x00007f2e6000b000 Exception <a 'java/lang/NoSuchMethodError': java.lang.Object.lambda$static$0(I)[Lorg/jetbrains/kotlin/com/intellij/psi/PsiAnnotation;> (0x000000076d9175b8) thrown at [/buildbot/src/googleplex-android/openjdk/out/hotspot/src/share/vm/interpreter/linkResolv
Event: 0,927 Thread 0x00007f2e6000b000 Exception <a 'java/lang/NoSuchMethodError': java.lang.Object.lambda$static$0(I)[Lorg/jetbrains/kotlin/com/intellij/psi/PsiElement;> (0x000000076cb689e0) thrown at [/buildbot/src/googleplex-android/openjdk/out/hotspot/src/share/vm/interpreter/linkResolver.

Events (10 events):
Event: 1,340 loading class org/jetbrains/kotlin/cli/jvm/JvmRuntimeVersionsConsistencyChecker$FileKind$Irrelevant
Event: 1,340 loading class org/jetbrains/kotlin/cli/jvm/JvmRuntimeVersionsConsistencyChecker$FileKind$Irrelevant done
Event: 1,340 loading class org/jetbrains/kotlin/cli/jvm/JvmRuntimeVersionsConsistencyChecker$FileKind
Event: 1,340 loading class org/jetbrains/kotlin/cli/jvm/JvmRuntimeVersionsConsistencyChecker$FileKind done
Event: 1,341 loading class org/jetbrains/kotlin/cli/jvm/JvmRuntimeVersionsConsistencyChecker$FileKind$Runtime
Event: 1,341 loading class org/jetbrains/kotlin/cli/jvm/JvmRuntimeVersionsConsistencyChecker$FileKind$Runtime done
Event: 1,342 loading class org/jetbrains/kotlin/com/intellij/openapi/vfs/VfsUtilCore
Event: 1,342 loading class org/jetbrains/kotlin/com/intellij/openapi/vfs/VfsUtilCore done
Event: 1,342 loading class org/jetbrains/kotlin/com/intellij/openapi/vfs/VirtualFileVisitor
Event: 1,342 loading class org/jetbrains/kotlin/com/intellij/openapi/vfs/VirtualFileVisitor done


Dynamic libraries:
00400000-00401000 r-xp 00000000 08:00 1609073                            /home/matze/android-studio/jre/jre/bin/java
00401000-00402000 r--p 00000000 08:00 1609073                            /home/matze/android-studio/jre/jre/bin/java
00402000-00403000 rw-p 00001000 08:00 1609073                            /home/matze/android-studio/jre/jre/bin/java
00f8d000-00fae000 rw-p 00000000 00:00 0                                  [heap]
6c5a00000-6cc680000 rw-p 00000000 00:00 0 
6cc680000-76c900000 ---p 00000000 00:00 0 
76c900000-775c00000 rw-p 00000000 00:00 0 
775c00000-7c0000000 ---p 00000000 00:00 0 
7c0000000-7c02c0000 rw-p 00000000 00:00 0 
7c02c0000-800000000 ---p 00000000 00:00 0 
7f2de0000000-7f2de0021000 rw-p 00000000 00:00 0 
7f2de0021000-7f2de4000000 ---p 00000000 00:00 0 
7f2de4000000-7f2de4021000 rw-p 00000000 00:00 0 
7f2de4021000-7f2de8000000 ---p 00000000 00:00 0 
7f2de8000000-7f2de88d6000 rw-p 00000000 00:00 0 
7f2de88d6000-7f2dec000000 ---p 00000000 00:00 0 
7f2dec000000-7f2dec2f3000 rw-p 00000000 00:00 0 
7f2dec2f3000-7f2df0000000 ---p 00000000 00:00 0 
7f2df0000000-7f2df0298000 rw-p 00000000 00:00 0 
7f2df0298000-7f2df4000000 ---p 00000000 00:00 0 
7f2df4000000-7f2df4a61000 rw-p 00000000 00:00 0 
7f2df4a61000-7f2df8000000 ---p 00000000 00:00 0 
7f2df8000000-7f2df8021000 rw-p 00000000 00:00 0 
7f2df8021000-7f2dfc000000 ---p 00000000 00:00 0 
7f2dfc000000-7f2dfc021000 rw-p 00000000 00:00 0 
7f2dfc021000-7f2e00000000 ---p 00000000 00:00 0 
7f2e00000000-7f2e00021000 rw-p 00000000 00:00 0 
7f2e00021000-7f2e04000000 ---p 00000000 00:00 0 
7f2e04000000-7f2e04021000 rw-p 00000000 00:00 0 
7f2e04021000-7f2e08000000 ---p 00000000 00:00 0 
7f2e08000000-7f2e08021000 rw-p 00000000 00:00 0 
7f2e08021000-7f2e0c000000 ---p 00000000 00:00 0 
7f2e10000000-7f2e10021000 rw-p 00000000 00:00 0 
7f2e10021000-7f2e14000000 ---p 00000000 00:00 0 
7f2e142d0000-7f2e1c000000 rw-p 00000000 00:00 0 
7f2e1c000000-7f2e1c021000 rw-p 00000000 00:00 0 
7f2e1c021000-7f2e20000000 ---p 00000000 00:00 0 
7f2e20000000-7f2e20021000 rw-p 00000000 00:00 0 
7f2e20021000-7f2e24000000 ---p 00000000 00:00 0 
7f2e24000000-7f2e24021000 rw-p 00000000 00:00 0 
7f2e24021000-7f2e28000000 ---p 00000000 00:00 0 
7f2e2c000000-7f2e2c021000 rw-p 00000000 00:00 0 
7f2e2c021000-7f2e30000000 ---p 00000000 00:00 0 
7f2e34000000-7f2e34021000 rw-p 00000000 00:00 0 
7f2e34021000-7f2e38000000 ---p 00000000 00:00 0 
7f2e3c000000-7f2e3c021000 rw-p 00000000 00:00 0 
7f2e3c021000-7f2e40000000 ---p 00000000 00:00 0 
7f2e40ce1000-7f2e40dff000 r--s 01364000 08:00 1615004                    /home/matze/Android/Sdk/platforms/android-30/android.jar
7f2e40dff000-7f2e40fff000 rw-p 00000000 00:00 0 
7f2e40fff000-7f2e44000000 rw-p 00000000 00:00 0 
7f2e44000000-7f2e44021000 rw-p 00000000 00:00 0 
7f2e44021000-7f2e48000000 ---p 00000000 00:00 0 
7f2e480cd000-7f2e480d5000 r--s 00027000 08:00 1968896                    /home/matze/.gradle/caches/transforms-2/files-2.1/af18517e77b1cc8b954224e707bf0e8f/jetified-kotlin-stdlib-common-1.4.10.jar
7f2e480d5000-7f2e480ea000 r--s 00157000 08:00 1968945                    /home/matze/.gradle/caches/transforms-2/files-2.1/c49d1726eb9fe83087a623f47532d1b9/jetified-kotlin-stdlib-1.4.10.jar
7f2e480ea000-7f2e48105000 r--s 0017d000 08:00 1969989                    /home/matze/.gradle/caches/transforms-2/files-2.1/f4b793e89b51d7ccddad590a49c3a5de/jetified-kotlinx-coroutines-core-jvm-1.3.9.jar
7f2e48107000-7f2e4810f000 r--s 0007d000 08:00 1874985                    /home/matze/.gradle/caches/transforms-2/files-2.1/8151d15e484f04d562aae8ca9a63a4ae/jetified-core-3.2.1.jar
7f2e4810f000-7f2e48113000 r--s 00035000 08:00 1968672                    /home/matze/.gradle/caches/modules-2/files-2.1/androidx.constraintlayout/constraintlayout-solver/2.0.2/18fb204d40a3bb60d9e797f25912adad32b5e2ad/constraintlayout-solver-2.0.2.jar
7f2e48113000-7f2e48115000 r--s 00005000 08:00 1967677                    /home/matze/.gradle/caches/modules-2/files-2.1/androidx.annotation/annotation/1.1.0/e3a6fb2f40e3a3842e6b7472628ba4ce416ea4c8/annotation-1.1.0.jar
7f2e48117000-7f2e48119000 r--s 00003000 08:00 1968914                    /home/matze/.gradle/caches/transforms-2/files-2.1/ec637c56cd7b168c29bdbb4d069b7ed9/jetified-annotations-13.0.jar
7f2e48119000-7f2e48319000 rw-p 00000000 00:00 0 
7f2e48319000-7f2e48519000 rw-p 00000000 00:00 0 
7f2e48519000-7f2e48522000 r--s 00070000 08:00 1968781                    /home/matze/.gradle/caches/modules-2/files-2.1/org.jetbrains.kotlin/kotlin-android-extensions/1.4.10/acb62fa5f5ddd0ee4aa1f55e35fa803e114156c9/kotlin-android-extensions-1.4.10.jar
7f2e48522000-7f2e48722000 rw-p 00000000 00:00 0 
7f2e48722000-7f2e48922000 rw-p 00000000 00:00 0 
7f2e48922000-7f2e48b22000 rw-p 00000000 00:00 0 
7f2e48b22000-7f2e48b25000 r-xp 00000000 08:24 1838714                    /tmp/libjansi-1.4.10-release-411 (1.4.10)-7977330469874367432.so
7f2e48b25000-7f2e48d24000 ---p 00003000 08:24 1838714                    /tmp/libjansi-1.4.10-release-411 (1.4.10)-7977330469874367432.so
7f2e48d24000-7f2e48d25000 rw-p 00002000 08:24 1838714                    /tmp/libjansi-1.4.10-release-411 (1.4.10)-7977330469874367432.so
7f2e48d25000-7f2e48d9f000 r--s 01104000 08:00 1608901                    /home/matze/android-studio/jre/lib/tools.jar
7f2e48d9f000-7f2e48da7000 r--s 00027000 08:00 1968804                    /home/matze/.gradle/caches/modules-2/files-2.1/org.jetbrains.kotlin/kotlin-stdlib-common/1.4.10/6229be3465805c99db1142ad75e6c6ddeac0b04c/kotlin-stdlib-common-1.4.10.jar
7f2e48da7000-7f2e48db5000 r--s 000a5000 08:00 1968805                    /home/matze/.gradle/caches/modules-2/files-2.1/org.jetbrains.kotlin/kotlin-daemon-embeddable/1.4.10/dbd67f42bed28043d17d7c860b06110a00a45970/kotlin-daemon-embeddable-1.4.10.jar
7f2e48db5000-7f2e48dca000 r--s 00157000 08:00 1968797                    /home/matze/.gradle/caches/modules-2/files-2.1/org.jetbrains.kotlin/kotlin-stdlib/1.4.10/ea29e063d2bbe695be13e9d044dcfb0c7add398e/kotlin-stdlib-1.4.10.jar
7f2e48dca000-7f2e48e05000 r--s 00288000 08:00 1968794                    /home/matze/.gradle/caches/modules-2/files-2.1/org.jetbrains.kotlin/kotlin-reflect/1.4.10/e2b3c6695eee6085e606d96d685396dce23a3a06/kotlin-reflect-1.4.10.jar
7f2e48e05000-7f2e48e1c000 r-xp 00000000 08:00 1608990                    /home/matze/android-studio/jre/jre/lib/amd64/libnet.so
7f2e48e1c000-7f2e48e1d000 r--p 00016000 08:00 1608990                    /home/matze/android-studio/jre/jre/lib/amd64/libnet.so
7f2e48e1d000-7f2e48e1e000 rw-p 00017000 08:00 1608990                    /home/matze/android-studio/jre/jre/lib/amd64/libnet.so
7f2e48e1e000-7f2e48e2e000 r-xp 00000000 08:00 1609010                    /home/matze/android-studio/jre/jre/lib/amd64/libnio.so
7f2e48e2e000-7f2e48e2f000 ---p 00010000 08:00 1609010                    /home/matze/android-studio/jre/jre/lib/amd64/libnio.so
7f2e48e2f000-7f2e48e30000 r--p 00010000 08:00 1609010                    /home/matze/android-studio/jre/jre/lib/amd64/libnio.so
7f2e48e30000-7f2e48e31000 rw-p 00011000 08:00 1609010                    /home/matze/android-studio/jre/jre/lib/amd64/libnio.so
7f2e48e31000-7f2e48e87000 rw-p 00000000 00:00 0 
7f2e48e87000-7f2e4910c000 r--s 02629000 08:00 1968810                    /home/matze/.gradle/caches/modules-2/files-2.1/org.jetbrains.kotlin/kotlin-compiler-embeddable/1.4.10/38c4b99d5d5362debdd9302a866730379aa2328a/kotlin-compiler-embeddable-1.4.10.jar
7f2e4910c000-7f2e4910d000 ---p 00000000 00:00 0 
7f2e4910d000-7f2e4920d000 rw-p 00000000 00:00 0 
7f2e4920d000-7f2e49210000 ---p 00000000 00:00 0 
7f2e49210000-7f2e4930e000 rw-p 00000000 00:00 0 
7f2e4930e000-7f2e4930f000 ---p 00000000 00:00 0 
7f2e4930f000-7f2e49312000 ---p 00000000 00:00 0 
7f2e49312000-7f2e4940f000 rw-p 00000000 00:00 0 
7f2e4940f000-7f2e49410000 ---p 00000000 00:00 0 
7f2e49410000-7f2e49413000 ---p 00000000 00:00 0 
7f2e49413000-7f2e49510000 rw-p 00000000 00:00 0 
7f2e49510000-7f2e49511000 ---p 00000000 00:00 0 
7f2e49511000-7f2e49514000 ---p 00000000 00:00 0 
7f2e49514000-7f2e49611000 rw-p 00000000 00:00 0 
7f2e49611000-7f2e49612000 ---p 00000000 00:00 0 
7f2e49612000-7f2e49615000 ---p 00000000 00:00 0 
7f2e49615000-7f2e49712000 rw-p 00000000 00:00 0 
7f2e49712000-7f2e49715000 ---p 00000000 00:00 0 
7f2e49715000-7f2e49813000 rw-p 00000000 00:00 0 
7f2e49813000-7f2e49dd7000 r--p 00000000 08:24 3021763                    /usr/lib/locale/locale-archive
7f2e49dd7000-7f2e49dda000 ---p 00000000 00:00 0 
7f2e49dda000-7f2e49ed8000 rw-p 00000000 00:00 0 
7f2e49ed8000-7f2e49edb000 ---p 00000000 00:00 0 
7f2e49edb000-7f2e49fd9000 rw-p 00000000 00:00 0 
7f2e49fd9000-7f2e49fda000 ---p 00000000 00:00 0 
7f2e49fda000-7f2e4c000000 rw-p 00000000 00:00 0 
7f2e4c000000-7f2e4c021000 rw-p 00000000 00:00 0 
7f2e4c021000-7f2e50000000 ---p 00000000 00:00 0 
7f2e50000000-7f2e50001000 r--s 00002000 08:00 1967673                    /home/matze/.gradle/caches/modules-2/files-2.1/androidx.arch.core/core-common/2.1.0/b3152fc64428c9354344bd89848ecddc09b6f07e/core-common-2.1.0.jar
7f2e50001000-7f2e5000c000 r--s 00081000 08:00 1894496                    /home/matze/.gradle/caches/modules-2/files-2.1/org.jetbrains.intellij.deps/trove4j/1.0.20181211/216c2e14b070f334479d800987affe4054cd563f/trove4j-1.0.20181211.jar
7f2e5000c000-7f2e51000000 rw-p 00000000 00:00 0 
7f2e51000000-7f2e51570000 rwxp 00000000 00:00 0 
7f2e51570000-7f2e60000000 ---p 00000000 00:00 0 
7f2e60000000-7f2e60ae4000 rw-p 00000000 00:00 0 
7f2e60ae4000-7f2e64000000 ---p 00000000 00:00 0 
7f2e64000000-7f2e64002000 r--s 00004000 08:00 1967656                    /home/matze/.gradle/caches/modules-2/files-2.1/androidx.lifecycle/lifecycle-common/2.1.0/c67e7807d9cd6c329b9d0218b2ec4e505dd340b7/lifecycle-common-2.1.0.jar
7f2e64002000-7f2e64003000 r--s 0000a000 08:00 1967670                    /home/matze/.gradle/caches/modules-2/files-2.1/androidx.collection/collection/1.1.0/1f27220b47669781457de0d600849a5de0e89909/collection-1.1.0.jar
7f2e64004000-7f2e64397000 rw-p 00000000 00:00 0 
7f2e64397000-7f2e6456a000 r--s 03cdf000 08:00 1609025                    /home/matze/android-studio/jre/jre/lib/rt.jar
7f2e6456a000-7f2e646b2000 rw-p 00000000 00:00 0 
7f2e646b2000-7f2e646b3000 ---p 00000000 00:00 0 
7f2e646b3000-7f2e647b3000 rw-p 00000000 00:00 0 
7f2e647b3000-7f2e647b4000 ---p 00000000 00:00 0 
7f2e647b4000-7f2e648b4000 rw-p 00000000 00:00 0 
7f2e648b4000-7f2e648b5000 ---p 00000000 00:00 0 
7f2e648b5000-7f2e649b5000 rw-p 00000000 00:00 0 
7f2e649b5000-7f2e649b6000 ---p 00000000 00:00 0 
7f2e649b6000-7f2e64ab6000 rw-p 00000000 00:00 0 
7f2e64ab6000-7f2e64ab7000 ---p 00000000 00:00 0 
7f2e64ab7000-7f2e64bb7000 rw-p 00000000 00:00 0 
7f2e64bb7000-7f2e64bb8000 ---p 00000000 00:00 0 
7f2e64bb8000-7f2e64cb8000 rw-p 00000000 00:00 0 
7f2e64cb8000-7f2e64cb9000 ---p 00000000 00:00 0 
7f2e64cb9000-7f2e64db9000 rw-p 00000000 00:00 0 
7f2e64db9000-7f2e64dba000 ---p 00000000 00:00 0 
7f2e64dba000-7f2e64eba000 rw-p 00000000 00:00 0 
7f2e64eba000-7f2e64ebb000 ---p 00000000 00:00 0 
7f2e64ebb000-7f2e64fbb000 rw-p 00000000 00:00 0 
7f2e64fbb000-7f2e64fbc000 ---p 00000000 00:00 0 
7f2e64fbc000-7f2e650f3000 rw-p 00000000 00:00 0 
7f2e650f3000-7f2e655f4000 ---p 00000000 00:00 0 
7f2e655f4000-7f2e6562b000 rw-p 00000000 00:00 0 
7f2e6562b000-7f2e65b2b000 ---p 00000000 00:00 0 
7f2e65b2b000-7f2e65b75000 rw-p 00000000 00:00 0 
7f2e65b75000-7f2e65dc7000 ---p 00000000 00:00 0 
7f2e65dc7000-7f2e65dde000 rw-p 00000000 00:00 0 
7f2e65dde000-7f2e66188000 ---p 00000000 00:00 0 
7f2e66188000-7f2e6618b000 r--p 00000000 08:24 3022774                    /usr/lib/x86_64-linux-gnu/libnss_files-2.31.so
7f2e6618b000-7f2e66192000 r-xp 00003000 08:24 3022774                    /usr/lib/x86_64-linux-gnu/libnss_files-2.31.so
7f2e66192000-7f2e66194000 r--p 0000a000 08:24 3022774                    /usr/lib/x86_64-linux-gnu/libnss_files-2.31.so
7f2e66194000-7f2e66195000 r--p 0000b000 08:24 3022774                    /usr/lib/x86_64-linux-gnu/libnss_files-2.31.so
7f2e66195000-7f2e66196000 rw-p 0000c000 08:24 3022774                    /usr/lib/x86_64-linux-gnu/libnss_files-2.31.so
7f2e66196000-7f2e6619c000 rw-p 00000000 00:00 0 
7f2e6619c000-7f2e6619d000 r--p 00000000 08:24 3022783                    /usr/lib/x86_64-linux-gnu/libutil-2.31.so
7f2e6619d000-7f2e6619e000 r-xp 00001000 08:24 3022783                    /usr/lib/x86_64-linux-gnu/libutil-2.31.so
7f2e6619e000-7f2e6619f000 r--p 00002000 08:24 3022783                    /usr/lib/x86_64-linux-gnu/libutil-2.31.so
7f2e6619f000-7f2e661a0000 r--p 00002000 08:24 3022783                    /usr/lib/x86_64-linux-gnu/libutil-2.31.so
7f2e661a0000-7f2e661a1000 rw-p 00003000 08:24 3022783                    /usr/lib/x86_64-linux-gnu/libutil-2.31.so
7f2e661a1000-7f2e661bc000 r-xp 00000000 08:00 1608986                    /home/matze/android-studio/jre/jre/lib/amd64/libzip.so
7f2e661bc000-7f2e661bd000 r--p 0001a000 08:00 1608986                    /home/matze/android-studio/jre/jre/lib/amd64/libzip.so
7f2e661bd000-7f2e661be000 rw-p 0001b000 08:00 1608986                    /home/matze/android-studio/jre/jre/lib/amd64/libzip.so
7f2e661be000-7f2e661e6000 r-xp 00000000 08:00 1608994                    /home/matze/android-studio/jre/jre/lib/amd64/libjava.so
7f2e661e6000-7f2e661e7000 r--p 00027000 08:00 1608994                    /home/matze/android-studio/jre/jre/lib/amd64/libjava.so
7f2e661e7000-7f2e661e9000 rw-p 00028000 08:00 1608994                    /home/matze/android-studio/jre/jre/lib/amd64/libjava.so
7f2e661e9000-7f2e661ec000 r--p 00000000 08:24 3022781                    /usr/lib/x86_64-linux-gnu/librt-2.31.so
7f2e661ec000-7f2e661f0000 r-xp 00003000 08:24 3022781                    /usr/lib/x86_64-linux-gnu/librt-2.31.so
7f2e661f0000-7f2e661f1000 r--p 00007000 08:24 3022781                    /usr/lib/x86_64-linux-gnu/librt-2.31.so
7f2e661f1000-7f2e661f2000 ---p 00008000 08:24 3022781                    /usr/lib/x86_64-linux-gnu/librt-2.31.so
7f2e661f2000-7f2e661f3000 r--p 00008000 08:24 3022781                    /usr/lib/x86_64-linux-gnu/librt-2.31.so
7f2e661f3000-7f2e661f4000 rw-p 00009000 08:24 3022781                    /usr/lib/x86_64-linux-gnu/librt-2.31.so
7f2e661f4000-7f2e661f5000 ---p 00000000 00:00 0 
7f2e661f5000-7f2e661f8000 ---p 00000000 00:00 0 
7f2e661f8000-7f2e662f5000 rw-p 00000000 00:00 0 
7f2e662f5000-7f2e66304000 r--p 00000000 08:24 3022768                    /usr/lib/x86_64-linux-gnu/libm-2.31.so
7f2e66304000-7f2e663ab000 r-xp 0000f000 08:24 3022768                    /usr/lib/x86_64-linux-gnu/libm-2.31.so
7f2e663ab000-7f2e66442000 r--p 000b6000 08:24 3022768                    /usr/lib/x86_64-linux-gnu/libm-2.31.so
7f2e66442000-7f2e66443000 r--p 0014c000 08:24 3022768                    /usr/lib/x86_64-linux-gnu/libm-2.31.so
7f2e66443000-7f2e66444000 rw-p 0014d000 08:24 3022768                    /usr/lib/x86_64-linux-gnu/libm-2.31.so
7f2e66444000-7f2e67073000 r-xp 00000000 08:00 1609003                    /home/matze/android-studio/jre/jre/lib/amd64/server/libjvm.so
7f2e67073000-7f2e6711b000 r--p 00c2e000 08:00 1609003                    /home/matze/android-studio/jre/jre/lib/amd64/server/libjvm.so
7f2e6711b000-7f2e67144000 rw-p 00cd6000 08:00 1609003                    /home/matze/android-studio/jre/jre/lib/amd64/server/libjvm.so
7f2e67144000-7f2e6718a000 rw-p 00000000 00:00 0 
7f2e6718a000-7f2e671af000 r--p 00000000 08:24 3022766                    /usr/lib/x86_64-linux-gnu/libc-2.31.so
7f2e671af000-7f2e67327000 r-xp 00025000 08:24 3022766                    /usr/lib/x86_64-linux-gnu/libc-2.31.so
7f2e67327000-7f2e67371000 r--p 0019d000 08:24 3022766                    /usr/lib/x86_64-linux-gnu/libc-2.31.so
7f2e67371000-7f2e67372000 ---p 001e7000 08:24 3022766                    /usr/lib/x86_64-linux-gnu/libc-2.31.so
7f2e67372000-7f2e67375000 r--p 001e7000 08:24 3022766                    /usr/lib/x86_64-linux-gnu/libc-2.31.so
7f2e67375000-7f2e67378000 rw-p 001ea000 08:24 3022766                    /usr/lib/x86_64-linux-gnu/libc-2.31.so
7f2e67378000-7f2e6737c000 rw-p 00000000 00:00 0 
7f2e6737c000-7f2e6737d000 r--p 00000000 08:24 3022767                    /usr/lib/x86_64-linux-gnu/libdl-2.31.so
7f2e6737d000-7f2e6737f000 r-xp 00001000 08:24 3022767                    /usr/lib/x86_64-linux-gnu/libdl-2.31.so
7f2e6737f000-7f2e67380000 r--p 00003000 08:24 3022767                    /usr/lib/x86_64-linux-gnu/libdl-2.31.so
7f2e67380000-7f2e67381000 r--p 00003000 08:24 3022767                    /usr/lib/x86_64-linux-gnu/libdl-2.31.so
7f2e67381000-7f2e67382000 rw-p 00004000 08:24 3022767                    /usr/lib/x86_64-linux-gnu/libdl-2.31.so
7f2e67382000-7f2e67398000 r-xp 00000000 08:00 1608974                    /home/matze/android-studio/jre/jre/lib/amd64/jli/libjli.so
7f2e67398000-7f2e67399000 r--p 00015000 08:00 1608974                    /home/matze/android-studio/jre/jre/lib/amd64/jli/libjli.so
7f2e67399000-7f2e6739a000 rw-p 00016000 08:00 1608974                    /home/matze/android-studio/jre/jre/lib/amd64/jli/libjli.so
7f2e6739a000-7f2e673a1000 r--p 00000000 08:24 3022779                    /usr/lib/x86_64-linux-gnu/libpthread-2.31.so
7f2e673a1000-7f2e673b2000 r-xp 00007000 08:24 3022779                    /usr/lib/x86_64-linux-gnu/libpthread-2.31.so
7f2e673b2000-7f2e673b7000 r--p 00018000 08:24 3022779                    /usr/lib/x86_64-linux-gnu/libpthread-2.31.so
7f2e673b7000-7f2e673b8000 r--p 0001c000 08:24 3022779                    /usr/lib/x86_64-linux-gnu/libpthread-2.31.so
7f2e673b8000-7f2e673b9000 rw-p 0001d000 08:24 3022779                    /usr/lib/x86_64-linux-gnu/libpthread-2.31.so
7f2e673b9000-7f2e673bd000 rw-p 00000000 00:00 0 
7f2e673bd000-7f2e673c2000 r--s 000a3000 08:00 1609038                    /home/matze/android-studio/jre/jre/lib/jsse.jar
7f2e673c2000-7f2e673c4000 r--s 00003000 08:00 1894495                    /home/matze/.gradle/caches/modules-2/files-2.1/org.jetbrains/annotations/13.0/919f0dfe192fb4e063e7dacadee7f8bb9a2672a9/annotations-13.0.jar
7f2e673c4000-7f2e673c6000 r--s 00009000 08:00 1968799                    /home/matze/.gradle/caches/modules-2/files-2.1/org.jetbrains.kotlin/kotlin-script-runtime/1.4.10/7c19d9c2001e016cd7664cebe9eea66fc04a7f4f/kotlin-script-runtime-1.4.10.jar
7f2e673c6000-7f2e673ce000 rw-s 00000000 08:24 1838709                    /tmp/hsperfdata_matze/14817
7f2e673ce000-7f2e673cf000 rw-p 00000000 00:00 0 
7f2e673cf000-7f2e673dc000 r-xp 00000000 08:00 1608982                    /home/matze/android-studio/jre/jre/lib/amd64/libverify.so
7f2e673dc000-7f2e673de000 r--p 0000c000 08:00 1608982                    /home/matze/android-studio/jre/jre/lib/amd64/libverify.so
7f2e673de000-7f2e673df000 rw-p 0000e000 08:00 1608982                    /home/matze/android-studio/jre/jre/lib/amd64/libverify.so
7f2e673df000-7f2e673e1000 rw-p 00000000 00:00 0 
7f2e673e1000-7f2e673e2000 r--p 00000000 08:24 3020617                    /usr/lib/x86_64-linux-gnu/ld-2.31.so
7f2e673e2000-7f2e67405000 r-xp 00001000 08:24 3020617                    /usr/lib/x86_64-linux-gnu/ld-2.31.so
7f2e67405000-7f2e6740d000 r--p 00024000 08:24 3020617                    /usr/lib/x86_64-linux-gnu/ld-2.31.so
7f2e6740d000-7f2e6740e000 r--p 00000000 00:00 0 
7f2e6740e000-7f2e6740f000 r--p 0002c000 08:24 3020617                    /usr/lib/x86_64-linux-gnu/ld-2.31.so
7f2e6740f000-7f2e67410000 rw-p 0002d000 08:24 3020617                    /usr/lib/x86_64-linux-gnu/ld-2.31.so
7f2e67410000-7f2e67411000 rw-p 00000000 00:00 0 
7ffd3a3c3000-7ffd3a3e4000 rw-p 00000000 00:00 0                          [stack]
7ffd3a3ea000-7ffd3a3ed000 r--p 00000000 00:00 0                          [vvar]
7ffd3a3ed000-7ffd3a3ee000 r-xp 00000000 00:00 0                          [vdso]
ffffffffff600000-ffffffffff601000 --xp 00000000 00:00 0                  [vsyscall]

VM Arguments:
java_command: org.jetbrains.kotlin.cli.jvm.K2JVMCompiler @/home/matze/Documents/Programming/Android/Splitter/app/build/20201113_8790049781153976393.compiler.options
java_class_path (initial): /home/matze/.gradle/caches/modules-2/files-2.1/org.jetbrains.kotlin/kotlin-compiler-embeddable/1.4.10/38c4b99d5d5362debdd9302a866730379aa2328a/kotlin-compiler-embeddable-1.4.10.jar:/home/matze/.gradle/caches/modules-2/files-2.1/org.jetbrains.kotlin/kotlin-reflect/1.4.10/e2b3c6695eee6085e606d96d685396dce23a3a06/kotlin-reflect-1.4.10.jar:/home/matze/.gradle/caches/modules-2/files-2.1/org.jetbrains.kotlin/kotlin-stdlib/1.4.10/ea29e063d2bbe695be13e9d044dcfb0c7add398e/kotlin-stdlib-1.4.10.jar:/home/matze/.gradle/caches/modules-2/files-2.1/org.jetbrains.kotlin/kotlin-script-runtime/1.4.10/7c19d9c2001e016cd7664cebe9eea66fc04a7f4f/kotlin-script-runtime-1.4.10.jar:/home/matze/.gradle/caches/modules-2/files-2.1/org.jetbrains.kotlin/kotlin-daemon-embeddable/1.4.10/dbd67f42bed28043d17d7c860b06110a00a45970/kotlin-daemon-embeddable-1.4.10.jar:/home/matze/.gradle/caches/modules-2/files-2.1/org.jetbrains.intellij.deps/trove4j/1.0.20181211/216c2e14b070f334479d800987affe4054cd563f/trove4j-1.0.20181211.jar:/home/matze/.gradle/caches/modules-2/files-2.1/org.jetbrains.kotlin/kotlin-stdlib-common/1.4.10/6229be3465805c99db1142ad75e6c6ddeac0b04c/kotlin-stdlib-common-1.4.10.jar:/home/matze/.gradle/caches/modules-2/files-2.1/org.jetbrains/annotations/13.0/919f0dfe192fb4e063e7dacadee7f8bb9a2672a9/annotations-13.0.jar:/home/matze/android-studio/jre/lib/tools.jar
Launcher Type: SUN_STANDARD

Environment Variables:
PATH=/home/matze/.local/bin:/home/matze/.cabal/bin:/home/matze/.cargo/bin:/usr/local/sbin:/usr/local/bin:/usr/sbin:/usr/bin:/sbin:/bin:/usr/games:/usr/local/games:/snap/bin
SHELL=/bin/zsh
DISPLAY=:0

Signal Handlers:
SIGSEGV: [libjvm.so+0xa13c80], sa_mask[0]=11111111011111111101111111111110, sa_flags=SA_RESTART|SA_SIGINFO
SIGBUS: [libjvm.so+0xa13c80], sa_mask[0]=11111111011111111101111111111110, sa_flags=SA_RESTART|SA_SIGINFO
SIGFPE: [libjvm.so+0x874670], sa_mask[0]=11111111011111111101111111111110, sa_flags=SA_RESTART|SA_SIGINFO
SIGPIPE: [libjvm.so+0x874670], sa_mask[0]=11111111011111111101111111111110, sa_flags=SA_RESTART|SA_SIGINFO
SIGXFSZ: [libjvm.so+0x874670], sa_mask[0]=11111111011111111101111111111110, sa_flags=SA_RESTART|SA_SIGINFO
SIGILL: [libjvm.so+0x874670], sa_mask[0]=11111111011111111101111111111110, sa_flags=SA_RESTART|SA_SIGINFO
SIGUSR1: SIG_DFL, sa_mask[0]=00000000000000000000000000000000, sa_flags=none
SIGUSR2: [libjvm.so+0x874540], sa_mask[0]=00100000000000000000000000000000, sa_flags=SA_RESTART|SA_SIGINFO
SIGHUP: [libjvm.so+0x874730], sa_mask[0]=11111111011111111101111111111110, sa_flags=SA_RESTART|SA_SIGINFO
SIGINT: [libjvm.so+0x874730], sa_mask[0]=11111111011111111101111111111110, sa_flags=SA_RESTART|SA_SIGINFO
SIGTERM: [libjvm.so+0x874730], sa_mask[0]=11111111011111111101111111111110, sa_flags=SA_RESTART|SA_SIGINFO
SIGQUIT: [libjvm.so+0x874730], sa_mask[0]=11111111011111111101111111111110, sa_flags=SA_RESTART|SA_SIGINFO


---------------  S Y S T E M  ---------------

OS:DISTRIB_ID=Ubuntu
DISTRIB_RELEASE=20.04
DISTRIB_CODENAME=focal
DISTRIB_DESCRIPTION="Ubuntu 20.04.1 LTS"

uname:Linux 5.4.0-53-generic #59-Ubuntu SMP Wed Oct 21 09:38:44 UTC 2020 x86_64
libc:glibc 2.31 NPTL 2.31 
rlimit: STACK 8192k, CORE 0k, NPROC 63412, NOFILE 1048576, AS infinity
load average:1,76 2,10 1,33

/proc/meminfo:
MemTotal:       16404892 kB
MemFree:          158136 kB
MemAvailable:    8203124 kB
Buffers:          315360 kB
Cached:          7500796 kB
SwapCached:           68 kB
Active:         10255704 kB
Inactive:        4113812 kB
Active(anon):    6095484 kB
Inactive(anon):   824528 kB
Active(file):    4160220 kB
Inactive(file):  3289284 kB
Unevictable:          64 kB
Mlocked:              64 kB
SwapTotal:       1907708 kB
SwapFree:        1903868 kB
Dirty:            284600 kB
Writeback:          8288 kB
AnonPages:       6553272 kB
Mapped:          3964400 kB
Shmem:            374312 kB
KReclaimable:     933488 kB
Slab:            1276272 kB
SReclaimable:     933488 kB
SUnreclaim:       342784 kB
KernelStack:       25760 kB
PageTables:        55896 kB
NFS_Unstable:          0 kB
Bounce:                0 kB
WritebackTmp:          0 kB
CommitLimit:    10110152 kB
Committed_AS:   13311616 kB
VmallocTotal:   34359738367 kB
VmallocUsed:       78700 kB
VmallocChunk:          0 kB
Percpu:            35072 kB
HardwareCorrupted:     0 kB
AnonHugePages:         0 kB
ShmemHugePages:        0 kB
ShmemPmdMapped:        0 kB
FileHugePages:         0 kB
FilePmdMapped:         0 kB
CmaTotal:              0 kB
CmaFree:               0 kB
HugePages_Total:       0
HugePages_Free:        0
HugePages_Rsvd:        0
HugePages_Surp:        0
Hugepagesize:       2048 kB
Hugetlb:               0 kB
DirectMap4k:      930268 kB
DirectMap2M:    10551296 kB
DirectMap1G:     5242880 kB

container (cgroup) information:
container_type: cgroupv1
cpu_cpuset_cpus: 0-11
cpu_memory_nodes: 0
active_processor_count: 12
cpu_quota: -1
cpu_period: 100000
cpu_shares: -1
memory_limit_in_bytes: -1
memory_and_swap_limit_in_bytes: -2
memory_soft_limit_in_bytes: -1
memory_usage_in_bytes: 13066809344
memory_max_usage_in_bytes: 13464006656


CPU:total 12 (initial active 12) (12 cores per cpu, 1 threads per core) family 23 model 113 stepping 0, cmov, cx8, fxsr, mmx, sse, sse2, sse3, ssse3, sse4.1, sse4.2, popcnt, avx, avx2, aes, clmul, mmxext, 3dnowpref, lzcnt, sse4a, tsc, tscinvbit, tscinv, bmi1

/proc/cpuinfo:
processor	: 0
vendor_id	: AuthenticAMD
cpu family	: 23
model		: 113
model name	: AMD Ryzen 5 3600 6-Core Processor
stepping	: 0
microcode	: 0x8701021
cpu MHz		: 2511.128
cache size	: 512 KB
physical id	: 0
siblings	: 12
core id		: 0
cpu cores	: 6
apicid		: 0
initial apicid	: 0
fpu		: yes
fpu_exception	: yes
cpuid level	: 16
wp		: yes
flags		: fpu vme de pse tsc msr pae mce cx8 apic sep mtrr pge mca cmov pat pse36 clflush mmx fxsr sse sse2 ht syscall nx mmxext fxsr_opt pdpe1gb rdtscp lm constant_tsc rep_good nopl nonstop_tsc cpuid extd_apicid aperfmperf pni pclmulqdq monitor ssse3 fma cx16 sse4_1 sse4_2 movbe popcnt aes xsave avx f16c rdrand lahf_lm cmp_legacy svm extapic cr8_legacy abm sse4a misalignsse 3dnowprefetch osvw ibs skinit wdt tce topoext perfctr_core perfctr_nb bpext perfctr_llc mwaitx cpb cat_l3 cdp_l3 hw_pstate sme ssbd mba sev ibpb stibp vmmcall fsgsbase bmi1 avx2 smep bmi2 cqm rdt_a rdseed adx smap clflushopt clwb sha_ni xsaveopt xsavec xgetbv1 xsaves cqm_llc cqm_occup_llc cqm_mbm_total cqm_mbm_local clzero irperf xsaveerptr wbnoinvd arat npt lbrv svm_lock nrip_save tsc_scale vmcb_clean flushbyasid decodeassists pausefilter pfthreshold avic v_vmsave_vmload vgif umip rdpid overflow_recov succor smca
bugs		: sysret_ss_attrs spectre_v1 spectre_v2 spec_store_bypass
bogomips	: 7200.48
TLB size	: 3072 4K pages
clflush size	: 64
cache_alignment	: 64
address sizes	: 43 bits physical, 48 bits virtual
power management: ts ttp tm hwpstate cpb eff_freq_ro [13] [14]

processor	: 1
vendor_id	: AuthenticAMD
cpu family	: 23
model		: 113
model name	: AMD Ryzen 5 3600 6-Core Processor
stepping	: 0
microcode	: 0x8701021
cpu MHz		: 4078.220
cache size	: 512 KB
physical id	: 0
siblings	: 12
core id		: 1
cpu cores	: 6
apicid		: 2
initial apicid	: 2
fpu		: yes
fpu_exception	: yes
cpuid level	: 16
wp		: yes
flags		: fpu vme de pse tsc msr pae mce cx8 apic sep mtrr pge mca cmov pat pse36 clflush mmx fxsr sse sse2 ht syscall nx mmxext fxsr_opt pdpe1gb rdtscp lm constant_tsc rep_good nopl nonstop_tsc cpuid extd_apicid aperfmperf pni pclmulqdq monitor ssse3 fma cx16 sse4_1 sse4_2 movbe popcnt aes xsave avx f16c rdrand lahf_lm cmp_legacy svm extapic cr8_legacy abm sse4a misalignsse 3dnowprefetch osvw ibs skinit wdt tce topoext perfctr_core perfctr_nb bpext perfctr_llc mwaitx cpb cat_l3 cdp_l3 hw_pstate sme ssbd mba sev ibpb stibp vmmcall fsgsbase bmi1 avx2 smep bmi2 cqm rdt_a rdseed adx smap clflushopt clwb sha_ni xsaveopt xsavec xgetbv1 xsaves cqm_llc cqm_occup_llc cqm_mbm_total cqm_mbm_local clzero irperf xsaveerptr wbnoinvd arat npt lbrv svm_lock nrip_save tsc_scale vmcb_clean flushbyasid decodeassists pausefilter pfthreshold avic v_vmsave_vmload vgif umip rdpid overflow_recov succor smca
bugs		: sysret_ss_attrs spectre_v1 spectre_v2 spec_store_bypass
bogomips	: 7200.48
TLB size	: 3072 4K pages
clflush size	: 64
cache_alignment	: 64
address sizes	: 43 bits physical, 48 bits virtual
power management: ts ttp tm hwpstate cpb eff_freq_ro [13] [14]

processor	: 2
vendor_id	: AuthenticAMD
cpu family	: 23
model		: 113
model name	: AMD Ryzen 5 3600 6-Core Processor
stepping	: 0
microcode	: 0x8701021
cpu MHz		: 2729.583
cache size	: 512 KB
physical id	: 0
siblings	: 12
core id		: 2
cpu cores	: 6
apicid		: 4
initial apicid	: 4
fpu		: yes
fpu_exception	: yes
cpuid level	: 16
wp		: yes
flags		: fpu vme de pse tsc msr pae mce cx8 apic sep mtrr pge mca cmov pat pse36 clflush mmx fxsr sse sse2 ht syscall nx mmxext fxsr_opt pdpe1gb rdtscp lm constant_tsc rep_good nopl nonstop_tsc cpuid extd_apicid aperfmperf pni pclmulqdq monitor ssse3 fma cx16 sse4_1 sse4_2 movbe popcnt aes xsave avx f16c rdrand lahf_lm cmp_legacy svm extapic cr8_legacy abm sse4a misalignsse 3dnowprefetch osvw ibs skinit wdt tce topoext perfctr_core perfctr_nb bpext perfctr_llc mwaitx cpb cat_l3 cdp_l3 hw_pstate sme ssbd mba sev ibpb stibp vmmcall fsgsbase bmi1 avx2 smep bmi2 cqm rdt_a rdseed adx smap clflushopt clwb sha_ni xsaveopt xsavec xgetbv1 xsaves cqm_llc cqm_occup_llc cqm_mbm_total cqm_mbm_local clzero irperf xsaveerptr wbnoinvd arat npt lbrv svm_lock nrip_save tsc_scale vmcb_clean flushbyasid decodeassists pausefilter pfthreshold avic v_vmsave_vmload vgif umip rdpid overflow_recov succor smca
bugs		: sysret_ss_attrs spectre_v1 spectre_v2 spec_store_bypass
bogomips	: 7200.48
TLB size	: 3072 4K pages
clflush size	: 64
cache_alignment	: 64
address sizes	: 43 bits physical, 48 bits virtual
power management: ts ttp tm hwpstate cpb eff_freq_ro [13] [14]

processor	: 3
vendor_id	: AuthenticAMD
cpu family	: 23
model		: 113
model name	: AMD Ryzen 5 3600 6-Core Processor
stepping	: 0
microcode	: 0x8701021
cpu MHz		: 4091.465
cache size	: 512 KB
physical id	: 0
siblings	: 12
core id		: 4
cpu cores	: 6
apicid		: 8
initial apicid	: 8
fpu		: yes
fpu_exception	: yes
cpuid level	: 16
wp		: yes
flags		: fpu vme de pse tsc msr pae mce cx8 apic sep mtrr pge mca cmov pat pse36 clflush mmx fxsr sse sse2 ht syscall nx mmxext fxsr_opt pdpe1gb rdtscp lm constant_tsc rep_good nopl nonstop_tsc cpuid extd_apicid aperfmperf pni pclmulqdq monitor ssse3 fma cx16 sse4_1 sse4_2 movbe popcnt aes xsave avx f16c rdrand lahf_lm cmp_legacy svm extapic cr8_legacy abm sse4a misalignsse 3dnowprefetch osvw ibs skinit wdt tce topoext perfctr_core perfctr_nb bpext perfctr_llc mwaitx cpb cat_l3 cdp_l3 hw_pstate sme ssbd mba sev ibpb stibp vmmcall fsgsbase bmi1 avx2 smep bmi2 cqm rdt_a rdseed adx smap clflushopt clwb sha_ni xsaveopt xsavec xgetbv1 xsaves cqm_llc cqm_occup_llc cqm_mbm_total cqm_mbm_local clzero irperf xsaveerptr wbnoinvd arat npt lbrv svm_lock nrip_save tsc_scale vmcb_clean flushbyasid decodeassists pausefilter pfthreshold avic v_vmsave_vmload vgif umip rdpid overflow_recov succor smca
bugs		: sysret_ss_attrs spectre_v1 spectre_v2 spec_store_bypass
bogomips	: 7200.48
TLB size	: 3072 4K pages
clflush size	: 64
cache_alignment	: 64
address sizes	: 43 bits physical, 48 bits virtual
power management: ts ttp tm hwpstate cpb eff_freq_ro [13] [14]

processor	: 4
vendor_id	: AuthenticAMD
cpu family	: 23
model		: 113
model name	: AMD Ryzen 5 3600 6-Core Processor
stepping	: 0
microcode	: 0x8701021
cpu MHz		: 4092.533
cache size	: 512 KB
physical id	: 0
siblings	: 12
core id		: 5
cpu cores	: 6
apicid		: 10
initial apicid	: 10
fpu		: yes
fpu_exception	: yes
cpuid level	: 16
wp		: yes
flags		: fpu vme de pse tsc msr pae mce cx8 apic sep mtrr pge mca cmov pat pse36 clflush mmx fxsr sse sse2 ht syscall nx mmxext fxsr_opt pdpe1gb rdtscp lm constant_tsc rep_good nopl nonstop_tsc cpuid extd_apicid aperfmperf pni pclmulqdq monitor ssse3 fma cx16 sse4_1 sse4_2 movbe popcnt aes xsave avx f16c rdrand lahf_lm cmp_legacy svm extapic cr8_legacy abm sse4a misalignsse 3dnowprefetch osvw ibs skinit wdt tce topoext perfctr_core perfctr_nb bpext perfctr_llc mwaitx cpb cat_l3 cdp_l3 hw_pstate sme ssbd mba sev ibpb stibp vmmcall fsgsbase bmi1 avx2 smep bmi2 cqm rdt_a rdseed adx smap clflushopt clwb sha_ni xsaveopt xsavec xgetbv1 xsaves cqm_llc cqm_occup_llc cqm_mbm_total cqm_mbm_local clzero irperf xsaveerptr wbnoinvd arat npt lbrv svm_lock nrip_save tsc_scale vmcb_clean flushbyasid decodeassists pausefilter pfthreshold avic v_vmsave_vmload vgif umip rdpid overflow_recov succor smca
bugs		: sysret_ss_attrs spectre_v1 spectre_v2 spec_store_bypass
bogomips	: 7200.48
TLB size	: 3072 4K pages
clflush size	: 64
cache_alignment	: 64
address sizes	: 43 bits physical, 48 bits virtual
power management: ts ttp tm hwpstate cpb eff_freq_ro [13] [14]

processor	: 5
vendor_id	: AuthenticAMD
cpu family	: 23
model		: 113
model name	: AMD Ryzen 5 3600 6-Core Processor
stepping	: 0
microcode	: 0x8701021
cpu MHz		: 2071.050
cache size	: 512 KB
physical id	: 0
siblings	: 12
core id		: 6
cpu cores	: 6
apicid		: 12
initial apicid	: 12
fpu		: yes
fpu_exception	: yes
cpuid level	: 16
wp		: yes
flags		: fpu vme de pse tsc msr pae mce cx8 apic sep mtrr pge mca cmov pat pse36 clflush mmx fxsr sse sse2 ht syscall nx mmxext fxsr_opt pdpe1gb rdtscp lm constant_tsc rep_good nopl nonstop_tsc cpuid extd_apicid aperfmperf pni pclmulqdq monitor ssse3 fma cx16 sse4_1 sse4_2 movbe popcnt aes xsave avx f16c rdrand lahf_lm cmp_legacy svm extapic cr8_legacy abm sse4a misalignsse 3dnowprefetch osvw ibs skinit wdt tce topoext perfctr_core perfctr_nb bpext perfctr_llc mwaitx cpb cat_l3 cdp_l3 hw_pstate sme ssbd mba sev ibpb stibp vmmcall fsgsbase bmi1 avx2 smep bmi2 cqm rdt_a rdseed adx smap clflushopt clwb sha_ni xsaveopt xsavec xgetbv1 xsaves cqm_llc cqm_occup_llc cqm_mbm_total cqm_mbm_local clzero irperf xsaveerptr wbnoinvd arat npt lbrv svm_lock nrip_save tsc_scale vmcb_clean flushbyasid decodeassists pausefilter pfthreshold avic v_vmsave_vmload vgif umip rdpid overflow_recov succor smca
bugs		: sysret_ss_attrs spectre_v1 spectre_v2 spec_store_bypass
bogomips	: 7200.48
TLB size	: 3072 4K pages
clflush size	: 64
cache_alignment	: 64
address sizes	: 43 bits physical, 48 bits virtual
power management: ts ttp tm hwpstate cpb eff_freq_ro [13] [14]

processor	: 6
vendor_id	: AuthenticAMD
cpu family	: 23
model		: 113
model name	: AMD Ryzen 5 3600 6-Core Processor
stepping	: 0
microcode	: 0x8701021
cpu MHz		: 2719.534
cache size	: 512 KB
physical id	: 0
siblings	: 12
core id		: 0
cpu cores	: 6
apicid		: 1
initial apicid	: 1
fpu		: yes
fpu_exception	: yes
cpuid level	: 16
wp		: yes
flags		: fpu vme de pse tsc msr pae mce cx8 apic sep mtrr pge mca cmov pat pse36 clflush mmx fxsr sse sse2 ht syscall nx mmxext fxsr_opt pdpe1gb rdtscp lm constant_tsc rep_good nopl nonstop_tsc cpuid extd_apicid aperfmperf pni pclmulqdq monitor ssse3 fma cx16 sse4_1 sse4_2 movbe popcnt aes xsave avx f16c rdrand lahf_lm cmp_legacy svm extapic cr8_legacy abm sse4a misalignsse 3dnowprefetch osvw ibs skinit wdt tce topoext perfctr_core perfctr_nb bpext perfctr_llc mwaitx cpb cat_l3 cdp_l3 hw_pstate sme ssbd mba sev ibpb stibp vmmcall fsgsbase bmi1 avx2 smep bmi2 cqm rdt_a rdseed adx smap clflushopt clwb sha_ni xsaveopt xsavec xgetbv1 xsaves cqm_llc cqm_occup_llc cqm_mbm_total cqm_mbm_local clzero irperf xsaveerptr wbnoinvd arat npt lbrv svm_lock nrip_save tsc_scale vmcb_clean flushbyasid decodeassists pausefilter pfthreshold avic v_vmsave_vmload vgif umip rdpid overflow_recov succor smca
bugs		: sysret_ss_attrs spectre_v1 spectre_v2 spec_store_bypass
bogomips	: 7200.48
TLB size	: 3072 4K pages
clflush size	: 64
cache_alignment	: 64
address sizes	: 43 bits physical, 48 bits virtual
power management: ts ttp tm hwpstate cpb eff_freq_ro [13] [14]

processor	: 7
vendor_id	: AuthenticAMD
cpu family	: 23
model		: 113
model name	: AMD Ryzen 5 3600 6-Core Processor
stepping	: 0
microcode	: 0x8701021
cpu MHz		: 4080.737
cache size	: 512 KB
physical id	: 0
siblings	: 12
core id		: 1
cpu cores	: 6
apicid		: 3
initial apicid	: 3
fpu		: yes
fpu_exception	: yes
cpuid level	: 16
wp		: yes
flags		: fpu vme de pse tsc msr pae mce cx8 apic sep mtrr pge mca cmov pat pse36 clflush mmx fxsr sse sse2 ht syscall nx mmxext fxsr_opt pdpe1gb rdtscp lm constant_tsc rep_good nopl nonstop_tsc cpuid extd_apicid aperfmperf pni pclmulqdq monitor ssse3 fma cx16 sse4_1 sse4_2 movbe popcnt aes xsave avx f16c rdrand lahf_lm cmp_legacy svm extapic cr8_legacy abm sse4a misalignsse 3dnowprefetch osvw ibs skinit wdt tce topoext perfctr_core perfctr_nb bpext perfctr_llc mwaitx cpb cat_l3 cdp_l3 hw_pstate sme ssbd mba sev ibpb stibp vmmcall fsgsbase bmi1 avx2 smep bmi2 cqm rdt_a rdseed adx smap clflushopt clwb sha_ni xsaveopt xsavec xgetbv1 xsaves cqm_llc cqm_occup_llc cqm_mbm_total cqm_mbm_local clzero irperf xsaveerptr wbnoinvd arat npt lbrv svm_lock nrip_save tsc_scale vmcb_clean flushbyasid decodeassists pausefilter pfthreshold avic v_vmsave_vmload vgif umip rdpid overflow_recov succor smca
bugs		: sysret_ss_attrs spectre_v1 spectre_v2 spec_store_bypass
bogomips	: 7200.48
TLB size	: 3072 4K pages
clflush size	: 64
cache_alignment	: 64
address sizes	: 43 bits physical, 48 bits virtual
power management: ts ttp tm hwpstate cpb eff_freq_ro [13] [14]

processor	: 8
vendor_id	: AuthenticAMD
cpu family	: 23
model		: 113
model name	: AMD Ryzen 5 3600 6-Core Processor
stepping	: 0
microcode	: 0x8701021
cpu MHz		: 2459.787
cache size	: 512 KB
physical id	: 0
siblings	: 12
core id		: 2
cpu cores	: 6
apicid		: 5
initial apicid	: 5
fpu		: yes
fpu_exception	: yes
cpuid level	: 16
wp		: yes
flags		: fpu vme de pse tsc msr pae mce cx8 apic sep mtrr pge mca cmov pat pse36 clflush mmx fxsr sse sse2 ht syscall nx mmxext fxsr_opt pdpe1gb rdtscp lm constant_tsc rep_good nopl nonstop_tsc cpuid extd_apicid aperfmperf pni pclmulqdq monitor ssse3 fma cx16 sse4_1 sse4_2 movbe popcnt aes xsave avx f16c rdrand lahf_lm cmp_legacy svm extapic cr8_legacy abm sse4a misalignsse 3dnowprefetch osvw ibs skinit wdt tce topoext perfctr_core perfctr_nb bpext perfctr_llc mwaitx cpb cat_l3 cdp_l3 hw_pstate sme ssbd mba sev ibpb stibp vmmcall fsgsbase bmi1 avx2 smep bmi2 cqm rdt_a rdseed adx smap clflushopt clwb sha_ni xsaveopt xsavec xgetbv1 xsaves cqm_llc cqm_occup_llc cqm_mbm_total cqm_mbm_local clzero irperf xsaveerptr wbnoinvd arat npt lbrv svm_lock nrip_save tsc_scale vmcb_clean flushbyasid decodeassists pausefilter pfthreshold avic v_vmsave_vmload vgif umip rdpid overflow_recov succor smca
bugs		: sysret_ss_attrs spectre_v1 spectre_v2 spec_store_bypass
bogomips	: 7200.48
TLB size	: 3072 4K pages
clflush size	: 64
cache_alignment	: 64
address sizes	: 43 bits physical, 48 bits virtual
power management: ts ttp tm hwpstate cpb eff_freq_ro [13] [14]

processor	: 9
vendor_id	: AuthenticAMD
cpu family	: 23
model		: 113
model name	: AMD Ryzen 5 3600 6-Core Processor
stepping	: 0
microcode	: 0x8701021
cpu MHz		: 4079.989
cache size	: 512 KB
physical id	: 0
siblings	: 12
core id		: 4
cpu cores	: 6
apicid		: 9
initial apicid	: 9
fpu		: yes
fpu_exception	: yes
cpuid level	: 16
wp		: yes
flags		: fpu vme de pse tsc msr pae mce cx8 apic sep mtrr pge mca cmov pat pse36 clflush mmx fxsr sse sse2 ht syscall nx mmxext fxsr_opt pdpe1gb rdtscp lm constant_tsc rep_good nopl nonstop_tsc cpuid extd_apicid aperfmperf pni pclmulqdq monitor ssse3 fma cx16 sse4_1 sse4_2 movbe popcnt aes xsave avx f16c rdrand lahf_lm cmp_legacy svm extapic cr8_legacy abm sse4a misalignsse 3dnowprefetch osvw ibs skinit wdt tce topoext perfctr_core perfctr_nb bpext perfctr_llc mwaitx cpb cat_l3 cdp_l3 hw_pstate sme ssbd mba sev ibpb stibp vmmcall fsgsbase bmi1 avx2 smep bmi2 cqm rdt_a rdseed adx smap clflushopt clwb sha_ni xsaveopt xsavec xgetbv1 xsaves cqm_llc cqm_occup_llc cqm_mbm_total cqm_mbm_local clzero irperf xsaveerptr wbnoinvd arat npt lbrv svm_lock nrip_save tsc_scale vmcb_clean flushbyasid decodeassists pausefilter pfthreshold avic v_vmsave_vmload vgif umip rdpid overflow_recov succor smca
bugs		: sysret_ss_attrs spectre_v1 spectre_v2 spec_store_bypass
bogomips	: 7200.48
TLB size	: 3072 4K pages
clflush size	: 64
cache_alignment	: 64
address sizes	: 43 bits physical, 48 bits virtual
power management: ts ttp tm hwpstate cpb eff_freq_ro [13] [14]

processor	: 10
vendor_id	: AuthenticAMD
cpu family	: 23
model		: 113
model name	: AMD Ryzen 5 3600 6-Core Processor
stepping	: 0
microcode	: 0x8701021
cpu MHz		: 4079.719
cache size	: 512 KB
physical id	: 0
siblings	: 12
core id		: 5
cpu cores	: 6
apicid		: 11
initial apicid	: 11
fpu		: yes
fpu_exception	: yes
cpuid level	: 16
wp		: yes
flags		: fpu vme de pse tsc msr pae mce cx8 apic sep mtrr pge mca cmov pat pse36 clflush mmx fxsr sse sse2 ht syscall nx mmxext fxsr_opt pdpe1gb rdtscp lm constant_tsc rep_good nopl nonstop_tsc cpuid extd_apicid aperfmperf pni pclmulqdq monitor ssse3 fma cx16 sse4_1 sse4_2 movbe popcnt aes xsave avx f16c rdrand lahf_lm cmp_legacy svm extapic cr8_legacy abm sse4a misalignsse 3dnowprefetch osvw ibs skinit wdt tce topoext perfctr_core perfctr_nb bpext perfctr_llc mwaitx cpb cat_l3 cdp_l3 hw_pstate sme ssbd mba sev ibpb stibp vmmcall fsgsbase bmi1 avx2 smep bmi2 cqm rdt_a rdseed adx smap clflushopt clwb sha_ni xsaveopt xsavec xgetbv1 xsaves cqm_llc cqm_occup_llc cqm_mbm_total cqm_mbm_local clzero irperf xsaveerptr wbnoinvd arat npt lbrv svm_lock nrip_save tsc_scale vmcb_clean flushbyasid decodeassists pausefilter pfthreshold avic v_vmsave_vmload vgif umip rdpid overflow_recov succor smca
bugs		: sysret_ss_attrs spectre_v1 spectre_v2 spec_store_bypass
bogomips	: 7200.48
TLB size	: 3072 4K pages
clflush size	: 64
cache_alignment	: 64
address sizes	: 43 bits physical, 48 bits virtual
power management: ts ttp tm hwpstate cpb eff_freq_ro [13] [14]

processor	: 11
vendor_id	: AuthenticAMD
cpu family	: 23
model		: 113
model name	: AMD Ryzen 5 3600 6-Core Processor
stepping	: 0
microcode	: 0x8701021
cpu MHz		: 2140.085
cache size	: 512 KB
physical id	: 0
siblings	: 12
core id		: 6
cpu cores	: 6
apicid		: 13
initial apicid	: 13
fpu		: yes
fpu_exception	: yes
cpuid level	: 16
wp		: yes
flags		: fpu vme de pse tsc msr pae mce cx8 apic sep mtrr pge mca cmov pat pse36 clflush mmx fxsr sse sse2 ht syscall nx mmxext fxsr_opt pdpe1gb rdtscp lm constant_tsc rep_good nopl nonstop_tsc cpuid extd_apicid aperfmperf pni pclmulqdq monitor ssse3 fma cx16 sse4_1 sse4_2 movbe popcnt aes xsave avx f16c rdrand lahf_lm cmp_legacy svm extapic cr8_legacy abm sse4a misalignsse 3dnowprefetch osvw ibs skinit wdt tce topoext perfctr_core perfctr_nb bpext perfctr_llc mwaitx cpb cat_l3 cdp_l3 hw_pstate sme ssbd mba sev ibpb stibp vmmcall fsgsbase bmi1 avx2 smep bmi2 cqm rdt_a rdseed adx smap clflushopt clwb sha_ni xsaveopt xsavec xgetbv1 xsaves cqm_llc cqm_occup_llc cqm_mbm_total cqm_mbm_local clzero irperf xsaveerptr wbnoinvd arat npt lbrv svm_lock nrip_save tsc_scale vmcb_clean flushbyasid decodeassists pausefilter pfthreshold avic v_vmsave_vmload vgif umip rdpid overflow_recov succor smca
bugs		: sysret_ss_attrs spectre_v1 spectre_v2 spec_store_bypass
bogomips	: 7200.48
TLB size	: 3072 4K pages
clflush size	: 64
cache_alignment	: 64
address sizes	: 43 bits physical, 48 bits virtual
power management: ts ttp tm hwpstate cpb eff_freq_ro [13] [14]



Memory: 4k page, physical 16404892k(160832k free), swap 1907708k(1903868k free)

vm_info: OpenJDK 64-Bit Server VM (25.242-b3-6222593) for linux-amd64 JRE (1.8.0_242-release-1644-b3-6222593), built by "android-build" with gcc 4.8

time: Fri Nov 13 19:34:30 2020
timezone: CET
elapsed time: 1 seconds (0d 0h 0m 1s)

