#
# A fatal error has been detected by the Java Runtime Environment:
#
#  SIGSEGV (0xb) at pc=0x00007f5ef698e853, pid=4758, tid=0x00007f5ef4b07700
#
# JRE version: OpenJDK Runtime Environment (8.0_242) (build 1.8.0_242-release-1644-b3-6222593)
# Java VM: OpenJDK 64-Bit Server VM (25.242-b3-6222593 mixed mode linux-amd64 compressed oops)
# Problematic frame:
# V  [libjvm.so+0x8e5853]  oopDesc* PSPromotionManager::copy_to_survivor_space<false>(oopDesc*)+0x2c3
#
# Failed to write core dump. Core dumps have been disabled. To enable core dumping, try "ulimit -c unlimited" before starting Java again
#
# If you would like to submit a bug report, please visit:
#   http://bugreport.java.com/bugreport/crash.jsp
#

---------------  T H R E A D  ---------------

Current thread (0x00007f5ef0023800):  GCTaskThread [stack: 0x00007f5ef4a08000,0x00007f5ef4b08000] [id=4763]

siginfo: si_signo: 11 (SIGSEGV), si_code: 2 (SEGV_ACCERR), si_addr: 0x00000007c32c7970

Registers:
RAX=0x0000000000000001, RBX=0x000000076f4653c8, RCX=0x0000000000000003, RDX=0x00007f5ef6d94e20
RSP=0x00007f5ef4b06c40, RBP=0x00007f5ef4b06ca0, RSI=0x000000076f4653c8, RDI=0x00000007c32c7968
R8 =0x0000000000000001, R9 =0x00007f5ef0081098, R10=0x00000007708c1fe1, R11=0x00007f5ef6dbed00
R12=0x00000007708c1fe0, R13=0x0000000000000001, R14=0x00007f5ef0081000, R15=0x00007f5ef6d94e30
RIP=0x00007f5ef698e853, EFLAGS=0x0000000000010202, CSGSFS=0x002b000000000033, ERR=0x0000000000000004
  TRAPNO=0x000000000000000e

Top of Stack: (sp=0x00007f5ef4b06c40)
0x00007f5ef4b06c40:   00007f5ef0081000 000000077089f950
0x00007f5ef4b06c50:   00007f5ef0081000 00000007708c1fc8
0x00007f5ef4b06c60:   00000007708c0000 0000000000001000
0x00007f5ef4b06c70:   00007f5ef0041940 00007f5ef0081000
0x00007f5ef4b06c80:   00000007708c1fe0 0000000000000001
0x00007f5ef4b06c90:   00007f5ef0081098 00007f5ef6d94e30
0x00007f5ef4b06ca0:   00007f5ef4b06d20 00007f5ef698e060
0x00007f5ef4b06cb0:   00007f5ef4b06d20 00007f5ef0081068
0x00007f5ef4b06cc0:   00007f5ef4b06d20 00007f5ef69923e0
0x00007f5ef4b06cd0:   0000004300000008 000000077089f950
0x00007f5ef4b06ce0:   0000004300000009 00007f5ef6991dda
0x00007f5ef4b06cf0:   00007f5ef0024c20 0000000000000002
0x00007f5ef4b06d00:   00007f5ef4b06d50 00007f5ef4b06d60
0x00007f5ef4b06d10:   0000000000000000 00007f5ef0082000
0x00007f5ef4b06d20:   00007f5ef4b06da0 00007f5ef699225c
0x00007f5ef4b06d30:   00007f5ef6d94e30 000000077084636c
0x00007f5ef4b06d40:   00007f5e780516e0 00007f5ef0081000
0x00007f5ef4b06d50:   00007f5e6c7f5263 00007f5ef68e287b
0x00007f5ef4b06d60:   000000076f7fe932 00007f5ef001f740
0x00007f5ef4b06d70:   00007f5ef4b06da0 0000000000000001
0x00007f5ef4b06d80:   00007f5e780516e0 00007f5ef6b0a128
0x00007f5ef4b06d90:   00007f5ef0023800 00007f5ef6db39a8
0x00007f5ef4b06da0:   00007f5ef4b06eb0 00007f5ef664da22
0x00007f5ef4b06db0:   00000000000003d8 00007f5ef0024138
0x00007f5ef4b06dc0:   00007f5ef0023d60 00007f5ef4b06e40
0x00007f5ef4b06dd0:   00007f5ef0023d10 00007f5ef0023d50
0x00007f5ef4b06de0:   00007f5ef4b06df0 0000000000000000
0x00007f5ef4b06df0:   0000000000000000 00007f5ef0024900
0x00007f5ef4b06e00:   00007f5ef0023800 00007f5ef0024140
0x00007f5ef4b06e10:   00007f5ef0024180 00007f5ef0024190
0x00007f5ef4b06e20:   00007f5ef0024268 00000000000000d8
0x00007f5ef4b06e30:   00007f5ef00243a0 00007f5ef0024d10 

Instructions: (pc=0x00007f5ef698e853)
0x00007f5ef698e833:   e9 3d fe ff ff 0f 1f 84 00 00 00 00 00 48 8b 15
0x00007f5ef698e843:   21 d1 3e 00 8b 7e 08 8b 4a 08 48 d3 e7 48 03 3a
0x00007f5ef698e853:   8b 4f 08 83 f9 00 0f 8f 7d fd ff ff 0f 85 3b 02
0x00007f5ef698e863:   00 00 0f 1f 00 48 8b 07 4c 89 45 b8 48 89 de ff 

Register to memory mapping:

RAX=0x0000000000000001 is an unknown value
RBX=0x000000076f4653c8 is an oop

[error occurred during error reporting (printing register info), id 0xb]

Stack: [0x00007f5ef4a08000,0x00007f5ef4b08000],  sp=0x00007f5ef4b06c40,  free space=1019k
Native frames: (J=compiled Java code, j=interpreted, Vv=VM code, C=native code)
V  [libjvm.so+0x8e5853]  oopDesc* PSPromotionManager::copy_to_survivor_space<false>(oopDesc*)+0x2c3
V  [libjvm.so+0x8e5060]  PSPromotionManager::drain_stacks_depth(bool)+0x6e0
V  [libjvm.so+0x8e925c]  StealTask::do_it(GCTaskManager*, unsigned int)+0x2bc
V  [libjvm.so+0x5a4a22]  GCTaskThread::run()+0x162
V  [libjvm.so+0x8760c2]  java_start(Thread*)+0xf2


---------------  P R O C E S S  ---------------

Java Threads: ( => current thread )
  0x00007f5ef00d8000 JavaThread "Service Thread" daemon [_thread_blocked, id=4779, stack(0x00007f5ed8e59000,0x00007f5ed8f5a000)]
  0x00007f5ef00cd000 JavaThread "C1 CompilerThread3" daemon [_thread_blocked, id=4778, stack(0x00007f5ed8f5b000,0x00007f5ed905b000)]
  0x00007f5ef00cb000 JavaThread "C2 CompilerThread2" daemon [_thread_blocked, id=4777, stack(0x00007f5ed905c000,0x00007f5ed915c000)]
  0x00007f5ef00c9000 JavaThread "C2 CompilerThread1" daemon [_thread_blocked, id=4776, stack(0x00007f5ed915d000,0x00007f5ed925d000)]
  0x00007f5ef00c6000 JavaThread "C2 CompilerThread0" daemon [_thread_blocked, id=4775, stack(0x00007f5ed925e000,0x00007f5ed935e000)]
  0x00007f5ef00c4000 JavaThread "Signal Dispatcher" daemon [_thread_blocked, id=4774, stack(0x00007f5ed935e000,0x00007f5ed945f000)]
  0x00007f5ef0092800 JavaThread "Finalizer" daemon [_thread_blocked, id=4773, stack(0x00007f5ed9a23000,0x00007f5ed9b24000)]
  0x00007f5ef008e000 JavaThread "Reference Handler" daemon [_thread_blocked, id=4772, stack(0x00007f5ed9b24000,0x00007f5ed9c25000)]
  0x00007f5ef000b000 JavaThread "main" [_thread_blocked, id=4760, stack(0x00007f5ef5e5a000,0x00007f5ef5f5a000)]

Other Threads:
  0x00007f5ef0084800 VMThread [stack: 0x00007f5ed9c26000,0x00007f5ed9d26000] [id=4771]
  0x00007f5ef00da800 WatcherThread [stack: 0x00007f5ed8d59000,0x00007f5ed8e59000] [id=4780]

=>0x00007f5ef0023800 (exited) GCTaskThread [stack: 0x00007f5ef4a08000,0x00007f5ef4b08000] [id=4763]

VM state:at safepoint (normal execution)

VM Mutex/Monitor currently owned by a thread:  ([mutex/lock_event])
[0x00007f5ef0008550] Threads_lock - owner thread: 0x00007f5ef0084800
[0x00007f5ef0008a50] Heap_lock - owner thread: 0x00007f5ef000b000

heap address: 0x00000006c5a00000, size: 4006 MB, Compressed Oops mode: Zero based, Oop shift amount: 3
Narrow klass base: 0x0000000000000000, Narrow klass shift: 3
Compressed class space size: 1073741824 Address: 0x00000007c0000000

Heap:
 PSYoungGen      total 75264K, used 64512K [0x000000076c900000, 0x0000000771d00000, 0x00000007c0000000)
  eden space 64512K, 100% used [0x000000076c900000,0x0000000770800000,0x0000000770800000)
  from space 10752K, 0% used [0x0000000771280000,0x0000000771280000,0x0000000771d00000)
  to   space 10752K, 41% used [0x0000000770800000,0x0000000770c70000,0x0000000771280000)
 ParOldGen       total 172032K, used 16K [0x00000006c5a00000, 0x00000006d0200000, 0x000000076c900000)
  object space 172032K, 0% used [0x00000006c5a00000,0x00000006c5a04000,0x00000006d0200000)
 Metaspace       used 15998K, capacity 16354K, committed 16640K, reserved 1064960K
  class space    used 1835K, capacity 1945K, committed 2048K, reserved 1048576K

Card table byte_map: [0x00007f5ef5242000,0x00007f5ef5a16000] byte_map_base: 0x00007f5ef1c15000

Marking Bits: (ParMarkBitMap*) 0x00007f5ef6dbe7e0
 Begin Bits: [0x00007f5e942d0000, 0x00007f5e98168000)
 End Bits:   [0x00007f5e98168000, 0x00007f5e9c000000)

Polling page: 0x00007f5ef706c000

CodeCache: size=245760Kb used=4488Kb max_used=4488Kb free=241271Kb
 bounds [0x00007f5ee1000000, 0x00007f5ee1470000, 0x00007f5ef0000000]
 total_blobs=1784 nmethods=1398 adapters=301
 compilation: enabled

Compilation events (10 events):
Event: 0,543 Thread 0x00007f5ef00cd000 1394       3       java.lang.invoke.MethodTypeForm::canonicalizeAll (66 bytes)
Event: 0,543 Thread 0x00007f5ef00cd000 nmethod 1394 0x00007f5ee145d8d0 code [0x00007f5ee145da80, 0x00007f5ee145e0b8]
Event: 0,544 Thread 0x00007f5ef00cd000 1393       3       java.lang.invoke.MethodType::checkRtype (6 bytes)
Event: 0,544 Thread 0x00007f5ef00cd000 nmethod 1393 0x00007f5ee145d3d0 code [0x00007f5ee145d540, 0x00007f5ee145d7c8]
Event: 0,544 Thread 0x00007f5ef00cd000 1395       1       java.lang.reflect.Constructor::getDeclaringClass (5 bytes)
Event: 0,544 Thread 0x00007f5ef00cd000 nmethod 1395 0x00007f5ee145d110 code [0x00007f5ee145d260, 0x00007f5ee145d370]
Event: 0,545 Thread 0x00007f5ef00cd000 1398       3       java.util.HashMap$HashIterator::<init> (79 bytes)
Event: 0,545 Thread 0x00007f5ef00cd000 nmethod 1398 0x00007f5ee145ca90 code [0x00007f5ee145cc00, 0x00007f5ee145cf90]
Event: 0,545 Thread 0x00007f5ef00cd000 1397       3       jdk.internal.org.objectweb.asm.Frame::pop (45 bytes)
Event: 0,545 Thread 0x00007f5ef00cd000 nmethod 1397 0x00007f5ee145c610 code [0x00007f5ee145c780, 0x00007f5ee145c950]

GC Heap History (1 events):
Event: 0,546 GC heap before
{Heap before GC invocations=1 (full 0):
 PSYoungGen      total 75264K, used 64512K [0x000000076c900000, 0x0000000771d00000, 0x00000007c0000000)
  eden space 64512K, 100% used [0x000000076c900000,0x0000000770800000,0x0000000770800000)
  from space 10752K, 0% used [0x0000000771280000,0x0000000771280000,0x0000000771d00000)
  to   space 10752K, 0% used [0x0000000770800000,0x0000000770800000,0x0000000771280000)
 ParOldGen       total 172032K, used 0K [0x00000006c5a00000, 0x00000006d0200000, 0x000000076c900000)
  object space 172032K, 0% used [0x00000006c5a00000,0x00000006c5a00000,0x00000006d0200000)
 Metaspace       used 15998K, capacity 16354K, committed 16640K, reserved 1064960K
  class space    used 1835K, capacity 1945K, committed 2048K, reserved 1048576K

Deoptimization events (1 events):
Event: 0,299 Thread 0x00007f5ef000b000 Uncommon trap: reason=unstable_if action=reinterpret pc=0x00007f5ee1272d34 method=kotlin.reflect.jvm.internal.impl.protobuf.CodedInputStream.readRawVarint32()I @ 10

Classes redefined (0 events):
No events

Internal exceptions (10 events):
Event: 0,096 Thread 0x00007f5ef000b000 Exception <a 'java/security/PrivilegedActionException'> (0x000000076ce1a7f0) thrown at [/buildbot/src/googleplex-android/openjdk/out/hotspot/src/share/vm/prims/jvm.cpp, line 1502]
Event: 0,096 Thread 0x00007f5ef000b000 Exception <a 'java/security/PrivilegedActionException'> (0x000000076ce1aa00) thrown at [/buildbot/src/googleplex-android/openjdk/out/hotspot/src/share/vm/prims/jvm.cpp, line 1502]
Event: 0,096 Thread 0x00007f5ef000b000 Exception <a 'java/security/PrivilegedActionException'> (0x000000076ce1c990) thrown at [/buildbot/src/googleplex-android/openjdk/out/hotspot/src/share/vm/prims/jvm.cpp, line 1502]
Event: 0,096 Thread 0x00007f5ef000b000 Exception <a 'java/security/PrivilegedActionException'> (0x000000076ce1cba0) thrown at [/buildbot/src/googleplex-android/openjdk/out/hotspot/src/share/vm/prims/jvm.cpp, line 1502]
Event: 0,096 Thread 0x00007f5ef000b000 Exception <a 'java/security/PrivilegedActionException'> (0x000000076ce1d648) thrown at [/buildbot/src/googleplex-android/openjdk/out/hotspot/src/share/vm/prims/jvm.cpp, line 1502]
Event: 0,096 Thread 0x00007f5ef000b000 Exception <a 'java/security/PrivilegedActionException'> (0x000000076ce1d858) thrown at [/buildbot/src/googleplex-android/openjdk/out/hotspot/src/share/vm/prims/jvm.cpp, line 1502]
Event: 0,108 Thread 0x00007f5ef000b000 Exception <a 'java/lang/UnsatisfiedLinkError': org.jetbrains.kotlin.org.fusesource.jansi.internal.CLibrary.init()V> (0x000000076ce8dcb0) thrown at [/buildbot/src/googleplex-android/openjdk/out/hotspot/src/share/vm/prims/nativeLookup.cpp, line 378]
Event: 0,108 Thread 0x00007f5ef000b000 Exception <a 'java/lang/UnsatisfiedLinkError'> (0x000000076ce8dcb0) thrown at [/buildbot/src/googleplex-android/openjdk/out/hotspot/src/share/vm/oops/instanceKlass.cpp, line 960]
Event: 0,287 Thread 0x00007f5ef000b000 Exception <a 'java/lang/ArrayIndexOutOfBoundsException'> (0x000000076e722bd0) thrown at [/buildbot/src/googleplex-android/openjdk/out/hotspot/src/share/vm/runtime/sharedRuntime.cpp, line 605]
Event: 0,372 Thread 0x00007f5ef000b000 Exception <a 'java/lang/ArrayIndexOutOfBoundsException'> (0x000000076f07a6d8) thrown at [/buildbot/src/googleplex-android/openjdk/out/hotspot/src/share/vm/runtime/sharedRuntime.cpp, line 605]

Events (10 events):
Event: 0,546 Executing VM operation: Deoptimize done
Event: 0,546 loading class org/jetbrains/kotlin/com/intellij/openapi/vfs/VirtualFileEvent
Event: 0,546 loading class org/jetbrains/kotlin/com/intellij/openapi/vfs/VirtualFileEvent done
Event: 0,546 loading class java/util/EventObject
Event: 0,546 loading class java/util/EventObject done
Event: 0,546 loading class org/jetbrains/kotlin/com/intellij/openapi/vfs/VirtualFileCopyEvent
Event: 0,546 loading class org/jetbrains/kotlin/com/intellij/openapi/vfs/VirtualFileCopyEvent done
Event: 0,546 loading class org/jetbrains/kotlin/com/intellij/openapi/vfs/VirtualFileMoveEvent
Event: 0,546 loading class org/jetbrains/kotlin/com/intellij/openapi/vfs/VirtualFileMoveEvent done
Event: 0,546 Executing VM operation: ParallelGCFailedAllocation


Dynamic libraries:
00400000-00401000 r-xp 00000000 08:00 1609073                            /home/matze/android-studio/jre/jre/bin/java
00401000-00402000 r--p 00000000 08:00 1609073                            /home/matze/android-studio/jre/jre/bin/java
00402000-00403000 rw-p 00001000 08:00 1609073                            /home/matze/android-studio/jre/jre/bin/java
017d6000-017f7000 rw-p 00000000 00:00 0                                  [heap]
6c5a00000-6d0200000 rw-p 00000000 00:00 0 
6d0200000-76c900000 ---p 00000000 00:00 0 
76c900000-771d00000 rw-p 00000000 00:00 0 
771d00000-7c0000000 ---p 00000000 00:00 0 
7c0000000-7c0200000 rw-p 00000000 00:00 0 
7c0200000-800000000 ---p 00000000 00:00 0 
7f5e68000000-7f5e68021000 rw-p 00000000 00:00 0 
7f5e68021000-7f5e6c000000 ---p 00000000 00:00 0 
7f5e70000000-7f5e702cf000 rw-p 00000000 00:00 0 
7f5e702cf000-7f5e74000000 ---p 00000000 00:00 0 
7f5e74000000-7f5e74021000 rw-p 00000000 00:00 0 
7f5e74021000-7f5e78000000 ---p 00000000 00:00 0 
7f5e78000000-7f5e781de000 rw-p 00000000 00:00 0 
7f5e781de000-7f5e7c000000 ---p 00000000 00:00 0 
7f5e7c000000-7f5e7c1f6000 rw-p 00000000 00:00 0 
7f5e7c1f6000-7f5e80000000 ---p 00000000 00:00 0 
7f5e80000000-7f5e80021000 rw-p 00000000 00:00 0 
7f5e80021000-7f5e84000000 ---p 00000000 00:00 0 
7f5e84000000-7f5e8414b000 rw-p 00000000 00:00 0 
7f5e8414b000-7f5e88000000 ---p 00000000 00:00 0 
7f5e88000000-7f5e88021000 rw-p 00000000 00:00 0 
7f5e88021000-7f5e8c000000 ---p 00000000 00:00 0 
7f5e8c000000-7f5e8c021000 rw-p 00000000 00:00 0 
7f5e8c021000-7f5e90000000 ---p 00000000 00:00 0 
7f5e90000000-7f5e90021000 rw-p 00000000 00:00 0 
7f5e90021000-7f5e94000000 ---p 00000000 00:00 0 
7f5e942d0000-7f5e9c000000 rw-p 00000000 00:00 0 
7f5e9c000000-7f5e9c021000 rw-p 00000000 00:00 0 
7f5e9c021000-7f5ea0000000 ---p 00000000 00:00 0 
7f5ea0000000-7f5ea0021000 rw-p 00000000 00:00 0 
7f5ea0021000-7f5ea4000000 ---p 00000000 00:00 0 
7f5ea4000000-7f5ea4021000 rw-p 00000000 00:00 0 
7f5ea4021000-7f5ea8000000 ---p 00000000 00:00 0 
7f5eac000000-7f5eac021000 rw-p 00000000 00:00 0 
7f5eac021000-7f5eb0000000 ---p 00000000 00:00 0 
7f5eb4000000-7f5eb4021000 rw-p 00000000 00:00 0 
7f5eb4021000-7f5eb8000000 ---p 00000000 00:00 0 
7f5ebc000000-7f5ebc021000 rw-p 00000000 00:00 0 
7f5ebc021000-7f5ec0000000 ---p 00000000 00:00 0 
7f5ec4000000-7f5ec4021000 rw-p 00000000 00:00 0 
7f5ec4021000-7f5ec8000000 ---p 00000000 00:00 0 
7f5ecc000000-7f5ecc2b8000 rw-p 00000000 00:00 0 
7f5ecc2b8000-7f5ed0000000 ---p 00000000 00:00 0 
7f5ed0dff000-7f5ed0e3f000 rw-p 00000000 00:00 0 
7f5ed0e3f000-7f5ed0fff000 ---p 00000000 00:00 0 
7f5ed0fff000-7f5ed4000000 rw-p 00000000 00:00 0 
7f5ed4000000-7f5ed4021000 rw-p 00000000 00:00 0 
7f5ed4021000-7f5ed8000000 ---p 00000000 00:00 0 
7f5ed8164000-7f5ed8364000 rw-p 00000000 00:00 0 
7f5ed8364000-7f5ed8564000 rw-p 00000000 00:00 0 
7f5ed8564000-7f5ed8764000 rw-p 00000000 00:00 0 
7f5ed8764000-7f5ed8765000 r--p 00000000 08:14 3022783                    /usr/lib/x86_64-linux-gnu/libutil-2.31.so
7f5ed8765000-7f5ed8766000 r-xp 00001000 08:14 3022783                    /usr/lib/x86_64-linux-gnu/libutil-2.31.so
7f5ed8766000-7f5ed8767000 r--p 00002000 08:14 3022783                    /usr/lib/x86_64-linux-gnu/libutil-2.31.so
7f5ed8767000-7f5ed8768000 r--p 00002000 08:14 3022783                    /usr/lib/x86_64-linux-gnu/libutil-2.31.so
7f5ed8768000-7f5ed8769000 rw-p 00003000 08:14 3022783                    /usr/lib/x86_64-linux-gnu/libutil-2.31.so
7f5ed877c000-7f5ed8785000 r--s 00070000 08:00 1894446                    /home/matze/.gradle/caches/modules-2/files-2.1/org.jetbrains.kotlin/kotlin-android-extensions/1.4.0/b10de696fb26620d57a208cad1ccbbffe68f17e9/kotlin-android-extensions-1.4.0.jar
7f5ed8785000-7f5ed8788000 r-xp 00000000 08:14 1838676                    /tmp/libjansi-1.4.0-release-329 (1.4.0)-4676446906607405341.so
7f5ed8788000-7f5ed8987000 ---p 00003000 08:14 1838676                    /tmp/libjansi-1.4.0-release-329 (1.4.0)-4676446906607405341.so
7f5ed8987000-7f5ed8988000 rw-p 00002000 08:14 1838676                    /tmp/libjansi-1.4.0-release-329 (1.4.0)-4676446906607405341.so
7f5ed8988000-7f5ed898d000 r--s 000a3000 08:00 1609038                    /home/matze/android-studio/jre/jre/lib/jsse.jar
7f5ed898d000-7f5ed8a07000 r--s 01104000 08:00 1608901                    /home/matze/android-studio/jre/lib/tools.jar
7f5ed8a07000-7f5ed8a15000 r--s 000a5000 08:00 1894498                    /home/matze/.gradle/caches/modules-2/files-2.1/org.jetbrains.kotlin/kotlin-daemon-embeddable/1.4.0/633873c93bba12bcf764e1cf8fb36baa5501b8ff/kotlin-daemon-embeddable-1.4.0.jar
7f5ed8a15000-7f5ed8a2a000 r--s 00157000 08:00 1894477                    /home/matze/.gradle/caches/modules-2/files-2.1/org.jetbrains.kotlin/kotlin-stdlib/1.4.0/63e75298e93d4ae0b299bb869cf0c627196f8843/kotlin-stdlib-1.4.0.jar
7f5ed8a2a000-7f5ed8a65000 r--s 00288000 08:00 1894464                    /home/matze/.gradle/caches/modules-2/files-2.1/org.jetbrains.kotlin/kotlin-reflect/1.4.0/aa2101a19d8688e368ae6e35e8967550ced73884/kotlin-reflect-1.4.0.jar
7f5ed8a65000-7f5ed8a7c000 r-xp 00000000 08:00 1608990                    /home/matze/android-studio/jre/jre/lib/amd64/libnet.so
7f5ed8a7c000-7f5ed8a7d000 r--p 00016000 08:00 1608990                    /home/matze/android-studio/jre/jre/lib/amd64/libnet.so
7f5ed8a7d000-7f5ed8a7e000 rw-p 00017000 08:00 1608990                    /home/matze/android-studio/jre/jre/lib/amd64/libnet.so
7f5ed8a7e000-7f5ed8ad3000 rw-p 00000000 00:00 0 
7f5ed8ad3000-7f5ed8d58000 r--s 02626000 08:00 1894526                    /home/matze/.gradle/caches/modules-2/files-2.1/org.jetbrains.kotlin/kotlin-compiler-embeddable/1.4.0/e5f0d669a77787ccbccd49c71b57bfd7b35faec4/kotlin-compiler-embeddable-1.4.0.jar
7f5ed8d58000-7f5ed8d59000 ---p 00000000 00:00 0 
7f5ed8d59000-7f5ed8e59000 rw-p 00000000 00:00 0 
7f5ed8e59000-7f5ed8e5c000 ---p 00000000 00:00 0 
7f5ed8e5c000-7f5ed8f5a000 rw-p 00000000 00:00 0 
7f5ed8f5a000-7f5ed8f5b000 ---p 00000000 00:00 0 
7f5ed8f5b000-7f5ed8f5e000 ---p 00000000 00:00 0 
7f5ed8f5e000-7f5ed905b000 rw-p 00000000 00:00 0 
7f5ed905b000-7f5ed905c000 ---p 00000000 00:00 0 
7f5ed905c000-7f5ed905f000 ---p 00000000 00:00 0 
7f5ed905f000-7f5ed915c000 rw-p 00000000 00:00 0 
7f5ed915c000-7f5ed915d000 ---p 00000000 00:00 0 
7f5ed915d000-7f5ed9160000 ---p 00000000 00:00 0 
7f5ed9160000-7f5ed925d000 rw-p 00000000 00:00 0 
7f5ed925d000-7f5ed925e000 ---p 00000000 00:00 0 
7f5ed925e000-7f5ed9261000 ---p 00000000 00:00 0 
7f5ed9261000-7f5ed935e000 rw-p 00000000 00:00 0 
7f5ed935e000-7f5ed9361000 ---p 00000000 00:00 0 
7f5ed9361000-7f5ed945f000 rw-p 00000000 00:00 0 
7f5ed945f000-7f5ed9a23000 r--p 00000000 08:14 3021763                    /usr/lib/locale/locale-archive
7f5ed9a23000-7f5ed9a26000 ---p 00000000 00:00 0 
7f5ed9a26000-7f5ed9b24000 rw-p 00000000 00:00 0 
7f5ed9b24000-7f5ed9b27000 ---p 00000000 00:00 0 
7f5ed9b27000-7f5ed9c25000 rw-p 00000000 00:00 0 
7f5ed9c25000-7f5ed9c26000 ---p 00000000 00:00 0 
7f5ed9c26000-7f5edbe2d000 rw-p 00000000 00:00 0 
7f5edbe2d000-7f5edc000000 r--s 03cdf000 08:00 1609025                    /home/matze/android-studio/jre/jre/lib/rt.jar
7f5edc000000-7f5edc021000 rw-p 00000000 00:00 0 
7f5edc021000-7f5ee0000000 ---p 00000000 00:00 0 
7f5ee0001000-7f5ee000c000 r--s 00081000 08:00 1894496                    /home/matze/.gradle/caches/modules-2/files-2.1/org.jetbrains.intellij.deps/trove4j/1.0.20181211/216c2e14b070f334479d800987affe4054cd563f/trove4j-1.0.20181211.jar
7f5ee000c000-7f5ee1000000 rw-p 00000000 00:00 0 
7f5ee1000000-7f5ee1470000 rwxp 00000000 00:00 0 
7f5ee1470000-7f5ef0000000 ---p 00000000 00:00 0 
7f5ef0000000-7f5ef07ac000 rw-p 00000000 00:00 0 
7f5ef07ac000-7f5ef4000000 ---p 00000000 00:00 0 
7f5ef4004000-7f5ef4006000 r--s 00003000 08:00 1894495                    /home/matze/.gradle/caches/modules-2/files-2.1/org.jetbrains/annotations/13.0/919f0dfe192fb4e063e7dacadee7f8bb9a2672a9/annotations-13.0.jar
7f5ef4006000-7f5ef4300000 rw-p 00000000 00:00 0 
7f5ef4300000-7f5ef4301000 ---p 00000000 00:00 0 
7f5ef4301000-7f5ef4401000 rw-p 00000000 00:00 0 
7f5ef4401000-7f5ef4402000 ---p 00000000 00:00 0 
7f5ef4402000-7f5ef4502000 rw-p 00000000 00:00 0 
7f5ef4502000-7f5ef4503000 ---p 00000000 00:00 0 
7f5ef4503000-7f5ef4603000 rw-p 00000000 00:00 0 
7f5ef4603000-7f5ef4604000 ---p 00000000 00:00 0 
7f5ef4604000-7f5ef4704000 rw-p 00000000 00:00 0 
7f5ef4704000-7f5ef4705000 ---p 00000000 00:00 0 
7f5ef4705000-7f5ef4805000 rw-p 00000000 00:00 0 
7f5ef4805000-7f5ef4806000 ---p 00000000 00:00 0 
7f5ef4806000-7f5ef4906000 rw-p 00000000 00:00 0 
7f5ef4906000-7f5ef4907000 ---p 00000000 00:00 0 
7f5ef4907000-7f5ef4a07000 rw-p 00000000 00:00 0 
7f5ef4a07000-7f5ef4a08000 ---p 00000000 00:00 0 
7f5ef4a08000-7f5ef4b08000 rw-p 00000000 00:00 0 
7f5ef4b08000-7f5ef4b09000 ---p 00000000 00:00 0 
7f5ef4b09000-7f5ef4c09000 rw-p 00000000 00:00 0 
7f5ef4c09000-7f5ef4c0a000 ---p 00000000 00:00 0 
7f5ef4c0a000-7f5ef4d5e000 rw-p 00000000 00:00 0 
7f5ef4d5e000-7f5ef5242000 ---p 00000000 00:00 0 
7f5ef5242000-7f5ef5296000 rw-p 00000000 00:00 0 
7f5ef5296000-7f5ef5779000 ---p 00000000 00:00 0 
7f5ef5779000-7f5ef57a4000 rw-p 00000000 00:00 0 
7f5ef57a4000-7f5ef5a15000 ---p 00000000 00:00 0 
7f5ef5a15000-7f5ef5a28000 rw-p 00000000 00:00 0 
7f5ef5a28000-7f5ef5dd6000 ---p 00000000 00:00 0 
7f5ef5dd6000-7f5ef5df1000 r-xp 00000000 08:00 1608986                    /home/matze/android-studio/jre/jre/lib/amd64/libzip.so
7f5ef5df1000-7f5ef5df2000 r--p 0001a000 08:00 1608986                    /home/matze/android-studio/jre/jre/lib/amd64/libzip.so
7f5ef5df2000-7f5ef5df3000 rw-p 0001b000 08:00 1608986                    /home/matze/android-studio/jre/jre/lib/amd64/libzip.so
7f5ef5df3000-7f5ef5df6000 r--p 00000000 08:14 3022774                    /usr/lib/x86_64-linux-gnu/libnss_files-2.31.so
7f5ef5df6000-7f5ef5dfd000 r-xp 00003000 08:14 3022774                    /usr/lib/x86_64-linux-gnu/libnss_files-2.31.so
7f5ef5dfd000-7f5ef5dff000 r--p 0000a000 08:14 3022774                    /usr/lib/x86_64-linux-gnu/libnss_files-2.31.so
7f5ef5dff000-7f5ef5e00000 r--p 0000b000 08:14 3022774                    /usr/lib/x86_64-linux-gnu/libnss_files-2.31.so
7f5ef5e00000-7f5ef5e01000 rw-p 0000c000 08:14 3022774                    /usr/lib/x86_64-linux-gnu/libnss_files-2.31.so
7f5ef5e01000-7f5ef5e07000 rw-p 00000000 00:00 0 
7f5ef5e08000-7f5ef5e10000 r--s 00027000 08:00 1894507                    /home/matze/.gradle/caches/modules-2/files-2.1/org.jetbrains.kotlin/kotlin-stdlib-common/1.4.0/1c752cce0ead8d504ccc88a4fed6471fd83ab0dd/kotlin-stdlib-common-1.4.0.jar
7f5ef5e10000-7f5ef5e20000 r-xp 00000000 08:00 1609010                    /home/matze/android-studio/jre/jre/lib/amd64/libnio.so
7f5ef5e20000-7f5ef5e21000 ---p 00010000 08:00 1609010                    /home/matze/android-studio/jre/jre/lib/amd64/libnio.so
7f5ef5e21000-7f5ef5e22000 r--p 00010000 08:00 1609010                    /home/matze/android-studio/jre/jre/lib/amd64/libnio.so
7f5ef5e22000-7f5ef5e23000 rw-p 00011000 08:00 1609010                    /home/matze/android-studio/jre/jre/lib/amd64/libnio.so
7f5ef5e23000-7f5ef5e4b000 r-xp 00000000 08:00 1608994                    /home/matze/android-studio/jre/jre/lib/amd64/libjava.so
7f5ef5e4b000-7f5ef5e4c000 r--p 00027000 08:00 1608994                    /home/matze/android-studio/jre/jre/lib/amd64/libjava.so
7f5ef5e4c000-7f5ef5e4e000 rw-p 00028000 08:00 1608994                    /home/matze/android-studio/jre/jre/lib/amd64/libjava.so
7f5ef5e4e000-7f5ef5e51000 r--p 00000000 08:14 3022781                    /usr/lib/x86_64-linux-gnu/librt-2.31.so
7f5ef5e51000-7f5ef5e55000 r-xp 00003000 08:14 3022781                    /usr/lib/x86_64-linux-gnu/librt-2.31.so
7f5ef5e55000-7f5ef5e56000 r--p 00007000 08:14 3022781                    /usr/lib/x86_64-linux-gnu/librt-2.31.so
7f5ef5e56000-7f5ef5e57000 ---p 00008000 08:14 3022781                    /usr/lib/x86_64-linux-gnu/librt-2.31.so
7f5ef5e57000-7f5ef5e58000 r--p 00008000 08:14 3022781                    /usr/lib/x86_64-linux-gnu/librt-2.31.so
7f5ef5e58000-7f5ef5e59000 rw-p 00009000 08:14 3022781                    /usr/lib/x86_64-linux-gnu/librt-2.31.so
7f5ef5e59000-7f5ef5e5a000 ---p 00000000 00:00 0 
7f5ef5e5a000-7f5ef5e5d000 ---p 00000000 00:00 0 
7f5ef5e5d000-7f5ef5f5a000 rw-p 00000000 00:00 0 
7f5ef5f5a000-7f5ef5f69000 r--p 00000000 08:14 3022768                    /usr/lib/x86_64-linux-gnu/libm-2.31.so
7f5ef5f69000-7f5ef6010000 r-xp 0000f000 08:14 3022768                    /usr/lib/x86_64-linux-gnu/libm-2.31.so
7f5ef6010000-7f5ef60a7000 r--p 000b6000 08:14 3022768                    /usr/lib/x86_64-linux-gnu/libm-2.31.so
7f5ef60a7000-7f5ef60a8000 r--p 0014c000 08:14 3022768                    /usr/lib/x86_64-linux-gnu/libm-2.31.so
7f5ef60a8000-7f5ef60a9000 rw-p 0014d000 08:14 3022768                    /usr/lib/x86_64-linux-gnu/libm-2.31.so
7f5ef60a9000-7f5ef6cd8000 r-xp 00000000 08:00 1609003                    /home/matze/android-studio/jre/jre/lib/amd64/server/libjvm.so
7f5ef6cd8000-7f5ef6d80000 r--p 00c2e000 08:00 1609003                    /home/matze/android-studio/jre/jre/lib/amd64/server/libjvm.so
7f5ef6d80000-7f5ef6da9000 rw-p 00cd6000 08:00 1609003                    /home/matze/android-studio/jre/jre/lib/amd64/server/libjvm.so
7f5ef6da9000-7f5ef6def000 rw-p 00000000 00:00 0 
7f5ef6def000-7f5ef6e14000 r--p 00000000 08:14 3022766                    /usr/lib/x86_64-linux-gnu/libc-2.31.so
7f5ef6e14000-7f5ef6f8c000 r-xp 00025000 08:14 3022766                    /usr/lib/x86_64-linux-gnu/libc-2.31.so
7f5ef6f8c000-7f5ef6fd6000 r--p 0019d000 08:14 3022766                    /usr/lib/x86_64-linux-gnu/libc-2.31.so
7f5ef6fd6000-7f5ef6fd7000 ---p 001e7000 08:14 3022766                    /usr/lib/x86_64-linux-gnu/libc-2.31.so
7f5ef6fd7000-7f5ef6fda000 r--p 001e7000 08:14 3022766                    /usr/lib/x86_64-linux-gnu/libc-2.31.so
7f5ef6fda000-7f5ef6fdd000 rw-p 001ea000 08:14 3022766                    /usr/lib/x86_64-linux-gnu/libc-2.31.so
7f5ef6fdd000-7f5ef6fe1000 rw-p 00000000 00:00 0 
7f5ef6fe1000-7f5ef6fe2000 r--p 00000000 08:14 3022767                    /usr/lib/x86_64-linux-gnu/libdl-2.31.so
7f5ef6fe2000-7f5ef6fe4000 r-xp 00001000 08:14 3022767                    /usr/lib/x86_64-linux-gnu/libdl-2.31.so
7f5ef6fe4000-7f5ef6fe5000 r--p 00003000 08:14 3022767                    /usr/lib/x86_64-linux-gnu/libdl-2.31.so
7f5ef6fe5000-7f5ef6fe6000 r--p 00003000 08:14 3022767                    /usr/lib/x86_64-linux-gnu/libdl-2.31.so
7f5ef6fe6000-7f5ef6fe7000 rw-p 00004000 08:14 3022767                    /usr/lib/x86_64-linux-gnu/libdl-2.31.so
7f5ef6fe7000-7f5ef6ffd000 r-xp 00000000 08:00 1608974                    /home/matze/android-studio/jre/jre/lib/amd64/jli/libjli.so
7f5ef6ffd000-7f5ef6ffe000 r--p 00015000 08:00 1608974                    /home/matze/android-studio/jre/jre/lib/amd64/jli/libjli.so
7f5ef6ffe000-7f5ef6fff000 rw-p 00016000 08:00 1608974                    /home/matze/android-studio/jre/jre/lib/amd64/jli/libjli.so
7f5ef6fff000-7f5ef7006000 r--p 00000000 08:14 3022779                    /usr/lib/x86_64-linux-gnu/libpthread-2.31.so
7f5ef7006000-7f5ef7017000 r-xp 00007000 08:14 3022779                    /usr/lib/x86_64-linux-gnu/libpthread-2.31.so
7f5ef7017000-7f5ef701c000 r--p 00018000 08:14 3022779                    /usr/lib/x86_64-linux-gnu/libpthread-2.31.so
7f5ef701c000-7f5ef701d000 r--p 0001c000 08:14 3022779                    /usr/lib/x86_64-linux-gnu/libpthread-2.31.so
7f5ef701d000-7f5ef701e000 rw-p 0001d000 08:14 3022779                    /usr/lib/x86_64-linux-gnu/libpthread-2.31.so
7f5ef701e000-7f5ef7022000 rw-p 00000000 00:00 0 
7f5ef7023000-7f5ef7025000 r--s 00009000 08:00 1894492                    /home/matze/.gradle/caches/modules-2/files-2.1/org.jetbrains.kotlin/kotlin-script-runtime/1.4.0/52ac54a56c9121f54fcca387c5a0f441d1af9be8/kotlin-script-runtime-1.4.0.jar
7f5ef7025000-7f5ef702d000 rw-s 00000000 08:14 1838673                    /tmp/hsperfdata_matze/4758
7f5ef702d000-7f5ef702e000 rw-p 00000000 00:00 0 
7f5ef702e000-7f5ef703b000 r-xp 00000000 08:00 1608982                    /home/matze/android-studio/jre/jre/lib/amd64/libverify.so
7f5ef703b000-7f5ef703d000 r--p 0000c000 08:00 1608982                    /home/matze/android-studio/jre/jre/lib/amd64/libverify.so
7f5ef703d000-7f5ef703e000 rw-p 0000e000 08:00 1608982                    /home/matze/android-studio/jre/jre/lib/amd64/libverify.so
7f5ef703e000-7f5ef7040000 rw-p 00000000 00:00 0 
7f5ef7040000-7f5ef7041000 r--p 00000000 08:14 3020617                    /usr/lib/x86_64-linux-gnu/ld-2.31.so
7f5ef7041000-7f5ef7064000 r-xp 00001000 08:14 3020617                    /usr/lib/x86_64-linux-gnu/ld-2.31.so
7f5ef7064000-7f5ef706c000 r--p 00024000 08:14 3020617                    /usr/lib/x86_64-linux-gnu/ld-2.31.so
7f5ef706c000-7f5ef706d000 ---p 00000000 00:00 0 
7f5ef706d000-7f5ef706e000 r--p 0002c000 08:14 3020617                    /usr/lib/x86_64-linux-gnu/ld-2.31.so
7f5ef706e000-7f5ef706f000 rw-p 0002d000 08:14 3020617                    /usr/lib/x86_64-linux-gnu/ld-2.31.so
7f5ef706f000-7f5ef7070000 rw-p 00000000 00:00 0 
7ffe927e8000-7ffe92809000 rw-p 00000000 00:00 0                          [stack]
7ffe92828000-7ffe9282b000 r--p 00000000 00:00 0                          [vvar]
7ffe9282b000-7ffe9282c000 r-xp 00000000 00:00 0                          [vdso]
ffffffffff600000-ffffffffff601000 --xp 00000000 00:00 0                  [vsyscall]

VM Arguments:
java_command: org.jetbrains.kotlin.cli.jvm.K2JVMCompiler @/home/matze/Documents/Programming/Android/Splitter/app/build/20201005_145254577088192878.compiler.options
java_class_path (initial): /home/matze/.gradle/caches/modules-2/files-2.1/org.jetbrains.kotlin/kotlin-compiler-embeddable/1.4.0/e5f0d669a77787ccbccd49c71b57bfd7b35faec4/kotlin-compiler-embeddable-1.4.0.jar:/home/matze/.gradle/caches/modules-2/files-2.1/org.jetbrains.kotlin/kotlin-reflect/1.4.0/aa2101a19d8688e368ae6e35e8967550ced73884/kotlin-reflect-1.4.0.jar:/home/matze/.gradle/caches/modules-2/files-2.1/org.jetbrains.kotlin/kotlin-stdlib/1.4.0/63e75298e93d4ae0b299bb869cf0c627196f8843/kotlin-stdlib-1.4.0.jar:/home/matze/.gradle/caches/modules-2/files-2.1/org.jetbrains.kotlin/kotlin-script-runtime/1.4.0/52ac54a56c9121f54fcca387c5a0f441d1af9be8/kotlin-script-runtime-1.4.0.jar:/home/matze/.gradle/caches/modules-2/files-2.1/org.jetbrains.kotlin/kotlin-daemon-embeddable/1.4.0/633873c93bba12bcf764e1cf8fb36baa5501b8ff/kotlin-daemon-embeddable-1.4.0.jar:/home/matze/.gradle/caches/modules-2/files-2.1/org.jetbrains.intellij.deps/trove4j/1.0.20181211/216c2e14b070f334479d800987affe4054cd563f/trove4j-1.0.20181211.jar:/home/matze/.gradle/caches/modules-2/files-2.1/org.jetbrains.kotlin/kotlin-stdlib-common/1.4.0/1c752cce0ead8d504ccc88a4fed6471fd83ab0dd/kotlin-stdlib-common-1.4.0.jar:/home/matze/.gradle/caches/modules-2/files-2.1/org.jetbrains/annotations/13.0/919f0dfe192fb4e063e7dacadee7f8bb9a2672a9/annotations-13.0.jar:/home/matze/android-studio/jre/lib/tools.jar
Launcher Type: SUN_STANDARD

Environment Variables:
PATH=/home/matze/.local/bin:/home/matze/.cargo/bin:/usr/local/sbin:/usr/local/bin:/usr/sbin:/usr/bin:/sbin:/bin:/usr/games:/usr/local/games:/snap/bin
SHELL=/bin/zsh
DISPLAY=:0

Signal Handlers:
SIGSEGV: [libjvm.so+0xa13c80], sa_mask[0]=11111111011111111101111111111110, sa_flags=SA_RESTART|SA_SIGINFO
SIGBUS: [libjvm.so+0xa13c80], sa_mask[0]=11111111011111111101111111111110, sa_flags=SA_RESTART|SA_SIGINFO
SIGFPE: [libjvm.so+0x874670], sa_mask[0]=11111111011111111101111111111110, sa_flags=SA_RESTART|SA_SIGINFO
SIGPIPE: [libjvm.so+0x874670], sa_mask[0]=11111111011111111101111111111110, sa_flags=SA_RESTART|SA_SIGINFO
SIGXFSZ: [libjvm.so+0x874670], sa_mask[0]=11111111011111111101111111111110, sa_flags=SA_RESTART|SA_SIGINFO
SIGILL: [libjvm.so+0x874670], sa_mask[0]=11111111011111111101111111111110, sa_flags=SA_RESTART|SA_SIGINFO
SIGUSR1: SIG_DFL, sa_mask[0]=00000000000000000000000000000000, sa_flags=none
SIGUSR2: [libjvm.so+0x874540], sa_mask[0]=00100000000000000000000000000000, sa_flags=SA_RESTART|SA_SIGINFO
SIGHUP: [libjvm.so+0x874730], sa_mask[0]=11111111011111111101111111111110, sa_flags=SA_RESTART|SA_SIGINFO
SIGINT: [libjvm.so+0x874730], sa_mask[0]=11111111011111111101111111111110, sa_flags=SA_RESTART|SA_SIGINFO
SIGTERM: [libjvm.so+0x874730], sa_mask[0]=11111111011111111101111111111110, sa_flags=SA_RESTART|SA_SIGINFO
SIGQUIT: [libjvm.so+0x874730], sa_mask[0]=11111111011111111101111111111110, sa_flags=SA_RESTART|SA_SIGINFO


---------------  S Y S T E M  ---------------

OS:DISTRIB_ID=Ubuntu
DISTRIB_RELEASE=20.04
DISTRIB_CODENAME=focal
DISTRIB_DESCRIPTION="Ubuntu 20.04.1 LTS"

uname:Linux 5.4.0-48-generic #52-Ubuntu SMP Thu Sep 10 10:58:49 UTC 2020 x86_64
libc:glibc 2.31 NPTL 2.31 
rlimit: STACK 8192k, CORE 0k, NPROC 63413, NOFILE 1048576, AS infinity
load average:0,85 0,64 0,45

/proc/meminfo:
MemTotal:       16404516 kB
MemFree:         6252128 kB
MemAvailable:   10718592 kB
Buffers:          554196 kB
Cached:          3846316 kB
SwapCached:            0 kB
Active:          5888768 kB
Inactive:        2984028 kB
Active(anon):    4392388 kB
Inactive(anon):   394216 kB
Active(file):    1496380 kB
Inactive(file):  2589812 kB
Unevictable:          64 kB
Mlocked:              64 kB
SwapTotal:       1907708 kB
SwapFree:        1907708 kB
Dirty:              9916 kB
Writeback:             0 kB
AnonPages:       4472712 kB
Mapped:          1424676 kB
Shmem:            415624 kB
KReclaimable:     718276 kB
Slab:             969892 kB
SReclaimable:     718276 kB
SUnreclaim:       251616 kB
KernelStack:       20384 kB
PageTables:        61936 kB
NFS_Unstable:          0 kB
Bounce:                0 kB
WritebackTmp:          0 kB
CommitLimit:    10109964 kB
Committed_AS:   13930780 kB
VmallocTotal:   34359738367 kB
VmallocUsed:       59540 kB
VmallocChunk:          0 kB
Percpu:            30336 kB
HardwareCorrupted:     0 kB
AnonHugePages:         0 kB
ShmemHugePages:        0 kB
ShmemPmdMapped:        0 kB
FileHugePages:         0 kB
FilePmdMapped:         0 kB
CmaTotal:              0 kB
CmaFree:               0 kB
HugePages_Total:       0
HugePages_Free:        0
HugePages_Rsvd:        0
HugePages_Surp:        0
Hugepagesize:       2048 kB
Hugetlb:               0 kB
DirectMap4k:      688612 kB
DirectMap2M:    12890112 kB
DirectMap1G:     3145728 kB

container (cgroup) information:
container_type: cgroupv1
cpu_cpuset_cpus: 0-11
cpu_memory_nodes: 0
active_processor_count: 12
cpu_quota: -1
cpu_period: 100000
cpu_shares: -1
memory_limit_in_bytes: -1
memory_and_swap_limit_in_bytes: -2
memory_soft_limit_in_bytes: -1
memory_usage_in_bytes: 8717914112
memory_max_usage_in_bytes: 8896770048


CPU:total 12 (initial active 12) (12 cores per cpu, 1 threads per core) family 23 model 113 stepping 0, cmov, cx8, fxsr, mmx, sse, sse2, sse3, ssse3, sse4.1, sse4.2, popcnt, avx, avx2, aes, clmul, mmxext, 3dnowpref, lzcnt, sse4a, tsc, tscinvbit, tscinv, bmi1

/proc/cpuinfo:
processor	: 0
vendor_id	: AuthenticAMD
cpu family	: 23
model		: 113
model name	: AMD Ryzen 5 3600 6-Core Processor
stepping	: 0
microcode	: 0x8701021
cpu MHz		: 4081.799
cache size	: 512 KB
physical id	: 0
siblings	: 12
core id		: 0
cpu cores	: 6
apicid		: 0
initial apicid	: 0
fpu		: yes
fpu_exception	: yes
cpuid level	: 16
wp		: yes
flags		: fpu vme de pse tsc msr pae mce cx8 apic sep mtrr pge mca cmov pat pse36 clflush mmx fxsr sse sse2 ht syscall nx mmxext fxsr_opt pdpe1gb rdtscp lm constant_tsc rep_good nopl nonstop_tsc cpuid extd_apicid aperfmperf pni pclmulqdq monitor ssse3 fma cx16 sse4_1 sse4_2 movbe popcnt aes xsave avx f16c rdrand lahf_lm cmp_legacy svm extapic cr8_legacy abm sse4a misalignsse 3dnowprefetch osvw ibs skinit wdt tce topoext perfctr_core perfctr_nb bpext perfctr_llc mwaitx cpb cat_l3 cdp_l3 hw_pstate sme ssbd mba sev ibpb stibp vmmcall fsgsbase bmi1 avx2 smep bmi2 cqm rdt_a rdseed adx smap clflushopt clwb sha_ni xsaveopt xsavec xgetbv1 xsaves cqm_llc cqm_occup_llc cqm_mbm_total cqm_mbm_local clzero irperf xsaveerptr wbnoinvd arat npt lbrv svm_lock nrip_save tsc_scale vmcb_clean flushbyasid decodeassists pausefilter pfthreshold avic v_vmsave_vmload vgif umip rdpid overflow_recov succor smca
bugs		: sysret_ss_attrs spectre_v1 spectre_v2 spec_store_bypass
bogomips	: 7199.43
TLB size	: 3072 4K pages
clflush size	: 64
cache_alignment	: 64
address sizes	: 43 bits physical, 48 bits virtual
power management: ts ttp tm hwpstate cpb eff_freq_ro [13] [14]

processor	: 1
vendor_id	: AuthenticAMD
cpu family	: 23
model		: 113
model name	: AMD Ryzen 5 3600 6-Core Processor
stepping	: 0
microcode	: 0x8701021
cpu MHz		: 2546.682
cache size	: 512 KB
physical id	: 0
siblings	: 12
core id		: 1
cpu cores	: 6
apicid		: 2
initial apicid	: 2
fpu		: yes
fpu_exception	: yes
cpuid level	: 16
wp		: yes
flags		: fpu vme de pse tsc msr pae mce cx8 apic sep mtrr pge mca cmov pat pse36 clflush mmx fxsr sse sse2 ht syscall nx mmxext fxsr_opt pdpe1gb rdtscp lm constant_tsc rep_good nopl nonstop_tsc cpuid extd_apicid aperfmperf pni pclmulqdq monitor ssse3 fma cx16 sse4_1 sse4_2 movbe popcnt aes xsave avx f16c rdrand lahf_lm cmp_legacy svm extapic cr8_legacy abm sse4a misalignsse 3dnowprefetch osvw ibs skinit wdt tce topoext perfctr_core perfctr_nb bpext perfctr_llc mwaitx cpb cat_l3 cdp_l3 hw_pstate sme ssbd mba sev ibpb stibp vmmcall fsgsbase bmi1 avx2 smep bmi2 cqm rdt_a rdseed adx smap clflushopt clwb sha_ni xsaveopt xsavec xgetbv1 xsaves cqm_llc cqm_occup_llc cqm_mbm_total cqm_mbm_local clzero irperf xsaveerptr wbnoinvd arat npt lbrv svm_lock nrip_save tsc_scale vmcb_clean flushbyasid decodeassists pausefilter pfthreshold avic v_vmsave_vmload vgif umip rdpid overflow_recov succor smca
bugs		: sysret_ss_attrs spectre_v1 spectre_v2 spec_store_bypass
bogomips	: 7199.43
TLB size	: 3072 4K pages
clflush size	: 64
cache_alignment	: 64
address sizes	: 43 bits physical, 48 bits virtual
power management: ts ttp tm hwpstate cpb eff_freq_ro [13] [14]

processor	: 2
vendor_id	: AuthenticAMD
cpu family	: 23
model		: 113
model name	: AMD Ryzen 5 3600 6-Core Processor
stepping	: 0
microcode	: 0x8701021
cpu MHz		: 2729.479
cache size	: 512 KB
physical id	: 0
siblings	: 12
core id		: 2
cpu cores	: 6
apicid		: 4
initial apicid	: 4
fpu		: yes
fpu_exception	: yes
cpuid level	: 16
wp		: yes
flags		: fpu vme de pse tsc msr pae mce cx8 apic sep mtrr pge mca cmov pat pse36 clflush mmx fxsr sse sse2 ht syscall nx mmxext fxsr_opt pdpe1gb rdtscp lm constant_tsc rep_good nopl nonstop_tsc cpuid extd_apicid aperfmperf pni pclmulqdq monitor ssse3 fma cx16 sse4_1 sse4_2 movbe popcnt aes xsave avx f16c rdrand lahf_lm cmp_legacy svm extapic cr8_legacy abm sse4a misalignsse 3dnowprefetch osvw ibs skinit wdt tce topoext perfctr_core perfctr_nb bpext perfctr_llc mwaitx cpb cat_l3 cdp_l3 hw_pstate sme ssbd mba sev ibpb stibp vmmcall fsgsbase bmi1 avx2 smep bmi2 cqm rdt_a rdseed adx smap clflushopt clwb sha_ni xsaveopt xsavec xgetbv1 xsaves cqm_llc cqm_occup_llc cqm_mbm_total cqm_mbm_local clzero irperf xsaveerptr wbnoinvd arat npt lbrv svm_lock nrip_save tsc_scale vmcb_clean flushbyasid decodeassists pausefilter pfthreshold avic v_vmsave_vmload vgif umip rdpid overflow_recov succor smca
bugs		: sysret_ss_attrs spectre_v1 spectre_v2 spec_store_bypass
bogomips	: 7199.43
TLB size	: 3072 4K pages
clflush size	: 64
cache_alignment	: 64
address sizes	: 43 bits physical, 48 bits virtual
power management: ts ttp tm hwpstate cpb eff_freq_ro [13] [14]

processor	: 3
vendor_id	: AuthenticAMD
cpu family	: 23
model		: 113
model name	: AMD Ryzen 5 3600 6-Core Processor
stepping	: 0
microcode	: 0x8701021
cpu MHz		: 3111.131
cache size	: 512 KB
physical id	: 0
siblings	: 12
core id		: 4
cpu cores	: 6
apicid		: 8
initial apicid	: 8
fpu		: yes
fpu_exception	: yes
cpuid level	: 16
wp		: yes
flags		: fpu vme de pse tsc msr pae mce cx8 apic sep mtrr pge mca cmov pat pse36 clflush mmx fxsr sse sse2 ht syscall nx mmxext fxsr_opt pdpe1gb rdtscp lm constant_tsc rep_good nopl nonstop_tsc cpuid extd_apicid aperfmperf pni pclmulqdq monitor ssse3 fma cx16 sse4_1 sse4_2 movbe popcnt aes xsave avx f16c rdrand lahf_lm cmp_legacy svm extapic cr8_legacy abm sse4a misalignsse 3dnowprefetch osvw ibs skinit wdt tce topoext perfctr_core perfctr_nb bpext perfctr_llc mwaitx cpb cat_l3 cdp_l3 hw_pstate sme ssbd mba sev ibpb stibp vmmcall fsgsbase bmi1 avx2 smep bmi2 cqm rdt_a rdseed adx smap clflushopt clwb sha_ni xsaveopt xsavec xgetbv1 xsaves cqm_llc cqm_occup_llc cqm_mbm_total cqm_mbm_local clzero irperf xsaveerptr wbnoinvd arat npt lbrv svm_lock nrip_save tsc_scale vmcb_clean flushbyasid decodeassists pausefilter pfthreshold avic v_vmsave_vmload vgif umip rdpid overflow_recov succor smca
bugs		: sysret_ss_attrs spectre_v1 spectre_v2 spec_store_bypass
bogomips	: 7199.43
TLB size	: 3072 4K pages
clflush size	: 64
cache_alignment	: 64
address sizes	: 43 bits physical, 48 bits virtual
power management: ts ttp tm hwpstate cpb eff_freq_ro [13] [14]

processor	: 4
vendor_id	: AuthenticAMD
cpu family	: 23
model		: 113
model name	: AMD Ryzen 5 3600 6-Core Processor
stepping	: 0
microcode	: 0x8701021
cpu MHz		: 3880.477
cache size	: 512 KB
physical id	: 0
siblings	: 12
core id		: 5
cpu cores	: 6
apicid		: 10
initial apicid	: 10
fpu		: yes
fpu_exception	: yes
cpuid level	: 16
wp		: yes
flags		: fpu vme de pse tsc msr pae mce cx8 apic sep mtrr pge mca cmov pat pse36 clflush mmx fxsr sse sse2 ht syscall nx mmxext fxsr_opt pdpe1gb rdtscp lm constant_tsc rep_good nopl nonstop_tsc cpuid extd_apicid aperfmperf pni pclmulqdq monitor ssse3 fma cx16 sse4_1 sse4_2 movbe popcnt aes xsave avx f16c rdrand lahf_lm cmp_legacy svm extapic cr8_legacy abm sse4a misalignsse 3dnowprefetch osvw ibs skinit wdt tce topoext perfctr_core perfctr_nb bpext perfctr_llc mwaitx cpb cat_l3 cdp_l3 hw_pstate sme ssbd mba sev ibpb stibp vmmcall fsgsbase bmi1 avx2 smep bmi2 cqm rdt_a rdseed adx smap clflushopt clwb sha_ni xsaveopt xsavec xgetbv1 xsaves cqm_llc cqm_occup_llc cqm_mbm_total cqm_mbm_local clzero irperf xsaveerptr wbnoinvd arat npt lbrv svm_lock nrip_save tsc_scale vmcb_clean flushbyasid decodeassists pausefilter pfthreshold avic v_vmsave_vmload vgif umip rdpid overflow_recov succor smca
bugs		: sysret_ss_attrs spectre_v1 spectre_v2 spec_store_bypass
bogomips	: 7199.43
TLB size	: 3072 4K pages
clflush size	: 64
cache_alignment	: 64
address sizes	: 43 bits physical, 48 bits virtual
power management: ts ttp tm hwpstate cpb eff_freq_ro [13] [14]

processor	: 5
vendor_id	: AuthenticAMD
cpu family	: 23
model		: 113
model name	: AMD Ryzen 5 3600 6-Core Processor
stepping	: 0
microcode	: 0x8701021
cpu MHz		: 2162.778
cache size	: 512 KB
physical id	: 0
siblings	: 12
core id		: 6
cpu cores	: 6
apicid		: 12
initial apicid	: 12
fpu		: yes
fpu_exception	: yes
cpuid level	: 16
wp		: yes
flags		: fpu vme de pse tsc msr pae mce cx8 apic sep mtrr pge mca cmov pat pse36 clflush mmx fxsr sse sse2 ht syscall nx mmxext fxsr_opt pdpe1gb rdtscp lm constant_tsc rep_good nopl nonstop_tsc cpuid extd_apicid aperfmperf pni pclmulqdq monitor ssse3 fma cx16 sse4_1 sse4_2 movbe popcnt aes xsave avx f16c rdrand lahf_lm cmp_legacy svm extapic cr8_legacy abm sse4a misalignsse 3dnowprefetch osvw ibs skinit wdt tce topoext perfctr_core perfctr_nb bpext perfctr_llc mwaitx cpb cat_l3 cdp_l3 hw_pstate sme ssbd mba sev ibpb stibp vmmcall fsgsbase bmi1 avx2 smep bmi2 cqm rdt_a rdseed adx smap clflushopt clwb sha_ni xsaveopt xsavec xgetbv1 xsaves cqm_llc cqm_occup_llc cqm_mbm_total cqm_mbm_local clzero irperf xsaveerptr wbnoinvd arat npt lbrv svm_lock nrip_save tsc_scale vmcb_clean flushbyasid decodeassists pausefilter pfthreshold avic v_vmsave_vmload vgif umip rdpid overflow_recov succor smca
bugs		: sysret_ss_attrs spectre_v1 spectre_v2 spec_store_bypass
bogomips	: 7199.43
TLB size	: 3072 4K pages
clflush size	: 64
cache_alignment	: 64
address sizes	: 43 bits physical, 48 bits virtual
power management: ts ttp tm hwpstate cpb eff_freq_ro [13] [14]

processor	: 6
vendor_id	: AuthenticAMD
cpu family	: 23
model		: 113
model name	: AMD Ryzen 5 3600 6-Core Processor
stepping	: 0
microcode	: 0x8701021
cpu MHz		: 4079.620
cache size	: 512 KB
physical id	: 0
siblings	: 12
core id		: 0
cpu cores	: 6
apicid		: 1
initial apicid	: 1
fpu		: yes
fpu_exception	: yes
cpuid level	: 16
wp		: yes
flags		: fpu vme de pse tsc msr pae mce cx8 apic sep mtrr pge mca cmov pat pse36 clflush mmx fxsr sse sse2 ht syscall nx mmxext fxsr_opt pdpe1gb rdtscp lm constant_tsc rep_good nopl nonstop_tsc cpuid extd_apicid aperfmperf pni pclmulqdq monitor ssse3 fma cx16 sse4_1 sse4_2 movbe popcnt aes xsave avx f16c rdrand lahf_lm cmp_legacy svm extapic cr8_legacy abm sse4a misalignsse 3dnowprefetch osvw ibs skinit wdt tce topoext perfctr_core perfctr_nb bpext perfctr_llc mwaitx cpb cat_l3 cdp_l3 hw_pstate sme ssbd mba sev ibpb stibp vmmcall fsgsbase bmi1 avx2 smep bmi2 cqm rdt_a rdseed adx smap clflushopt clwb sha_ni xsaveopt xsavec xgetbv1 xsaves cqm_llc cqm_occup_llc cqm_mbm_total cqm_mbm_local clzero irperf xsaveerptr wbnoinvd arat npt lbrv svm_lock nrip_save tsc_scale vmcb_clean flushbyasid decodeassists pausefilter pfthreshold avic v_vmsave_vmload vgif umip rdpid overflow_recov succor smca
bugs		: sysret_ss_attrs spectre_v1 spectre_v2 spec_store_bypass
bogomips	: 7199.43
TLB size	: 3072 4K pages
clflush size	: 64
cache_alignment	: 64
address sizes	: 43 bits physical, 48 bits virtual
power management: ts ttp tm hwpstate cpb eff_freq_ro [13] [14]

processor	: 7
vendor_id	: AuthenticAMD
cpu family	: 23
model		: 113
model name	: AMD Ryzen 5 3600 6-Core Processor
stepping	: 0
microcode	: 0x8701021
cpu MHz		: 2660.142
cache size	: 512 KB
physical id	: 0
siblings	: 12
core id		: 1
cpu cores	: 6
apicid		: 3
initial apicid	: 3
fpu		: yes
fpu_exception	: yes
cpuid level	: 16
wp		: yes
flags		: fpu vme de pse tsc msr pae mce cx8 apic sep mtrr pge mca cmov pat pse36 clflush mmx fxsr sse sse2 ht syscall nx mmxext fxsr_opt pdpe1gb rdtscp lm constant_tsc rep_good nopl nonstop_tsc cpuid extd_apicid aperfmperf pni pclmulqdq monitor ssse3 fma cx16 sse4_1 sse4_2 movbe popcnt aes xsave avx f16c rdrand lahf_lm cmp_legacy svm extapic cr8_legacy abm sse4a misalignsse 3dnowprefetch osvw ibs skinit wdt tce topoext perfctr_core perfctr_nb bpext perfctr_llc mwaitx cpb cat_l3 cdp_l3 hw_pstate sme ssbd mba sev ibpb stibp vmmcall fsgsbase bmi1 avx2 smep bmi2 cqm rdt_a rdseed adx smap clflushopt clwb sha_ni xsaveopt xsavec xgetbv1 xsaves cqm_llc cqm_occup_llc cqm_mbm_total cqm_mbm_local clzero irperf xsaveerptr wbnoinvd arat npt lbrv svm_lock nrip_save tsc_scale vmcb_clean flushbyasid decodeassists pausefilter pfthreshold avic v_vmsave_vmload vgif umip rdpid overflow_recov succor smca
bugs		: sysret_ss_attrs spectre_v1 spectre_v2 spec_store_bypass
bogomips	: 7199.43
TLB size	: 3072 4K pages
clflush size	: 64
cache_alignment	: 64
address sizes	: 43 bits physical, 48 bits virtual
power management: ts ttp tm hwpstate cpb eff_freq_ro [13] [14]

processor	: 8
vendor_id	: AuthenticAMD
cpu family	: 23
model		: 113
model name	: AMD Ryzen 5 3600 6-Core Processor
stepping	: 0
microcode	: 0x8701021
cpu MHz		: 2497.008
cache size	: 512 KB
physical id	: 0
siblings	: 12
core id		: 2
cpu cores	: 6
apicid		: 5
initial apicid	: 5
fpu		: yes
fpu_exception	: yes
cpuid level	: 16
wp		: yes
flags		: fpu vme de pse tsc msr pae mce cx8 apic sep mtrr pge mca cmov pat pse36 clflush mmx fxsr sse sse2 ht syscall nx mmxext fxsr_opt pdpe1gb rdtscp lm constant_tsc rep_good nopl nonstop_tsc cpuid extd_apicid aperfmperf pni pclmulqdq monitor ssse3 fma cx16 sse4_1 sse4_2 movbe popcnt aes xsave avx f16c rdrand lahf_lm cmp_legacy svm extapic cr8_legacy abm sse4a misalignsse 3dnowprefetch osvw ibs skinit wdt tce topoext perfctr_core perfctr_nb bpext perfctr_llc mwaitx cpb cat_l3 cdp_l3 hw_pstate sme ssbd mba sev ibpb stibp vmmcall fsgsbase bmi1 avx2 smep bmi2 cqm rdt_a rdseed adx smap clflushopt clwb sha_ni xsaveopt xsavec xgetbv1 xsaves cqm_llc cqm_occup_llc cqm_mbm_total cqm_mbm_local clzero irperf xsaveerptr wbnoinvd arat npt lbrv svm_lock nrip_save tsc_scale vmcb_clean flushbyasid decodeassists pausefilter pfthreshold avic v_vmsave_vmload vgif umip rdpid overflow_recov succor smca
bugs		: sysret_ss_attrs spectre_v1 spectre_v2 spec_store_bypass
bogomips	: 7199.43
TLB size	: 3072 4K pages
clflush size	: 64
cache_alignment	: 64
address sizes	: 43 bits physical, 48 bits virtual
power management: ts ttp tm hwpstate cpb eff_freq_ro [13] [14]

processor	: 9
vendor_id	: AuthenticAMD
cpu family	: 23
model		: 113
model name	: AMD Ryzen 5 3600 6-Core Processor
stepping	: 0
microcode	: 0x8701021
cpu MHz		: 3134.824
cache size	: 512 KB
physical id	: 0
siblings	: 12
core id		: 4
cpu cores	: 6
apicid		: 9
initial apicid	: 9
fpu		: yes
fpu_exception	: yes
cpuid level	: 16
wp		: yes
flags		: fpu vme de pse tsc msr pae mce cx8 apic sep mtrr pge mca cmov pat pse36 clflush mmx fxsr sse sse2 ht syscall nx mmxext fxsr_opt pdpe1gb rdtscp lm constant_tsc rep_good nopl nonstop_tsc cpuid extd_apicid aperfmperf pni pclmulqdq monitor ssse3 fma cx16 sse4_1 sse4_2 movbe popcnt aes xsave avx f16c rdrand lahf_lm cmp_legacy svm extapic cr8_legacy abm sse4a misalignsse 3dnowprefetch osvw ibs skinit wdt tce topoext perfctr_core perfctr_nb bpext perfctr_llc mwaitx cpb cat_l3 cdp_l3 hw_pstate sme ssbd mba sev ibpb stibp vmmcall fsgsbase bmi1 avx2 smep bmi2 cqm rdt_a rdseed adx smap clflushopt clwb sha_ni xsaveopt xsavec xgetbv1 xsaves cqm_llc cqm_occup_llc cqm_mbm_total cqm_mbm_local clzero irperf xsaveerptr wbnoinvd arat npt lbrv svm_lock nrip_save tsc_scale vmcb_clean flushbyasid decodeassists pausefilter pfthreshold avic v_vmsave_vmload vgif umip rdpid overflow_recov succor smca
bugs		: sysret_ss_attrs spectre_v1 spectre_v2 spec_store_bypass
bogomips	: 7199.43
TLB size	: 3072 4K pages
clflush size	: 64
cache_alignment	: 64
address sizes	: 43 bits physical, 48 bits virtual
power management: ts ttp tm hwpstate cpb eff_freq_ro [13] [14]

processor	: 10
vendor_id	: AuthenticAMD
cpu family	: 23
model		: 113
model name	: AMD Ryzen 5 3600 6-Core Processor
stepping	: 0
microcode	: 0x8701021
cpu MHz		: 2924.605
cache size	: 512 KB
physical id	: 0
siblings	: 12
core id		: 5
cpu cores	: 6
apicid		: 11
initial apicid	: 11
fpu		: yes
fpu_exception	: yes
cpuid level	: 16
wp		: yes
flags		: fpu vme de pse tsc msr pae mce cx8 apic sep mtrr pge mca cmov pat pse36 clflush mmx fxsr sse sse2 ht syscall nx mmxext fxsr_opt pdpe1gb rdtscp lm constant_tsc rep_good nopl nonstop_tsc cpuid extd_apicid aperfmperf pni pclmulqdq monitor ssse3 fma cx16 sse4_1 sse4_2 movbe popcnt aes xsave avx f16c rdrand lahf_lm cmp_legacy svm extapic cr8_legacy abm sse4a misalignsse 3dnowprefetch osvw ibs skinit wdt tce topoext perfctr_core perfctr_nb bpext perfctr_llc mwaitx cpb cat_l3 cdp_l3 hw_pstate sme ssbd mba sev ibpb stibp vmmcall fsgsbase bmi1 avx2 smep bmi2 cqm rdt_a rdseed adx smap clflushopt clwb sha_ni xsaveopt xsavec xgetbv1 xsaves cqm_llc cqm_occup_llc cqm_mbm_total cqm_mbm_local clzero irperf xsaveerptr wbnoinvd arat npt lbrv svm_lock nrip_save tsc_scale vmcb_clean flushbyasid decodeassists pausefilter pfthreshold avic v_vmsave_vmload vgif umip rdpid overflow_recov succor smca
bugs		: sysret_ss_attrs spectre_v1 spectre_v2 spec_store_bypass
bogomips	: 7199.43
TLB size	: 3072 4K pages
clflush size	: 64
cache_alignment	: 64
address sizes	: 43 bits physical, 48 bits virtual
power management: ts ttp tm hwpstate cpb eff_freq_ro [13] [14]

processor	: 11
vendor_id	: AuthenticAMD
cpu family	: 23
model		: 113
model name	: AMD Ryzen 5 3600 6-Core Processor
stepping	: 0
microcode	: 0x8701021
cpu MHz		: 2588.815
cache size	: 512 KB
physical id	: 0
siblings	: 12
core id		: 6
cpu cores	: 6
apicid		: 13
initial apicid	: 13
fpu		: yes
fpu_exception	: yes
cpuid level	: 16
wp		: yes
flags		: fpu vme de pse tsc msr pae mce cx8 apic sep mtrr pge mca cmov pat pse36 clflush mmx fxsr sse sse2 ht syscall nx mmxext fxsr_opt pdpe1gb rdtscp lm constant_tsc rep_good nopl nonstop_tsc cpuid extd_apicid aperfmperf pni pclmulqdq monitor ssse3 fma cx16 sse4_1 sse4_2 movbe popcnt aes xsave avx f16c rdrand lahf_lm cmp_legacy svm extapic cr8_legacy abm sse4a misalignsse 3dnowprefetch osvw ibs skinit wdt tce topoext perfctr_core perfctr_nb bpext perfctr_llc mwaitx cpb cat_l3 cdp_l3 hw_pstate sme ssbd mba sev ibpb stibp vmmcall fsgsbase bmi1 avx2 smep bmi2 cqm rdt_a rdseed adx smap clflushopt clwb sha_ni xsaveopt xsavec xgetbv1 xsaves cqm_llc cqm_occup_llc cqm_mbm_total cqm_mbm_local clzero irperf xsaveerptr wbnoinvd arat npt lbrv svm_lock nrip_save tsc_scale vmcb_clean flushbyasid decodeassists pausefilter pfthreshold avic v_vmsave_vmload vgif umip rdpid overflow_recov succor smca
bugs		: sysret_ss_attrs spectre_v1 spectre_v2 spec_store_bypass
bogomips	: 7199.43
TLB size	: 3072 4K pages
clflush size	: 64
cache_alignment	: 64
address sizes	: 43 bits physical, 48 bits virtual
power management: ts ttp tm hwpstate cpb eff_freq_ro [13] [14]



Memory: 4k page, physical 16404516k(6252128k free), swap 1907708k(1907708k free)

vm_info: OpenJDK 64-Bit Server VM (25.242-b3-6222593) for linux-amd64 JRE (1.8.0_242-release-1644-b3-6222593), built by "android-build" with gcc 4.8

time: Mon Oct  5 14:48:50 2020
timezone: CEST
elapsed time: 0 seconds (0d 0h 0m 0s)

