#
# A fatal error has been detected by the Java Runtime Environment:
#
#  SIGSEGV (0xb) at pc=0x00007fe4df11b62e, pid=5077, tid=0x00007fe4c1cbb700
#
# JRE version: OpenJDK Runtime Environment (8.0_242) (build 1.8.0_242-release-1644-b3-6222593)
# Java VM: OpenJDK 64-Bit Server VM (25.242-b3-6222593 mixed mode linux-amd64 compressed oops)
# Problematic frame:
# V  [libjvm.so+0x5f962e]  PhaseChaitin::interfere_with_live(unsigned int, IndexSet*)+0x15e
#
# Failed to write core dump. Core dumps have been disabled. To enable core dumping, try "ulimit -c unlimited" before starting Java again
#
# If you would like to submit a bug report, please visit:
#   http://bugreport.java.com/bugreport/crash.jsp
#

---------------  T H R E A D  ---------------

Current thread (0x00007fe4d80c9000):  JavaThread "C2 CompilerThread1" daemon [_thread_in_native, id=5096, stack(0x00007fe4c1bbc000,0x00007fe4c1cbc000)]

siginfo: si_signo: 11 (SIGSEGV), si_code: 2 (SEGV_ACCERR), si_addr: 0x00007fe4dfa2dea8

Registers:
RAX=0x00000000fff78984, RBX=0x00007fe4c1cb75d0, RCX=0x00000000fff78984, RDX=0x00007fe4dfa2dea8
RSP=0x00007fe4c1cb75c0, RBP=0x00007fe4c1cb7640, RSI=0x0000000000000100, RDI=0x0000000000000b48
R8 =0x00007fe460a71440, R9 =0x0000000000000000, R10=0x0000000000000500, R11=0x0000000000000000
R12=0x00000000000020c6, R13=0x0000000000147bc0, R14=0x00007fe460bae670, R15=0x00007fe4c1cb7b90
RIP=0x00007fe4df11b62e, EFLAGS=0x0000000000010206, CSGSFS=0x002b000000000033, ERR=0x0000000000000007
  TRAPNO=0x000000000000000e

Top of Stack: (sp=0x00007fe4c1cb75c0)
0x00007fe4c1cb75c0:   0000236200000160 00007fe460ac98c0
0x00007fe4c1cb75d0:   00000b4a00000001 00007fe400000003
0x00007fe4c1cb75e0:   00007fe458299820 00007fe40000000c
0x00007fe4c1cb75f0:   00007fe458299da0 00007fe40000002c
0x00007fe4c1cb7600:   00007fe4c1cb77d0 00007fe4c1cb76d0
0x00007fe4c1cb7610:   00007fe4c1cb7620 00007fe4640e70c8
0x00007fe4c1cb7620:   00007fe46c36e740 00007fe460bae670
0x00007fe4c1cb7630:   00000000000020c6 00007fe4c1cb7b90
0x00007fe4c1cb7640:   00007fe4c1cb78a0 00007fe4df11c74f
0x00007fe4c1cb7650:   00007fe46c103590 00007fe4c1cb76d0
0x00007fe4c1cb7660:   00007fe4c1cb76e0 ffbfffff00000000
0x00007fe4c1cb7670:   00007fe46c84c708 0000000000000000
0x00007fe4c1cb7680:   00007fe4c1cb7720 00007fe4c1cb7750
0x00007fe4c1cb7690:   0000000000000001 00007fe4c1cb77d0
0x00007fe4c1cb76a0:   0000001000000534 00007fe460b22b40
0x00007fe4c1cb76b0:   00000000000d5070 00007fe46c36e740
0x00007fe4c1cb76c0:   0000000d0000000e 3fbfcadf08000000
0x00007fe4c1cb76d0:   0000000000000003 00007fe4641f11b0
0x00007fe4c1cb76e0:   0000001100000011 00007fe46c201d50
0x00007fe4c1cb76f0:   0000000000000000 0000000000000000
0x00007fe4c1cb7700:   0000000000000000 ffffffffffffffff
0x00007fe4c1cb7710:   ffffffffffffffff 00007fe4df288949
0x00007fe4c1cb7720:   0000000000c00000 0000000000000000
0x00007fe4c1cb7730:   0000000000000000 0000000000000000
0x00007fe4c1cb7740:   0000000000000000 e8ebd0fb78557800
0x00007fe4c1cb7750:   0000236500000000 00007fe400000008
0x00007fe4c1cb7760:   00007fe458299740 00007fe40000002c
0x00007fe4c1cb7770:   00007fe458299da0 00007fe40000002c
0x00007fe4c1cb7780:   00007fe4c1cb77d0 00007fe4dee071d6
0x00007fe4c1cb7790:   0000236500000000 0303030300000008
0x00007fe4c1cb77a0:   00007fe458299860 000000000000002c
0x00007fe4c1cb77b0:   00007fe458299c40 000000000000002c 

Instructions: (pc=0x00007fe4df11b62e)
0x00007fe4df11b60e:   05 f5 9d 6d 00 74 7b be 01 00 00 00 d3 e6 c1 e9
0x00007fe4df11b61e:   05 83 e1 07 48 8d 14 88 8b 02 89 c1 09 f1 85 f0
0x00007fe4df11b62e:   89 0a 0f 85 ea fe ff ff 41 83 00 01 8b 45 90 85
0x00007fe4df11b63e:   c0 0f 85 e6 fe ff ff 0f 1f 00 48 89 df e8 90 76 

Register to memory mapping:

RAX=0x00000000fff78984 is an unknown value
RBX=0x00007fe4c1cb75d0 is pointing into the stack for thread: 0x00007fe4d80c9000
RCX=0x00000000fff78984 is an unknown value
RDX=0x00007fe4dfa2dea8: <offset 0x1c5ea8> in /lib/x86_64-linux-gnu/libc.so.6 at 0x00007fe4df868000
RSP=0x00007fe4c1cb75c0 is pointing into the stack for thread: 0x00007fe4d80c9000
RBP=0x00007fe4c1cb7640 is pointing into the stack for thread: 0x00007fe4d80c9000
RSI=0x0000000000000100 is an unknown value
RDI=0x0000000000000b48 is an unknown value
R8 =0x00007fe460a71440 is an unknown value
R9 =0x0000000000000000 is an unknown value
R10=0x0000000000000500 is an unknown value
R11=0x0000000000000000 is an unknown value
R12=0x00000000000020c6 is an unknown value
R13=0x0000000000147bc0 is an unknown value
R14=0x00007fe460bae670 is an unknown value
R15=0x00007fe4c1cb7b90 is pointing into the stack for thread: 0x00007fe4d80c9000


Stack: [0x00007fe4c1bbc000,0x00007fe4c1cbc000],  sp=0x00007fe4c1cb75c0,  free space=1005k
Native frames: (J=compiled Java code, j=interpreted, Vv=VM code, C=native code)
V  [libjvm.so+0x5f962e]  PhaseChaitin::interfere_with_live(unsigned int, IndexSet*)+0x15e
V  [libjvm.so+0x5fa74f]  PhaseChaitin::build_ifg_physical(ResourceArea*)+0x87f
V  [libjvm.so+0x3fbfb5]  PhaseChaitin::Register_Allocate()+0x885
V  [libjvm.so+0x483a68]  Compile::Code_Gen()+0x2d8
V  [libjvm.so+0x484dce]  Compile::Compile(ciEnv*, C2Compiler*, ciMethod*, int, bool, bool, bool)+0x113e
V  [libjvm.so+0x3dfc48]  C2Compiler::compile_method(ciEnv*, ciMethod*, int)+0x1c8
V  [libjvm.so+0x48d382]  CompileBroker::invoke_compiler_on_method(CompileTask*)+0x852
V  [libjvm.so+0x48e228]  CompileBroker::compiler_thread_loop()+0x4e8
V  [libjvm.so+0x9bef08]  JavaThread::thread_main_inner()+0xd8
V  [libjvm.so+0x8760c2]  java_start(Thread*)+0xf2
C  [libpthread.so.0+0x9609]  start_thread+0xd9


Current CompileTask:
C2:   2252 4644       4       org.jetbrains.org.objectweb.asm.ClassReader::readMethod (1047 bytes)


---------------  P R O C E S S  ---------------

Java Threads: ( => current thread )
  0x00007fe4d80d8000 JavaThread "Service Thread" daemon [_thread_blocked, id=5099, stack(0x00007fe4c18b8000,0x00007fe4c19b9000)]
  0x00007fe4d80cd000 JavaThread "C1 CompilerThread3" daemon [_thread_blocked, id=5098, stack(0x00007fe4c19ba000,0x00007fe4c1aba000)]
  0x00007fe4d80cb000 JavaThread "C2 CompilerThread2" daemon [_thread_blocked, id=5097, stack(0x00007fe4c1abb000,0x00007fe4c1bbb000)]
=>0x00007fe4d80c9000 JavaThread "C2 CompilerThread1" daemon [_thread_in_native, id=5096, stack(0x00007fe4c1bbc000,0x00007fe4c1cbc000)]
  0x00007fe4d80c6000 JavaThread "C2 CompilerThread0" daemon [_thread_in_native, id=5095, stack(0x00007fe4c1cbd000,0x00007fe4c1dbd000)]
  0x00007fe4d80c4000 JavaThread "Signal Dispatcher" daemon [_thread_blocked, id=5094, stack(0x00007fe4c1dbd000,0x00007fe4c1ebe000)]
  0x00007fe4d8092800 JavaThread "Finalizer" daemon [_thread_blocked, id=5093, stack(0x00007fe4c2482000,0x00007fe4c2583000)]
  0x00007fe4d808e000 JavaThread "Reference Handler" daemon [_thread_blocked, id=5092, stack(0x00007fe4c2583000,0x00007fe4c2684000)]
  0x00007fe4d800b000 JavaThread "main" [_thread_in_vm, id=5079, stack(0x00007fe4de8d3000,0x00007fe4de9d3000)]

Other Threads:
  0x00007fe4d8084800 VMThread [stack: 0x00007fe4c2685000,0x00007fe4c2785000] [id=5090]
  0x00007fe4d80da800 WatcherThread [stack: 0x00007fe4c17b8000,0x00007fe4c18b8000] [id=5100]

VM state:not at safepoint (normal execution)

VM Mutex/Monitor currently owned by a thread: None

heap address: 0x00000006c5a00000, size: 4006 MB, Compressed Oops mode: Zero based, Oop shift amount: 3
Narrow klass base: 0x0000000000000000, Narrow klass shift: 3
Compressed class space size: 1073741824 Address: 0x00000007c0000000

Heap:
 PSYoungGen      total 189952K, used 138074K [0x000000076c900000, 0x000000077b000000, 0x00000007c0000000)
  eden space 179200K, 77% used [0x000000076c900000,0x0000000774fd69f8,0x0000000777800000)
  from space 10752K, 0% used [0x0000000778280000,0x0000000778280000,0x0000000778d00000)
  to   space 10752K, 0% used [0x0000000777800000,0x0000000777800000,0x0000000778280000)
 ParOldGen       total 170496K, used 14859K [0x00000006c5a00000, 0x00000006d0080000, 0x000000076c900000)
  object space 170496K, 8% used [0x00000006c5a00000,0x00000006c6882fc8,0x00000006d0080000)
 Metaspace       used 44763K, capacity 45542K, committed 45824K, reserved 1089536K
  class space    used 5447K, capacity 5614K, committed 5632K, reserved 1048576K

Card table byte_map: [0x00007fe4ddcbb000,0x00007fe4de48f000] byte_map_base: 0x00007fe4da68e000

Marking Bits: (ParMarkBitMap*) 0x00007fe4df8377e0
 Begin Bits: [0x00007fe47c2d0000, 0x00007fe480168000)
 End Bits:   [0x00007fe480168000, 0x00007fe484000000)

Polling page: 0x00007fe4dfae5000

CodeCache: size=245760Kb used=17726Kb max_used=17726Kb free=228033Kb
 bounds [0x00007fe4c9000000, 0x00007fe4ca160000, 0x00007fe4d8000000]
 total_blobs=5313 nmethods=4841 adapters=387
 compilation: enabled

Compilation events (10 events):
Event: 2,246 Thread 0x00007fe4d80cd000 4905       3       org.jetbrains.kotlin.resolve.calls.tower.AbstractScopeTowerLevel::getLocation (10 bytes)
Event: 2,246 Thread 0x00007fe4d80cd000 nmethod 4905 0x00007fe4ca159c90 code [0x00007fe4ca159e00, 0x00007fe4ca159fd0]
Event: 2,246 Thread 0x00007fe4d80cd000 4906       1       org.jetbrains.kotlin.resolve.calls.tower.TowerData$TowerLevel::getLevel (5 bytes)
Event: 2,246 Thread 0x00007fe4d80cd000 nmethod 4906 0x00007fe4ca1599d0 code [0x00007fe4ca159b20, 0x00007fe4ca159c30]
Event: 2,246 Thread 0x00007fe4d80cd000 4908       3       org.jetbrains.kotlin.resolve.calls.tower.ScopeBasedTowerLevel::recordLookup (21 bytes)
Event: 2,246 Thread 0x00007fe4d80cd000 nmethod 4908 0x00007fe4ca1553d0 code [0x00007fe4ca1555c0, 0x00007fe4ca155e48]
Event: 2,246 Thread 0x00007fe4d80cd000 4907       1       org.jetbrains.kotlin.resolve.calls.tower.TowerData$ForLookupForNoExplicitReceiver::getLevel (5 bytes)
Event: 2,246 Thread 0x00007fe4d80cd000 nmethod 4907 0x00007fe4ca155090 code [0x00007fe4ca1551e0, 0x00007fe4ca1552f0]
Event: 2,247 Thread 0x00007fe4d80cd000 4909       3       java.math.BigInteger::equals (91 bytes)
Event: 2,247 Thread 0x00007fe4d80cd000 nmethod 4909 0x00007fe4ca157bd0 code [0x00007fe4ca157d60, 0x00007fe4ca1582f0]

GC Heap History (10 events):
Event: 0,688 GC heap before
{Heap before GC invocations=2 (full 0):
 PSYoungGen      total 75264K, used 30708K [0x000000076c900000, 0x0000000775c00000, 0x00000007c0000000)
  eden space 64512K, 30% used [0x000000076c900000,0x000000076dc7e258,0x0000000770800000)
  from space 10752K, 99% used [0x0000000770800000,0x000000077127f128,0x0000000771280000)
  to   space 10752K, 0% used [0x0000000775180000,0x0000000775180000,0x0000000775c00000)
 ParOldGen       total 172032K, used 4552K [0x00000006c5a00000, 0x00000006d0200000, 0x000000076c900000)
  object space 172032K, 2% used [0x00000006c5a00000,0x00000006c5e720d8,0x00000006d0200000)
 Metaspace       used 20734K, capacity 21098K, committed 21248K, reserved 1069056K
  class space    used 2407K, capacity 2521K, committed 2560K, reserved 1048576K
Event: 0,692 GC heap after
Heap after GC invocations=2 (full 0):
 PSYoungGen      total 139776K, used 9560K [0x000000076c900000, 0x0000000775c00000, 0x00000007c0000000)
  eden space 129024K, 0% used [0x000000076c900000,0x000000076c900000,0x0000000774700000)
  from space 10752K, 88% used [0x0000000775180000,0x0000000775ad6148,0x0000000775c00000)
  to   space 10752K, 0% used [0x0000000774700000,0x0000000774700000,0x0000000775180000)
 ParOldGen       total 172032K, used 4624K [0x00000006c5a00000, 0x00000006d0200000, 0x000000076c900000)
  object space 172032K, 2% used [0x00000006c5a00000,0x00000006c5e840e8,0x00000006d0200000)
 Metaspace       used 20734K, capacity 21098K, committed 21248K, reserved 1069056K
  class space    used 2407K, capacity 2521K, committed 2560K, reserved 1048576K
}
Event: 0,692 GC heap before
{Heap before GC invocations=3 (full 1):
 PSYoungGen      total 139776K, used 9560K [0x000000076c900000, 0x0000000775c00000, 0x00000007c0000000)
  eden space 129024K, 0% used [0x000000076c900000,0x000000076c900000,0x0000000774700000)
  from space 10752K, 88% used [0x0000000775180000,0x0000000775ad6148,0x0000000775c00000)
  to   space 10752K, 0% used [0x0000000774700000,0x0000000774700000,0x0000000775180000)
 ParOldGen       total 172032K, used 4624K [0x00000006c5a00000, 0x00000006d0200000, 0x000000076c900000)
  object space 172032K, 2% used [0x00000006c5a00000,0x00000006c5e840e8,0x00000006d0200000)
 Metaspace       used 20734K, capacity 21098K, committed 21248K, reserved 1069056K
  class space    used 2407K, capacity 2521K, committed 2560K, reserved 1048576K
Event: 0,716 GC heap after
Heap after GC invocations=3 (full 1):
 PSYoungGen      total 139776K, used 0K [0x000000076c900000, 0x0000000775c00000, 0x00000007c0000000)
  eden space 129024K, 0% used [0x000000076c900000,0x000000076c900000,0x0000000774700000)
  from space 10752K, 0% used [0x0000000775180000,0x0000000775180000,0x0000000775c00000)
  to   space 10752K, 0% used [0x0000000774700000,0x0000000774700000,0x0000000775180000)
 ParOldGen       total 118272K, used 9180K [0x00000006c5a00000, 0x00000006ccd80000, 0x000000076c900000)
  object space 118272K, 7% used [0x00000006c5a00000,0x00000006c62f7128,0x00000006ccd80000)
 Metaspace       used 20734K, capacity 21098K, committed 21248K, reserved 1069056K
  class space    used 2407K, capacity 2521K, committed 2560K, reserved 1048576K
}
Event: 1,279 GC heap before
{Heap before GC invocations=4 (full 1):
 PSYoungGen      total 139776K, used 96573K [0x000000076c900000, 0x0000000775c00000, 0x00000007c0000000)
  eden space 129024K, 74% used [0x000000076c900000,0x000000077274f768,0x0000000774700000)
  from space 10752K, 0% used [0x0000000775180000,0x0000000775180000,0x0000000775c00000)
  to   space 10752K, 0% used [0x0000000774700000,0x0000000774700000,0x0000000775180000)
 ParOldGen       total 118272K, used 9180K [0x00000006c5a00000, 0x00000006ccd80000, 0x000000076c900000)
  object space 118272K, 7% used [0x00000006c5a00000,0x00000006c62f7128,0x00000006ccd80000)
 Metaspace       used 34746K, capacity 35249K, committed 35672K, reserved 1081344K
  class space    used 4432K, capacity 4574K, committed 4608K, reserved 1048576K
Event: 1,289 GC heap after
Heap after GC invocations=4 (full 1):
 PSYoungGen      total 139776K, used 10722K [0x000000076c900000, 0x0000000778d00000, 0x00000007c0000000)
  eden space 129024K, 0% used [0x000000076c900000,0x000000076c900000,0x0000000774700000)
  from space 10752K, 99% used [0x0000000774700000,0x0000000775178a08,0x0000000775180000)
  to   space 10752K, 0% used [0x0000000778280000,0x0000000778280000,0x0000000778d00000)
 ParOldGen       total 118272K, used 21012K [0x00000006c5a00000, 0x00000006ccd80000, 0x000000076c900000)
  object space 118272K, 17% used [0x00000006c5a00000,0x00000006c6e85050,0x00000006ccd80000)
 Metaspace       used 34746K, capacity 35249K, committed 35672K, reserved 1081344K
  class space    used 4432K, capacity 4574K, committed 4608K, reserved 1048576K
}
Event: 1,305 GC heap before
{Heap before GC invocations=5 (full 1):
 PSYoungGen      total 139776K, used 13214K [0x000000076c900000, 0x0000000778d00000, 0x00000007c0000000)
  eden space 129024K, 1% used [0x000000076c900000,0x000000076cb6efb8,0x0000000774700000)
  from space 10752K, 99% used [0x0000000774700000,0x0000000775178a08,0x0000000775180000)
  to   space 10752K, 0% used [0x0000000778280000,0x0000000778280000,0x0000000778d00000)
 ParOldGen       total 118272K, used 21012K [0x00000006c5a00000, 0x00000006ccd80000, 0x000000076c900000)
  object space 118272K, 17% used [0x00000006c5a00000,0x00000006c6e85050,0x00000006ccd80000)
 Metaspace       used 35102K, capacity 35541K, committed 35748K, reserved 1081344K
  class space    used 4462K, capacity 4608K, committed 4608K, reserved 1048576K
Event: 1,308 GC heap after
Heap after GC invocations=5 (full 1):
 PSYoungGen      total 189952K, used 9253K [0x000000076c900000, 0x000000077b000000, 0x00000007c0000000)
  eden space 179200K, 0% used [0x000000076c900000,0x000000076c900000,0x0000000777800000)
  from space 10752K, 86% used [0x0000000778280000,0x0000000778b89788,0x0000000778d00000)
  to   space 10752K, 0% used [0x0000000777800000,0x0000000777800000,0x0000000778280000)
 ParOldGen       total 118272K, used 21020K [0x00000006c5a00000, 0x00000006ccd80000, 0x000000076c900000)
  object space 118272K, 17% used [0x00000006c5a00000,0x00000006c6e87050,0x00000006ccd80000)
 Metaspace       used 35102K, capacity 35541K, committed 35748K, reserved 1081344K
  class space    used 4462K, capacity 4608K, committed 4608K, reserved 1048576K
}
Event: 1,308 GC heap before
{Heap before GC invocations=6 (full 2):
 PSYoungGen      total 189952K, used 9253K [0x000000076c900000, 0x000000077b000000, 0x00000007c0000000)
  eden space 179200K, 0% used [0x000000076c900000,0x000000076c900000,0x0000000777800000)
  from space 10752K, 86% used [0x0000000778280000,0x0000000778b89788,0x0000000778d00000)
  to   space 10752K, 0% used [0x0000000777800000,0x0000000777800000,0x0000000778280000)
 ParOldGen       total 118272K, used 21020K [0x00000006c5a00000, 0x00000006ccd80000, 0x000000076c900000)
  object space 118272K, 17% used [0x00000006c5a00000,0x00000006c6e87050,0x00000006ccd80000)
 Metaspace       used 35102K, capacity 35541K, committed 35748K, reserved 1081344K
  class space    used 4462K, capacity 4608K, committed 4608K, reserved 1048576K
Event: 1,337 GC heap after
Heap after GC invocations=6 (full 2):
 PSYoungGen      total 189952K, used 0K [0x000000076c900000, 0x000000077b000000, 0x00000007c0000000)
  eden space 179200K, 0% used [0x000000076c900000,0x000000076c900000,0x0000000777800000)
  from space 10752K, 0% used [0x0000000778280000,0x0000000778280000,0x0000000778d00000)
  to   space 10752K, 0% used [0x0000000777800000,0x0000000777800000,0x0000000778280000)
 ParOldGen       total 170496K, used 14859K [0x00000006c5a00000, 0x00000006d0080000, 0x000000076c900000)
  object space 170496K, 8% used [0x00000006c5a00000,0x00000006c6882fc8,0x00000006d0080000)
 Metaspace       used 35102K, capacity 35541K, committed 35748K, reserved 1081344K
  class space    used 4462K, capacity 4608K, committed 4608K, reserved 1048576K
}

Deoptimization events (10 events):
Event: 2,206 Thread 0x00007fe4d800b000 Uncommon trap: reason=class_check action=maybe_recompile pc=0x00007fe4c9dca444 method=org.jetbrains.kotlin.serialization.deserialization.descriptors.DeserializedPackageMemberScope.hasClass(Lorg/jetbrains/kotlin/name/Name;)Z @ 28
Event: 2,206 Thread 0x00007fe4d800b000 Uncommon trap: reason=class_check action=maybe_recompile pc=0x00007fe4c9dca444 method=org.jetbrains.kotlin.serialization.deserialization.descriptors.DeserializedPackageMemberScope.hasClass(Lorg/jetbrains/kotlin/name/Name;)Z @ 28
Event: 2,206 Thread 0x00007fe4d800b000 Uncommon trap: reason=class_check action=maybe_recompile pc=0x00007fe4c9dca444 method=org.jetbrains.kotlin.serialization.deserialization.descriptors.DeserializedPackageMemberScope.hasClass(Lorg/jetbrains/kotlin/name/Name;)Z @ 28
Event: 2,206 Thread 0x00007fe4d800b000 Uncommon trap: reason=class_check action=maybe_recompile pc=0x00007fe4c9dca444 method=org.jetbrains.kotlin.serialization.deserialization.descriptors.DeserializedPackageMemberScope.hasClass(Lorg/jetbrains/kotlin/name/Name;)Z @ 28
Event: 2,206 Thread 0x00007fe4d800b000 Uncommon trap: reason=class_check action=maybe_recompile pc=0x00007fe4c9d897fc method=org.jetbrains.kotlin.serialization.deserialization.descriptors.DeserializedPackageMemberScope.hasClass(Lorg/jetbrains/kotlin/name/Name;)Z @ 28
Event: 2,218 Thread 0x00007fe4d800b000 Uncommon trap: reason=bimorphic action=maybe_recompile pc=0x00007fe4ca085628 method=org.jetbrains.kotlin.com.intellij.psi.impl.source.tree.CompositeElement.findChildByType(Lorg/jetbrains/kotlin/com/intellij/psi/tree/IElementType;)Lorg/jetbrains/kotlin/com
Event: 2,219 Thread 0x00007fe4d800b000 Uncommon trap: reason=bimorphic action=maybe_recompile pc=0x00007fe4ca085628 method=org.jetbrains.kotlin.com.intellij.psi.impl.source.tree.CompositeElement.findChildByType(Lorg/jetbrains/kotlin/com/intellij/psi/tree/IElementType;)Lorg/jetbrains/kotlin/com
Event: 2,225 Thread 0x00007fe4d800b000 Uncommon trap: reason=class_check action=maybe_recompile pc=0x00007fe4c9ddbc64 method=org.jetbrains.kotlin.serialization.deserialization.descriptors.DeserializedMemberScope.getContributedClassifier(Lorg/jetbrains/kotlin/name/Name;Lorg/jetbrains/kotlin/inc
Event: 2,244 Thread 0x00007fe4d800b000 Uncommon trap: reason=unstable_if action=reinterpret pc=0x00007fe4ca1524d0 method=org.jetbrains.kotlin.serialization.deserialization.descriptors.DeserializedPackageMemberScope.hasClass(Lorg/jetbrains/kotlin/name/Name;)Z @ 99
Event: 2,244 Thread 0x00007fe4d800b000 Uncommon trap: reason=class_check action=maybe_recompile pc=0x00007fe4c9ddbc64 method=org.jetbrains.kotlin.serialization.deserialization.descriptors.DeserializedMemberScope.getContributedClassifier(Lorg/jetbrains/kotlin/name/Name;Lorg/jetbrains/kotlin/inc

Classes redefined (0 events):
No events

Internal exceptions (10 events):
Event: 0,668 Thread 0x00007fe4d800b000 Exception <a 'java/lang/NoSuchMethodError': java.lang.Object.lambda$static$0(I)[Lorg/jetbrains/kotlin/com/intellij/psi/PsiAnnotation;> (0x000000076d8b88e8) thrown at [/buildbot/src/googleplex-android/openjdk/out/hotspot/src/share/vm/interpreter/linkResolv
Event: 0,738 Thread 0x00007fe4d800b000 Exception <a 'java/lang/NoSuchMethodError': java.lang.Object.lambda$static$0(I)[Lorg/jetbrains/kotlin/com/intellij/psi/PsiElement;> (0x000000076cb329c8) thrown at [/buildbot/src/googleplex-android/openjdk/out/hotspot/src/share/vm/interpreter/linkResolver.
Event: 0,997 Thread 0x00007fe4d800b000 Exception <a 'java/lang/ArrayIndexOutOfBoundsException': 126> (0x000000076fbafc70) thrown at [/buildbot/src/googleplex-android/openjdk/out/hotspot/src/share/vm/interpreter/interpreterRuntime.cpp, line 368]
Event: 0,997 Thread 0x00007fe4d800b000 Exception <a 'java/lang/ArrayIndexOutOfBoundsException': 86> (0x000000076fbb10f8) thrown at [/buildbot/src/googleplex-android/openjdk/out/hotspot/src/share/vm/interpreter/interpreterRuntime.cpp, line 368]
Event: 1,291 Thread 0x00007fe4d800b000 Exception <a 'java/lang/NoSuchMethodError': java.lang.Object.lambda$static$0(I)[Lorg/jetbrains/kotlin/psi/KtExpression;> (0x000000076c9146d0) thrown at [/buildbot/src/googleplex-android/openjdk/out/hotspot/src/share/vm/interpreter/linkResolver.cpp, line 6
Event: 1,375 Thread 0x00007fe4d800b000 Exception <a 'java/lang/NoSuchMethodError': java.lang.Object.lambda$static$0(I)[Lorg/jetbrains/kotlin/psi/KtDeclaration;> (0x000000076cb22318) thrown at [/buildbot/src/googleplex-android/openjdk/out/hotspot/src/share/vm/interpreter/linkResolver.cpp, line 
Event: 1,388 Thread 0x00007fe4d800b000 Exception <a 'java/lang/NoSuchMethodError': java.lang.Object.lambda$static$0(I)[Lorg/jetbrains/kotlin/psi/KtTypeElement;> (0x000000076cdc5308) thrown at [/buildbot/src/googleplex-android/openjdk/out/hotspot/src/share/vm/interpreter/linkResolver.cpp, line 
Event: 1,615 Thread 0x00007fe4d800b000 Exception <a 'java/lang/NoSuchMethodError': java.lang.Object.lambda$static$0(I)[Lorg/jetbrains/kotlin/com/intellij/psi/PsiClass;> (0x000000076ffb0e50) thrown at [/buildbot/src/googleplex-android/openjdk/out/hotspot/src/share/vm/interpreter/linkResolver.cp
Event: 1,800 Thread 0x00007fe4d800b000 Implicit null exception at 0x00007fe4c9bc10b3 to 0x00007fe4c9bc1375
Event: 1,800 Thread 0x00007fe4d800b000 Implicit null exception at 0x00007fe4c9ba7faf to 0x00007fe4c9ba7ff1

Events (10 events):
Event: 2,250 loading class org/jetbrains/kotlin/resolve/calls/inference/components/TypeVariableDependencyInformationProvider$computeRelatedToTopLevelType$1
Event: 2,250 loading class org/jetbrains/kotlin/resolve/calls/inference/components/TypeVariableDependencyInformationProvider$computeRelatedToTopLevelType$1 done
Event: 2,250 loading class org/jetbrains/kotlin/builtins/FunctionTypesKt$isBuiltinFunctionalTypeOrSubtype$1
Event: 2,250 loading class org/jetbrains/kotlin/builtins/FunctionTypesKt$isBuiltinFunctionalTypeOrSubtype$1 done
Event: 2,250 loading class kotlin/collections/MapWithDefault
Event: 2,250 loading class kotlin/collections/MapWithDefault done
Event: 2,250 loading class org/jetbrains/kotlin/resolve/calls/inference/components/ResultTypeResolver$sinkIntegerLiteralTypes$$inlined$sortedBy$1
Event: 2,250 loading class org/jetbrains/kotlin/resolve/calls/inference/components/ResultTypeResolver$sinkIntegerLiteralTypes$$inlined$sortedBy$1 done
Event: 2,250 loading class org/jetbrains/kotlin/resolve/calls/NewCommonSuperTypeCalculator
Event: 2,250 loading class org/jetbrains/kotlin/resolve/calls/NewCommonSuperTypeCalculator done


Dynamic libraries:
00400000-00401000 r-xp 00000000 08:00 1609073                            /home/matze/android-studio/jre/jre/bin/java
00401000-00402000 r--p 00000000 08:00 1609073                            /home/matze/android-studio/jre/jre/bin/java
00402000-00403000 rw-p 00001000 08:00 1609073                            /home/matze/android-studio/jre/jre/bin/java
0144f000-01470000 rw-p 00000000 00:00 0                                  [heap]
6c5a00000-6d0080000 rw-p 00000000 00:00 0 
6d0080000-76c900000 ---p 00000000 00:00 0 
76c900000-77b000000 rw-p 00000000 00:00 0 
77b000000-7c0000000 ---p 00000000 00:00 0 
7c0000000-7c0580000 rw-p 00000000 00:00 0 
7c0580000-800000000 ---p 00000000 00:00 0 
7fe450000000-7fe450021000 rw-p 00000000 00:00 0 
7fe450021000-7fe454000000 ---p 00000000 00:00 0 
7fe458000000-7fe45886d000 rw-p 00000000 00:00 0 
7fe45886d000-7fe45c000000 ---p 00000000 00:00 0 
7fe45c000000-7fe45c021000 rw-p 00000000 00:00 0 
7fe45c021000-7fe460000000 ---p 00000000 00:00 0 
7fe460000000-7fe460ea3000 rw-p 00000000 00:00 0 
7fe460ea3000-7fe464000000 ---p 00000000 00:00 0 
7fe464000000-7fe464f58000 rw-p 00000000 00:00 0 
7fe464f58000-7fe468000000 ---p 00000000 00:00 0 
7fe468000000-7fe468021000 rw-p 00000000 00:00 0 
7fe468021000-7fe46c000000 ---p 00000000 00:00 0 
7fe46c000000-7fe46cccc000 rw-p 00000000 00:00 0 
7fe46cccc000-7fe470000000 ---p 00000000 00:00 0 
7fe470000000-7fe470021000 rw-p 00000000 00:00 0 
7fe470021000-7fe474000000 ---p 00000000 00:00 0 
7fe474000000-7fe474021000 rw-p 00000000 00:00 0 
7fe474021000-7fe478000000 ---p 00000000 00:00 0 
7fe478000000-7fe478021000 rw-p 00000000 00:00 0 
7fe478021000-7fe47c000000 ---p 00000000 00:00 0 
7fe47c2d0000-7fe484000000 rw-p 00000000 00:00 0 
7fe484000000-7fe484021000 rw-p 00000000 00:00 0 
7fe484021000-7fe488000000 ---p 00000000 00:00 0 
7fe488000000-7fe488021000 rw-p 00000000 00:00 0 
7fe488021000-7fe48c000000 ---p 00000000 00:00 0 
7fe48c000000-7fe48c021000 rw-p 00000000 00:00 0 
7fe48c021000-7fe490000000 ---p 00000000 00:00 0 
7fe494000000-7fe494021000 rw-p 00000000 00:00 0 
7fe494021000-7fe498000000 ---p 00000000 00:00 0 
7fe49c000000-7fe49c021000 rw-p 00000000 00:00 0 
7fe49c021000-7fe4a0000000 ---p 00000000 00:00 0 
7fe4a4000000-7fe4a4021000 rw-p 00000000 00:00 0 
7fe4a4021000-7fe4a8000000 ---p 00000000 00:00 0 
7fe4ac000000-7fe4ac021000 rw-p 00000000 00:00 0 
7fe4ac021000-7fe4b0000000 ---p 00000000 00:00 0 
7fe4b3e00000-7fe4b3f40000 rw-p 00000000 00:00 0 
7fe4b3f40000-7fe4b4000000 ---p 00000000 00:00 0 
7fe4b4000000-7fe4b4021000 rw-p 00000000 00:00 0 
7fe4b4021000-7fe4b8000000 ---p 00000000 00:00 0 
7fe4b81ff000-7fe4b83ff000 rw-p 00000000 00:00 0 
7fe4b83ff000-7fe4b85ff000 rw-p 00000000 00:00 0 
7fe4b85ff000-7fe4b87ff000 rw-p 00000000 00:00 0 
7fe4b87ff000-7fe4b89ff000 rw-p 00000000 00:00 0 
7fe4b89ff000-7fe4b8bff000 rw-p 00000000 00:00 0 
7fe4b8bff000-7fe4b8dff000 rw-p 00000000 00:00 0 
7fe4b8dff000-7fe4b8fff000 rw-p 00000000 00:00 0 
7fe4b8fff000-7fe4bc000000 rw-p 00000000 00:00 0 
7fe4bc000000-7fe4bc021000 rw-p 00000000 00:00 0 
7fe4bc021000-7fe4c0000000 ---p 00000000 00:00 0 
7fe4c0088000-7fe4c0089000 r--s 00004000 08:00 1967688                    /home/matze/.gradle/caches/transforms-2/files-2.1/a8ef170a1ab0cfafb760a5a82c6185e7/lifecycle-runtime-2.1.0-api.jar
7fe4c0089000-7fe4c008a000 r--s 00014000 08:00 1967683                    /home/matze/.gradle/caches/transforms-2/files-2.1/a6646376103e678688972bbb029fd557/loader-1.0.0-api.jar
7fe4c008a000-7fe4c008c000 r--s 00003000 08:00 1967699                    /home/matze/.gradle/caches/transforms-2/files-2.1/f654281a5780322f385905d83a84da26/lifecycle-viewmodel-2.1.0-api.jar
7fe4c008c000-7fe4c009a000 r--s 00176000 08:00 2009051                    /home/matze/.gradle/caches/transforms-2/files-2.1/3f75f9275a2729745a68ededc54d5474/core-1.3.2-api.jar
7fe4c009a000-7fe4c00a4000 r--s 00177000 08:00 1967709                    /home/matze/.gradle/caches/transforms-2/files-2.1/e046319f064315d106daacd374fc6e52/appcompat-1.2.0-api.jar
7fe4c00a4000-7fe4c02a4000 rw-p 00000000 00:00 0 
7fe4c02a4000-7fe4c04a4000 rw-p 00000000 00:00 0 
7fe4c04a4000-7fe4c04ac000 r--s 00027000 08:00 1967154                    /home/matze/.gradle/caches/transforms-2/files-2.1/b72a0538c44224fe822a892efbdc4b6c/jetified-kotlin-stdlib-common-1.4.0.jar
7fe4c04ac000-7fe4c04c1000 r--s 00157000 08:00 1967714                    /home/matze/.gradle/caches/transforms-2/files-2.1/4f460a4818c516a51bd4a9029f461862/jetified-kotlin-stdlib-1.4.0.jar
7fe4c04c1000-7fe4c05df000 r--s 01364000 08:00 1615004                    /home/matze/Android/Sdk/platforms/android-30/android.jar
7fe4c05df000-7fe4c07df000 rw-p 00000000 00:00 0 
7fe4c07df000-7fe4c09df000 rw-p 00000000 00:00 0 
7fe4c09df000-7fe4c0bdf000 rw-p 00000000 00:00 0 
7fe4c0bdf000-7fe4c0ddf000 rw-p 00000000 00:00 0 
7fe4c0ddf000-7fe4c0fdf000 rw-p 00000000 00:00 0 
7fe4c0fdf000-7fe4c11df000 rw-p 00000000 00:00 0 
7fe4c11df000-7fe4c11e0000 r--p 00000000 08:14 3022783                    /usr/lib/x86_64-linux-gnu/libutil-2.31.so
7fe4c11e0000-7fe4c11e1000 r-xp 00001000 08:14 3022783                    /usr/lib/x86_64-linux-gnu/libutil-2.31.so
7fe4c11e1000-7fe4c11e2000 r--p 00002000 08:14 3022783                    /usr/lib/x86_64-linux-gnu/libutil-2.31.so
7fe4c11e2000-7fe4c11e3000 r--p 00002000 08:14 3022783                    /usr/lib/x86_64-linux-gnu/libutil-2.31.so
7fe4c11e3000-7fe4c11e4000 rw-p 00003000 08:14 3022783                    /usr/lib/x86_64-linux-gnu/libutil-2.31.so
7fe4c11e4000-7fe4c11e5000 r--s 00011000 08:00 1967672                    /home/matze/.gradle/caches/transforms-2/files-2.1/c42e1ec3c80933dda15a1ec14f1097d9/drawerlayout-1.0.0-api.jar
7fe4c11e5000-7fe4c11e7000 r--s 00008000 08:00 1967679                    /home/matze/.gradle/caches/transforms-2/files-2.1/3fce7c28d19c4fdf52a05cf742459a88/jetified-activity-1.0.0-api.jar
7fe4c11e7000-7fe4c11ea000 r--s 00061000 08:00 1967712                    /home/matze/.gradle/caches/transforms-2/files-2.1/d431d35de8b33e6925d3f468c2d962ef/fragment-1.1.0-api.jar
7fe4c11ea000-7fe4c11ee000 r--s 0005e000 08:00 2009057                    /home/matze/.gradle/caches/transforms-2/files-2.1/87d6a19b1b7285ab80d42b2008a5605e/jetified-core-ktx-1.3.2-api.jar
7fe4c11ee000-7fe4c11f1000 r--s 0002f000 08:00 1967710                    /home/matze/.gradle/caches/modules-2/files-2.1/androidx.constraintlayout/constraintlayout-solver/2.0.1/30988fe2d77f3fe3bf7551bb8a8b795fad7e7226/constraintlayout-solver-2.0.1.jar
7fe4c11f1000-7fe4c11f3000 r--s 00005000 08:00 1967677                    /home/matze/.gradle/caches/modules-2/files-2.1/androidx.annotation/annotation/1.1.0/e3a6fb2f40e3a3842e6b7472628ba4ce416ea4c8/annotation-1.1.0.jar
7fe4c11f3000-7fe4c11f5000 r--s 00001000 08:00 1967706                    /home/matze/.gradle/caches/transforms-2/files-2.1/b3c4e51997bcb21a6dfcf68e7f4c7727/jetified-kotlin-android-extensions-runtime-1.4.0.jar
7fe4c11f5000-7fe4c11f7000 r--s 00003000 08:00 1967669                    /home/matze/.gradle/caches/transforms-2/files-2.1/39a7340ceba94bf4020b40e80f1e20c6/jetified-annotations-13.0.jar
7fe4c11f7000-7fe4c1200000 r--s 00070000 08:00 1894446                    /home/matze/.gradle/caches/modules-2/files-2.1/org.jetbrains.kotlin/kotlin-android-extensions/1.4.0/b10de696fb26620d57a208cad1ccbbffe68f17e9/kotlin-android-extensions-1.4.0.jar
7fe4c1200000-7fe4c1203000 r-xp 00000000 08:14 1838688                    /tmp/libjansi-1.4.0-release-329 (1.4.0)-8009406431048160635.so
7fe4c1203000-7fe4c1402000 ---p 00003000 08:14 1838688                    /tmp/libjansi-1.4.0-release-329 (1.4.0)-8009406431048160635.so
7fe4c1402000-7fe4c1403000 rw-p 00002000 08:14 1838688                    /tmp/libjansi-1.4.0-release-329 (1.4.0)-8009406431048160635.so
7fe4c1403000-7fe4c1408000 r--s 000a3000 08:00 1609038                    /home/matze/android-studio/jre/jre/lib/jsse.jar
7fe4c1408000-7fe4c1482000 r--s 01104000 08:00 1608901                    /home/matze/android-studio/jre/lib/tools.jar
7fe4c1482000-7fe4c148d000 r--s 00081000 08:00 1894496                    /home/matze/.gradle/caches/modules-2/files-2.1/org.jetbrains.intellij.deps/trove4j/1.0.20181211/216c2e14b070f334479d800987affe4054cd563f/trove4j-1.0.20181211.jar
7fe4c148d000-7fe4c14a2000 r--s 00157000 08:00 1894477                    /home/matze/.gradle/caches/modules-2/files-2.1/org.jetbrains.kotlin/kotlin-stdlib/1.4.0/63e75298e93d4ae0b299bb869cf0c627196f8843/kotlin-stdlib-1.4.0.jar
7fe4c14a2000-7fe4c14dd000 r--s 00288000 08:00 1894464                    /home/matze/.gradle/caches/modules-2/files-2.1/org.jetbrains.kotlin/kotlin-reflect/1.4.0/aa2101a19d8688e368ae6e35e8967550ced73884/kotlin-reflect-1.4.0.jar
7fe4c14dd000-7fe4c1532000 rw-p 00000000 00:00 0 
7fe4c1532000-7fe4c17b7000 r--s 02626000 08:00 1894526                    /home/matze/.gradle/caches/modules-2/files-2.1/org.jetbrains.kotlin/kotlin-compiler-embeddable/1.4.0/e5f0d669a77787ccbccd49c71b57bfd7b35faec4/kotlin-compiler-embeddable-1.4.0.jar
7fe4c17b7000-7fe4c17b8000 ---p 00000000 00:00 0 
7fe4c17b8000-7fe4c18b8000 rw-p 00000000 00:00 0 
7fe4c18b8000-7fe4c18bb000 ---p 00000000 00:00 0 
7fe4c18bb000-7fe4c19b9000 rw-p 00000000 00:00 0 
7fe4c19b9000-7fe4c19ba000 ---p 00000000 00:00 0 
7fe4c19ba000-7fe4c19bd000 ---p 00000000 00:00 0 
7fe4c19bd000-7fe4c1aba000 rw-p 00000000 00:00 0 
7fe4c1aba000-7fe4c1abb000 ---p 00000000 00:00 0 
7fe4c1abb000-7fe4c1abe000 ---p 00000000 00:00 0 
7fe4c1abe000-7fe4c1bbb000 rw-p 00000000 00:00 0 
7fe4c1bbb000-7fe4c1bbc000 ---p 00000000 00:00 0 
7fe4c1bbc000-7fe4c1bbf000 ---p 00000000 00:00 0 
7fe4c1bbf000-7fe4c1cbc000 rw-p 00000000 00:00 0 
7fe4c1cbc000-7fe4c1cbd000 ---p 00000000 00:00 0 
7fe4c1cbd000-7fe4c1cc0000 ---p 00000000 00:00 0 
7fe4c1cc0000-7fe4c1dbd000 rw-p 00000000 00:00 0 
7fe4c1dbd000-7fe4c1dc0000 ---p 00000000 00:00 0 
7fe4c1dc0000-7fe4c1ebe000 rw-p 00000000 00:00 0 
7fe4c1ebe000-7fe4c2482000 r--p 00000000 08:14 3021763                    /usr/lib/locale/locale-archive
7fe4c2482000-7fe4c2485000 ---p 00000000 00:00 0 
7fe4c2485000-7fe4c2583000 rw-p 00000000 00:00 0 
7fe4c2583000-7fe4c2586000 ---p 00000000 00:00 0 
7fe4c2586000-7fe4c2684000 rw-p 00000000 00:00 0 
7fe4c2684000-7fe4c2685000 ---p 00000000 00:00 0 
7fe4c2685000-7fe4c4000000 rw-p 00000000 00:00 0 
7fe4c4000000-7fe4c4021000 rw-p 00000000 00:00 0 
7fe4c4021000-7fe4c8000000 ---p 00000000 00:00 0 
7fe4c8000000-7fe4c8002000 r--s 00004000 08:00 1967656                    /home/matze/.gradle/caches/modules-2/files-2.1/androidx.lifecycle/lifecycle-common/2.1.0/c67e7807d9cd6c329b9d0218b2ec4e505dd340b7/lifecycle-common-2.1.0.jar
7fe4c8002000-7fe4c8004000 r--s 00003000 08:00 1894495                    /home/matze/.gradle/caches/modules-2/files-2.1/org.jetbrains/annotations/13.0/919f0dfe192fb4e063e7dacadee7f8bb9a2672a9/annotations-13.0.jar
7fe4c8004000-7fe4c8012000 r--s 000a5000 08:00 1894498                    /home/matze/.gradle/caches/modules-2/files-2.1/org.jetbrains.kotlin/kotlin-daemon-embeddable/1.4.0/633873c93bba12bcf764e1cf8fb36baa5501b8ff/kotlin-daemon-embeddable-1.4.0.jar
7fe4c8012000-7fe4c9000000 rw-p 00000000 00:00 0 
7fe4c9000000-7fe4ca160000 rwxp 00000000 00:00 0 
7fe4ca160000-7fe4d8000000 ---p 00000000 00:00 0 
7fe4d8000000-7fe4d9504000 rw-p 00000000 00:00 0 
7fe4d9504000-7fe4dc000000 ---p 00000000 00:00 0 
7fe4dc000000-7fe4dc001000 r--s 00004000 08:00 1967693                    /home/matze/.gradle/caches/transforms-2/files-2.1/d95f31ae6017ec318aab2c9665543543/jetified-savedstate-1.0.0-api.jar
7fe4dc001000-7fe4dc018000 r-xp 00000000 08:00 1608990                    /home/matze/android-studio/jre/jre/lib/amd64/libnet.so
7fe4dc018000-7fe4dc019000 r--p 00016000 08:00 1608990                    /home/matze/android-studio/jre/jre/lib/amd64/libnet.so
7fe4dc019000-7fe4dc01a000 rw-p 00017000 08:00 1608990                    /home/matze/android-studio/jre/jre/lib/amd64/libnet.so
7fe4dc01a000-7fe4dc28b000 rw-p 00000000 00:00 0 
7fe4dc28b000-7fe4dc45e000 r--s 03cdf000 08:00 1609025                    /home/matze/android-studio/jre/jre/lib/rt.jar
7fe4dc45e000-7fe4dcd79000 rw-p 00000000 00:00 0 
7fe4dcd79000-7fe4dcd7a000 ---p 00000000 00:00 0 
7fe4dcd7a000-7fe4dce7a000 rw-p 00000000 00:00 0 
7fe4dce7a000-7fe4dce7b000 ---p 00000000 00:00 0 
7fe4dce7b000-7fe4dcf7b000 rw-p 00000000 00:00 0 
7fe4dcf7b000-7fe4dcf7c000 ---p 00000000 00:00 0 
7fe4dcf7c000-7fe4dd07c000 rw-p 00000000 00:00 0 
7fe4dd07c000-7fe4dd07d000 ---p 00000000 00:00 0 
7fe4dd07d000-7fe4dd17d000 rw-p 00000000 00:00 0 
7fe4dd17d000-7fe4dd17e000 ---p 00000000 00:00 0 
7fe4dd17e000-7fe4dd27e000 rw-p 00000000 00:00 0 
7fe4dd27e000-7fe4dd27f000 ---p 00000000 00:00 0 
7fe4dd27f000-7fe4dd37f000 rw-p 00000000 00:00 0 
7fe4dd37f000-7fe4dd380000 ---p 00000000 00:00 0 
7fe4dd380000-7fe4dd480000 rw-p 00000000 00:00 0 
7fe4dd480000-7fe4dd481000 ---p 00000000 00:00 0 
7fe4dd481000-7fe4dd581000 rw-p 00000000 00:00 0 
7fe4dd581000-7fe4dd582000 ---p 00000000 00:00 0 
7fe4dd582000-7fe4dd682000 rw-p 00000000 00:00 0 
7fe4dd682000-7fe4dd683000 ---p 00000000 00:00 0 
7fe4dd683000-7fe4dd7d7000 rw-p 00000000 00:00 0 
7fe4dd7d7000-7fe4ddcbb000 ---p 00000000 00:00 0 
7fe4ddcbb000-7fe4ddd0f000 rw-p 00000000 00:00 0 
7fe4ddd0f000-7fe4de1f2000 ---p 00000000 00:00 0 
7fe4de1f2000-7fe4de266000 rw-p 00000000 00:00 0 
7fe4de266000-7fe4de48e000 ---p 00000000 00:00 0 
7fe4de48e000-7fe4de4d5000 rw-p 00000000 00:00 0 
7fe4de4d5000-7fe4de84f000 ---p 00000000 00:00 0 
7fe4de84f000-7fe4de86a000 r-xp 00000000 08:00 1608986                    /home/matze/android-studio/jre/jre/lib/amd64/libzip.so
7fe4de86a000-7fe4de86b000 r--p 0001a000 08:00 1608986                    /home/matze/android-studio/jre/jre/lib/amd64/libzip.so
7fe4de86b000-7fe4de86c000 rw-p 0001b000 08:00 1608986                    /home/matze/android-studio/jre/jre/lib/amd64/libzip.so
7fe4de86c000-7fe4de86f000 r--p 00000000 08:14 3022774                    /usr/lib/x86_64-linux-gnu/libnss_files-2.31.so
7fe4de86f000-7fe4de876000 r-xp 00003000 08:14 3022774                    /usr/lib/x86_64-linux-gnu/libnss_files-2.31.so
7fe4de876000-7fe4de878000 r--p 0000a000 08:14 3022774                    /usr/lib/x86_64-linux-gnu/libnss_files-2.31.so
7fe4de878000-7fe4de879000 r--p 0000b000 08:14 3022774                    /usr/lib/x86_64-linux-gnu/libnss_files-2.31.so
7fe4de879000-7fe4de87a000 rw-p 0000c000 08:14 3022774                    /usr/lib/x86_64-linux-gnu/libnss_files-2.31.so
7fe4de87a000-7fe4de880000 rw-p 00000000 00:00 0 
7fe4de880000-7fe4de881000 r--s 00002000 08:00 1967673                    /home/matze/.gradle/caches/modules-2/files-2.1/androidx.arch.core/core-common/2.1.0/b3152fc64428c9354344bd89848ecddc09b6f07e/core-common-2.1.0.jar
7fe4de881000-7fe4de889000 r--s 00027000 08:00 1894507                    /home/matze/.gradle/caches/modules-2/files-2.1/org.jetbrains.kotlin/kotlin-stdlib-common/1.4.0/1c752cce0ead8d504ccc88a4fed6471fd83ab0dd/kotlin-stdlib-common-1.4.0.jar
7fe4de889000-7fe4de899000 r-xp 00000000 08:00 1609010                    /home/matze/android-studio/jre/jre/lib/amd64/libnio.so
7fe4de899000-7fe4de89a000 ---p 00010000 08:00 1609010                    /home/matze/android-studio/jre/jre/lib/amd64/libnio.so
7fe4de89a000-7fe4de89b000 r--p 00010000 08:00 1609010                    /home/matze/android-studio/jre/jre/lib/amd64/libnio.so
7fe4de89b000-7fe4de89c000 rw-p 00011000 08:00 1609010                    /home/matze/android-studio/jre/jre/lib/amd64/libnio.so
7fe4de89c000-7fe4de8c4000 r-xp 00000000 08:00 1608994                    /home/matze/android-studio/jre/jre/lib/amd64/libjava.so
7fe4de8c4000-7fe4de8c5000 r--p 00027000 08:00 1608994                    /home/matze/android-studio/jre/jre/lib/amd64/libjava.so
7fe4de8c5000-7fe4de8c7000 rw-p 00028000 08:00 1608994                    /home/matze/android-studio/jre/jre/lib/amd64/libjava.so
7fe4de8c7000-7fe4de8ca000 r--p 00000000 08:14 3022781                    /usr/lib/x86_64-linux-gnu/librt-2.31.so
7fe4de8ca000-7fe4de8ce000 r-xp 00003000 08:14 3022781                    /usr/lib/x86_64-linux-gnu/librt-2.31.so
7fe4de8ce000-7fe4de8cf000 r--p 00007000 08:14 3022781                    /usr/lib/x86_64-linux-gnu/librt-2.31.so
7fe4de8cf000-7fe4de8d0000 ---p 00008000 08:14 3022781                    /usr/lib/x86_64-linux-gnu/librt-2.31.so
7fe4de8d0000-7fe4de8d1000 r--p 00008000 08:14 3022781                    /usr/lib/x86_64-linux-gnu/librt-2.31.so
7fe4de8d1000-7fe4de8d2000 rw-p 00009000 08:14 3022781                    /usr/lib/x86_64-linux-gnu/librt-2.31.so
7fe4de8d2000-7fe4de8d3000 ---p 00000000 00:00 0 
7fe4de8d3000-7fe4de8d6000 ---p 00000000 00:00 0 
7fe4de8d6000-7fe4de9d3000 rw-p 00000000 00:00 0 
7fe4de9d3000-7fe4de9e2000 r--p 00000000 08:14 3022768                    /usr/lib/x86_64-linux-gnu/libm-2.31.so
7fe4de9e2000-7fe4dea89000 r-xp 0000f000 08:14 3022768                    /usr/lib/x86_64-linux-gnu/libm-2.31.so
7fe4dea89000-7fe4deb20000 r--p 000b6000 08:14 3022768                    /usr/lib/x86_64-linux-gnu/libm-2.31.so
7fe4deb20000-7fe4deb21000 r--p 0014c000 08:14 3022768                    /usr/lib/x86_64-linux-gnu/libm-2.31.so
7fe4deb21000-7fe4deb22000 rw-p 0014d000 08:14 3022768                    /usr/lib/x86_64-linux-gnu/libm-2.31.so
7fe4deb22000-7fe4df751000 r-xp 00000000 08:00 1609003                    /home/matze/android-studio/jre/jre/lib/amd64/server/libjvm.so
7fe4df751000-7fe4df7f9000 r--p 00c2e000 08:00 1609003                    /home/matze/android-studio/jre/jre/lib/amd64/server/libjvm.so
7fe4df7f9000-7fe4df822000 rw-p 00cd6000 08:00 1609003                    /home/matze/android-studio/jre/jre/lib/amd64/server/libjvm.so
7fe4df822000-7fe4df868000 rw-p 00000000 00:00 0 
7fe4df868000-7fe4df88d000 r--p 00000000 08:14 3022766                    /usr/lib/x86_64-linux-gnu/libc-2.31.so
7fe4df88d000-7fe4dfa05000 r-xp 00025000 08:14 3022766                    /usr/lib/x86_64-linux-gnu/libc-2.31.so
7fe4dfa05000-7fe4dfa4f000 r--p 0019d000 08:14 3022766                    /usr/lib/x86_64-linux-gnu/libc-2.31.so
7fe4dfa4f000-7fe4dfa50000 ---p 001e7000 08:14 3022766                    /usr/lib/x86_64-linux-gnu/libc-2.31.so
7fe4dfa50000-7fe4dfa53000 r--p 001e7000 08:14 3022766                    /usr/lib/x86_64-linux-gnu/libc-2.31.so
7fe4dfa53000-7fe4dfa56000 rw-p 001ea000 08:14 3022766                    /usr/lib/x86_64-linux-gnu/libc-2.31.so
7fe4dfa56000-7fe4dfa5a000 rw-p 00000000 00:00 0 
7fe4dfa5a000-7fe4dfa5b000 r--p 00000000 08:14 3022767                    /usr/lib/x86_64-linux-gnu/libdl-2.31.so
7fe4dfa5b000-7fe4dfa5d000 r-xp 00001000 08:14 3022767                    /usr/lib/x86_64-linux-gnu/libdl-2.31.so
7fe4dfa5d000-7fe4dfa5e000 r--p 00003000 08:14 3022767                    /usr/lib/x86_64-linux-gnu/libdl-2.31.so
7fe4dfa5e000-7fe4dfa5f000 r--p 00003000 08:14 3022767                    /usr/lib/x86_64-linux-gnu/libdl-2.31.so
7fe4dfa5f000-7fe4dfa60000 rw-p 00004000 08:14 3022767                    /usr/lib/x86_64-linux-gnu/libdl-2.31.so
7fe4dfa60000-7fe4dfa76000 r-xp 00000000 08:00 1608974                    /home/matze/android-studio/jre/jre/lib/amd64/jli/libjli.so
7fe4dfa76000-7fe4dfa77000 r--p 00015000 08:00 1608974                    /home/matze/android-studio/jre/jre/lib/amd64/jli/libjli.so
7fe4dfa77000-7fe4dfa78000 rw-p 00016000 08:00 1608974                    /home/matze/android-studio/jre/jre/lib/amd64/jli/libjli.so
7fe4dfa78000-7fe4dfa7f000 r--p 00000000 08:14 3022779                    /usr/lib/x86_64-linux-gnu/libpthread-2.31.so
7fe4dfa7f000-7fe4dfa90000 r-xp 00007000 08:14 3022779                    /usr/lib/x86_64-linux-gnu/libpthread-2.31.so
7fe4dfa90000-7fe4dfa95000 r--p 00018000 08:14 3022779                    /usr/lib/x86_64-linux-gnu/libpthread-2.31.so
7fe4dfa95000-7fe4dfa96000 r--p 0001c000 08:14 3022779                    /usr/lib/x86_64-linux-gnu/libpthread-2.31.so
7fe4dfa96000-7fe4dfa97000 rw-p 0001d000 08:14 3022779                    /usr/lib/x86_64-linux-gnu/libpthread-2.31.so
7fe4dfa97000-7fe4dfa9b000 rw-p 00000000 00:00 0 
7fe4dfa9b000-7fe4dfa9c000 r--s 0000a000 08:00 1967670                    /home/matze/.gradle/caches/modules-2/files-2.1/androidx.collection/collection/1.1.0/1f27220b47669781457de0d600849a5de0e89909/collection-1.1.0.jar
7fe4dfa9c000-7fe4dfa9e000 r--s 00009000 08:00 1894492                    /home/matze/.gradle/caches/modules-2/files-2.1/org.jetbrains.kotlin/kotlin-script-runtime/1.4.0/52ac54a56c9121f54fcca387c5a0f441d1af9be8/kotlin-script-runtime-1.4.0.jar
7fe4dfa9e000-7fe4dfaa6000 rw-s 00000000 08:14 1838685                    /tmp/hsperfdata_matze/5077
7fe4dfaa6000-7fe4dfaa7000 rw-p 00000000 00:00 0 
7fe4dfaa7000-7fe4dfab4000 r-xp 00000000 08:00 1608982                    /home/matze/android-studio/jre/jre/lib/amd64/libverify.so
7fe4dfab4000-7fe4dfab6000 r--p 0000c000 08:00 1608982                    /home/matze/android-studio/jre/jre/lib/amd64/libverify.so
7fe4dfab6000-7fe4dfab7000 rw-p 0000e000 08:00 1608982                    /home/matze/android-studio/jre/jre/lib/amd64/libverify.so
7fe4dfab7000-7fe4dfab9000 rw-p 00000000 00:00 0 
7fe4dfab9000-7fe4dfaba000 r--p 00000000 08:14 3020617                    /usr/lib/x86_64-linux-gnu/ld-2.31.so
7fe4dfaba000-7fe4dfadd000 r-xp 00001000 08:14 3020617                    /usr/lib/x86_64-linux-gnu/ld-2.31.so
7fe4dfadd000-7fe4dfae5000 r--p 00024000 08:14 3020617                    /usr/lib/x86_64-linux-gnu/ld-2.31.so
7fe4dfae5000-7fe4dfae6000 r--p 00000000 00:00 0 
7fe4dfae6000-7fe4dfae7000 r--p 0002c000 08:14 3020617                    /usr/lib/x86_64-linux-gnu/ld-2.31.so
7fe4dfae7000-7fe4dfae8000 rw-p 0002d000 08:14 3020617                    /usr/lib/x86_64-linux-gnu/ld-2.31.so
7fe4dfae8000-7fe4dfae9000 rw-p 00000000 00:00 0 
7ffc6c2b3000-7ffc6c2d4000 rw-p 00000000 00:00 0                          [stack]
7ffc6c369000-7ffc6c36c000 r--p 00000000 00:00 0                          [vvar]
7ffc6c36c000-7ffc6c36d000 r-xp 00000000 00:00 0                          [vdso]
ffffffffff600000-ffffffffff601000 --xp 00000000 00:00 0                  [vsyscall]

VM Arguments:
java_command: org.jetbrains.kotlin.cli.jvm.K2JVMCompiler @/home/matze/Documents/Programming/Android/Splitter/app/build/20201005_1039785651843869768.compiler.options
java_class_path (initial): /home/matze/.gradle/caches/modules-2/files-2.1/org.jetbrains.kotlin/kotlin-compiler-embeddable/1.4.0/e5f0d669a77787ccbccd49c71b57bfd7b35faec4/kotlin-compiler-embeddable-1.4.0.jar:/home/matze/.gradle/caches/modules-2/files-2.1/org.jetbrains.kotlin/kotlin-reflect/1.4.0/aa2101a19d8688e368ae6e35e8967550ced73884/kotlin-reflect-1.4.0.jar:/home/matze/.gradle/caches/modules-2/files-2.1/org.jetbrains.kotlin/kotlin-stdlib/1.4.0/63e75298e93d4ae0b299bb869cf0c627196f8843/kotlin-stdlib-1.4.0.jar:/home/matze/.gradle/caches/modules-2/files-2.1/org.jetbrains.kotlin/kotlin-script-runtime/1.4.0/52ac54a56c9121f54fcca387c5a0f441d1af9be8/kotlin-script-runtime-1.4.0.jar:/home/matze/.gradle/caches/modules-2/files-2.1/org.jetbrains.kotlin/kotlin-daemon-embeddable/1.4.0/633873c93bba12bcf764e1cf8fb36baa5501b8ff/kotlin-daemon-embeddable-1.4.0.jar:/home/matze/.gradle/caches/modules-2/files-2.1/org.jetbrains.intellij.deps/trove4j/1.0.20181211/216c2e14b070f334479d800987affe4054cd563f/trove4j-1.0.20181211.jar:/home/matze/.gradle/caches/modules-2/files-2.1/org.jetbrains.kotlin/kotlin-stdlib-common/1.4.0/1c752cce0ead8d504ccc88a4fed6471fd83ab0dd/kotlin-stdlib-common-1.4.0.jar:/home/matze/.gradle/caches/modules-2/files-2.1/org.jetbrains/annotations/13.0/919f0dfe192fb4e063e7dacadee7f8bb9a2672a9/annotations-13.0.jar:/home/matze/android-studio/jre/lib/tools.jar
Launcher Type: SUN_STANDARD

Environment Variables:
PATH=/home/matze/.local/bin:/home/matze/.cargo/bin:/usr/local/sbin:/usr/local/bin:/usr/sbin:/usr/bin:/sbin:/bin:/usr/games:/usr/local/games:/snap/bin
SHELL=/bin/zsh
DISPLAY=:0

Signal Handlers:
SIGSEGV: [libjvm.so+0xa13c80], sa_mask[0]=11111111011111111101111111111110, sa_flags=SA_RESTART|SA_SIGINFO
SIGBUS: [libjvm.so+0xa13c80], sa_mask[0]=11111111011111111101111111111110, sa_flags=SA_RESTART|SA_SIGINFO
SIGFPE: [libjvm.so+0x874670], sa_mask[0]=11111111011111111101111111111110, sa_flags=SA_RESTART|SA_SIGINFO
SIGPIPE: [libjvm.so+0x874670], sa_mask[0]=11111111011111111101111111111110, sa_flags=SA_RESTART|SA_SIGINFO
SIGXFSZ: [libjvm.so+0x874670], sa_mask[0]=11111111011111111101111111111110, sa_flags=SA_RESTART|SA_SIGINFO
SIGILL: [libjvm.so+0x874670], sa_mask[0]=11111111011111111101111111111110, sa_flags=SA_RESTART|SA_SIGINFO
SIGUSR1: SIG_DFL, sa_mask[0]=00000000000000000000000000000000, sa_flags=none
SIGUSR2: [libjvm.so+0x874540], sa_mask[0]=00100000000000000000000000000000, sa_flags=SA_RESTART|SA_SIGINFO
SIGHUP: [libjvm.so+0x874730], sa_mask[0]=11111111011111111101111111111110, sa_flags=SA_RESTART|SA_SIGINFO
SIGINT: [libjvm.so+0x874730], sa_mask[0]=11111111011111111101111111111110, sa_flags=SA_RESTART|SA_SIGINFO
SIGTERM: [libjvm.so+0x874730], sa_mask[0]=11111111011111111101111111111110, sa_flags=SA_RESTART|SA_SIGINFO
SIGQUIT: [libjvm.so+0x874730], sa_mask[0]=11111111011111111101111111111110, sa_flags=SA_RESTART|SA_SIGINFO


---------------  S Y S T E M  ---------------

OS:DISTRIB_ID=Ubuntu
DISTRIB_RELEASE=20.04
DISTRIB_CODENAME=focal
DISTRIB_DESCRIPTION="Ubuntu 20.04.1 LTS"

uname:Linux 5.4.0-48-generic #52-Ubuntu SMP Thu Sep 10 10:58:49 UTC 2020 x86_64
libc:glibc 2.31 NPTL 2.31 
rlimit: STACK 8192k, CORE 0k, NPROC 63413, NOFILE 1048576, AS infinity
load average:2,22 0,97 0,56

/proc/meminfo:
MemTotal:       16404516 kB
MemFree:         6006616 kB
MemAvailable:   10476160 kB
Buffers:          554832 kB
Cached:          3848704 kB
SwapCached:            0 kB
Active:          6143184 kB
Inactive:        2975492 kB
Active(anon):    4635244 kB
Inactive(anon):   394224 kB
Active(file):    1507940 kB
Inactive(file):  2581268 kB
Unevictable:          64 kB
Mlocked:              64 kB
SwapTotal:       1907708 kB
SwapFree:        1907708 kB
Dirty:             24424 kB
Writeback:             0 kB
AnonPages:       4715536 kB
Mapped:          1418540 kB
Shmem:            415632 kB
KReclaimable:     718340 kB
Slab:             970196 kB
SReclaimable:     718340 kB
SUnreclaim:       251856 kB
KernelStack:       20352 kB
PageTables:        62396 kB
NFS_Unstable:          0 kB
Bounce:                0 kB
WritebackTmp:          0 kB
CommitLimit:    10109964 kB
Committed_AS:   14360708 kB
VmallocTotal:   34359738367 kB
VmallocUsed:       59476 kB
VmallocChunk:          0 kB
Percpu:            30336 kB
HardwareCorrupted:     0 kB
AnonHugePages:         0 kB
ShmemHugePages:        0 kB
ShmemPmdMapped:        0 kB
FileHugePages:         0 kB
FilePmdMapped:         0 kB
CmaTotal:              0 kB
CmaFree:               0 kB
HugePages_Total:       0
HugePages_Free:        0
HugePages_Rsvd:        0
HugePages_Surp:        0
Hugepagesize:       2048 kB
Hugetlb:               0 kB
DirectMap4k:      688612 kB
DirectMap2M:    12890112 kB
DirectMap1G:     3145728 kB

container (cgroup) information:
container_type: cgroupv1
cpu_cpuset_cpus: 0-11
cpu_memory_nodes: 0
active_processor_count: 12
cpu_quota: -1
cpu_period: 100000
cpu_shares: -1
memory_limit_in_bytes: -1
memory_and_swap_limit_in_bytes: -2
memory_soft_limit_in_bytes: -1
memory_usage_in_bytes: 8969211904
memory_max_usage_in_bytes: 9050095616


CPU:total 12 (initial active 12) (12 cores per cpu, 1 threads per core) family 23 model 113 stepping 0, cmov, cx8, fxsr, mmx, sse, sse2, sse3, ssse3, sse4.1, sse4.2, popcnt, avx, avx2, aes, clmul, mmxext, 3dnowpref, lzcnt, sse4a, tsc, tscinvbit, tscinv, bmi1

/proc/cpuinfo:
processor	: 0
vendor_id	: AuthenticAMD
cpu family	: 23
model		: 113
model name	: AMD Ryzen 5 3600 6-Core Processor
stepping	: 0
microcode	: 0x8701021
cpu MHz		: 2580.365
cache size	: 512 KB
physical id	: 0
siblings	: 12
core id		: 0
cpu cores	: 6
apicid		: 0
initial apicid	: 0
fpu		: yes
fpu_exception	: yes
cpuid level	: 16
wp		: yes
flags		: fpu vme de pse tsc msr pae mce cx8 apic sep mtrr pge mca cmov pat pse36 clflush mmx fxsr sse sse2 ht syscall nx mmxext fxsr_opt pdpe1gb rdtscp lm constant_tsc rep_good nopl nonstop_tsc cpuid extd_apicid aperfmperf pni pclmulqdq monitor ssse3 fma cx16 sse4_1 sse4_2 movbe popcnt aes xsave avx f16c rdrand lahf_lm cmp_legacy svm extapic cr8_legacy abm sse4a misalignsse 3dnowprefetch osvw ibs skinit wdt tce topoext perfctr_core perfctr_nb bpext perfctr_llc mwaitx cpb cat_l3 cdp_l3 hw_pstate sme ssbd mba sev ibpb stibp vmmcall fsgsbase bmi1 avx2 smep bmi2 cqm rdt_a rdseed adx smap clflushopt clwb sha_ni xsaveopt xsavec xgetbv1 xsaves cqm_llc cqm_occup_llc cqm_mbm_total cqm_mbm_local clzero irperf xsaveerptr wbnoinvd arat npt lbrv svm_lock nrip_save tsc_scale vmcb_clean flushbyasid decodeassists pausefilter pfthreshold avic v_vmsave_vmload vgif umip rdpid overflow_recov succor smca
bugs		: sysret_ss_attrs spectre_v1 spectre_v2 spec_store_bypass
bogomips	: 7199.43
TLB size	: 3072 4K pages
clflush size	: 64
cache_alignment	: 64
address sizes	: 43 bits physical, 48 bits virtual
power management: ts ttp tm hwpstate cpb eff_freq_ro [13] [14]

processor	: 1
vendor_id	: AuthenticAMD
cpu family	: 23
model		: 113
model name	: AMD Ryzen 5 3600 6-Core Processor
stepping	: 0
microcode	: 0x8701021
cpu MHz		: 4049.863
cache size	: 512 KB
physical id	: 0
siblings	: 12
core id		: 1
cpu cores	: 6
apicid		: 2
initial apicid	: 2
fpu		: yes
fpu_exception	: yes
cpuid level	: 16
wp		: yes
flags		: fpu vme de pse tsc msr pae mce cx8 apic sep mtrr pge mca cmov pat pse36 clflush mmx fxsr sse sse2 ht syscall nx mmxext fxsr_opt pdpe1gb rdtscp lm constant_tsc rep_good nopl nonstop_tsc cpuid extd_apicid aperfmperf pni pclmulqdq monitor ssse3 fma cx16 sse4_1 sse4_2 movbe popcnt aes xsave avx f16c rdrand lahf_lm cmp_legacy svm extapic cr8_legacy abm sse4a misalignsse 3dnowprefetch osvw ibs skinit wdt tce topoext perfctr_core perfctr_nb bpext perfctr_llc mwaitx cpb cat_l3 cdp_l3 hw_pstate sme ssbd mba sev ibpb stibp vmmcall fsgsbase bmi1 avx2 smep bmi2 cqm rdt_a rdseed adx smap clflushopt clwb sha_ni xsaveopt xsavec xgetbv1 xsaves cqm_llc cqm_occup_llc cqm_mbm_total cqm_mbm_local clzero irperf xsaveerptr wbnoinvd arat npt lbrv svm_lock nrip_save tsc_scale vmcb_clean flushbyasid decodeassists pausefilter pfthreshold avic v_vmsave_vmload vgif umip rdpid overflow_recov succor smca
bugs		: sysret_ss_attrs spectre_v1 spectre_v2 spec_store_bypass
bogomips	: 7199.43
TLB size	: 3072 4K pages
clflush size	: 64
cache_alignment	: 64
address sizes	: 43 bits physical, 48 bits virtual
power management: ts ttp tm hwpstate cpb eff_freq_ro [13] [14]

processor	: 2
vendor_id	: AuthenticAMD
cpu family	: 23
model		: 113
model name	: AMD Ryzen 5 3600 6-Core Processor
stepping	: 0
microcode	: 0x8701021
cpu MHz		: 2896.970
cache size	: 512 KB
physical id	: 0
siblings	: 12
core id		: 2
cpu cores	: 6
apicid		: 4
initial apicid	: 4
fpu		: yes
fpu_exception	: yes
cpuid level	: 16
wp		: yes
flags		: fpu vme de pse tsc msr pae mce cx8 apic sep mtrr pge mca cmov pat pse36 clflush mmx fxsr sse sse2 ht syscall nx mmxext fxsr_opt pdpe1gb rdtscp lm constant_tsc rep_good nopl nonstop_tsc cpuid extd_apicid aperfmperf pni pclmulqdq monitor ssse3 fma cx16 sse4_1 sse4_2 movbe popcnt aes xsave avx f16c rdrand lahf_lm cmp_legacy svm extapic cr8_legacy abm sse4a misalignsse 3dnowprefetch osvw ibs skinit wdt tce topoext perfctr_core perfctr_nb bpext perfctr_llc mwaitx cpb cat_l3 cdp_l3 hw_pstate sme ssbd mba sev ibpb stibp vmmcall fsgsbase bmi1 avx2 smep bmi2 cqm rdt_a rdseed adx smap clflushopt clwb sha_ni xsaveopt xsavec xgetbv1 xsaves cqm_llc cqm_occup_llc cqm_mbm_total cqm_mbm_local clzero irperf xsaveerptr wbnoinvd arat npt lbrv svm_lock nrip_save tsc_scale vmcb_clean flushbyasid decodeassists pausefilter pfthreshold avic v_vmsave_vmload vgif umip rdpid overflow_recov succor smca
bugs		: sysret_ss_attrs spectre_v1 spectre_v2 spec_store_bypass
bogomips	: 7199.43
TLB size	: 3072 4K pages
clflush size	: 64
cache_alignment	: 64
address sizes	: 43 bits physical, 48 bits virtual
power management: ts ttp tm hwpstate cpb eff_freq_ro [13] [14]

processor	: 3
vendor_id	: AuthenticAMD
cpu family	: 23
model		: 113
model name	: AMD Ryzen 5 3600 6-Core Processor
stepping	: 0
microcode	: 0x8701021
cpu MHz		: 4114.704
cache size	: 512 KB
physical id	: 0
siblings	: 12
core id		: 4
cpu cores	: 6
apicid		: 8
initial apicid	: 8
fpu		: yes
fpu_exception	: yes
cpuid level	: 16
wp		: yes
flags		: fpu vme de pse tsc msr pae mce cx8 apic sep mtrr pge mca cmov pat pse36 clflush mmx fxsr sse sse2 ht syscall nx mmxext fxsr_opt pdpe1gb rdtscp lm constant_tsc rep_good nopl nonstop_tsc cpuid extd_apicid aperfmperf pni pclmulqdq monitor ssse3 fma cx16 sse4_1 sse4_2 movbe popcnt aes xsave avx f16c rdrand lahf_lm cmp_legacy svm extapic cr8_legacy abm sse4a misalignsse 3dnowprefetch osvw ibs skinit wdt tce topoext perfctr_core perfctr_nb bpext perfctr_llc mwaitx cpb cat_l3 cdp_l3 hw_pstate sme ssbd mba sev ibpb stibp vmmcall fsgsbase bmi1 avx2 smep bmi2 cqm rdt_a rdseed adx smap clflushopt clwb sha_ni xsaveopt xsavec xgetbv1 xsaves cqm_llc cqm_occup_llc cqm_mbm_total cqm_mbm_local clzero irperf xsaveerptr wbnoinvd arat npt lbrv svm_lock nrip_save tsc_scale vmcb_clean flushbyasid decodeassists pausefilter pfthreshold avic v_vmsave_vmload vgif umip rdpid overflow_recov succor smca
bugs		: sysret_ss_attrs spectre_v1 spectre_v2 spec_store_bypass
bogomips	: 7199.43
TLB size	: 3072 4K pages
clflush size	: 64
cache_alignment	: 64
address sizes	: 43 bits physical, 48 bits virtual
power management: ts ttp tm hwpstate cpb eff_freq_ro [13] [14]

processor	: 4
vendor_id	: AuthenticAMD
cpu family	: 23
model		: 113
model name	: AMD Ryzen 5 3600 6-Core Processor
stepping	: 0
microcode	: 0x8701021
cpu MHz		: 3649.296
cache size	: 512 KB
physical id	: 0
siblings	: 12
core id		: 5
cpu cores	: 6
apicid		: 10
initial apicid	: 10
fpu		: yes
fpu_exception	: yes
cpuid level	: 16
wp		: yes
flags		: fpu vme de pse tsc msr pae mce cx8 apic sep mtrr pge mca cmov pat pse36 clflush mmx fxsr sse sse2 ht syscall nx mmxext fxsr_opt pdpe1gb rdtscp lm constant_tsc rep_good nopl nonstop_tsc cpuid extd_apicid aperfmperf pni pclmulqdq monitor ssse3 fma cx16 sse4_1 sse4_2 movbe popcnt aes xsave avx f16c rdrand lahf_lm cmp_legacy svm extapic cr8_legacy abm sse4a misalignsse 3dnowprefetch osvw ibs skinit wdt tce topoext perfctr_core perfctr_nb bpext perfctr_llc mwaitx cpb cat_l3 cdp_l3 hw_pstate sme ssbd mba sev ibpb stibp vmmcall fsgsbase bmi1 avx2 smep bmi2 cqm rdt_a rdseed adx smap clflushopt clwb sha_ni xsaveopt xsavec xgetbv1 xsaves cqm_llc cqm_occup_llc cqm_mbm_total cqm_mbm_local clzero irperf xsaveerptr wbnoinvd arat npt lbrv svm_lock nrip_save tsc_scale vmcb_clean flushbyasid decodeassists pausefilter pfthreshold avic v_vmsave_vmload vgif umip rdpid overflow_recov succor smca
bugs		: sysret_ss_attrs spectre_v1 spectre_v2 spec_store_bypass
bogomips	: 7199.43
TLB size	: 3072 4K pages
clflush size	: 64
cache_alignment	: 64
address sizes	: 43 bits physical, 48 bits virtual
power management: ts ttp tm hwpstate cpb eff_freq_ro [13] [14]

processor	: 5
vendor_id	: AuthenticAMD
cpu family	: 23
model		: 113
model name	: AMD Ryzen 5 3600 6-Core Processor
stepping	: 0
microcode	: 0x8701021
cpu MHz		: 2047.930
cache size	: 512 KB
physical id	: 0
siblings	: 12
core id		: 6
cpu cores	: 6
apicid		: 12
initial apicid	: 12
fpu		: yes
fpu_exception	: yes
cpuid level	: 16
wp		: yes
flags		: fpu vme de pse tsc msr pae mce cx8 apic sep mtrr pge mca cmov pat pse36 clflush mmx fxsr sse sse2 ht syscall nx mmxext fxsr_opt pdpe1gb rdtscp lm constant_tsc rep_good nopl nonstop_tsc cpuid extd_apicid aperfmperf pni pclmulqdq monitor ssse3 fma cx16 sse4_1 sse4_2 movbe popcnt aes xsave avx f16c rdrand lahf_lm cmp_legacy svm extapic cr8_legacy abm sse4a misalignsse 3dnowprefetch osvw ibs skinit wdt tce topoext perfctr_core perfctr_nb bpext perfctr_llc mwaitx cpb cat_l3 cdp_l3 hw_pstate sme ssbd mba sev ibpb stibp vmmcall fsgsbase bmi1 avx2 smep bmi2 cqm rdt_a rdseed adx smap clflushopt clwb sha_ni xsaveopt xsavec xgetbv1 xsaves cqm_llc cqm_occup_llc cqm_mbm_total cqm_mbm_local clzero irperf xsaveerptr wbnoinvd arat npt lbrv svm_lock nrip_save tsc_scale vmcb_clean flushbyasid decodeassists pausefilter pfthreshold avic v_vmsave_vmload vgif umip rdpid overflow_recov succor smca
bugs		: sysret_ss_attrs spectre_v1 spectre_v2 spec_store_bypass
bogomips	: 7199.43
TLB size	: 3072 4K pages
clflush size	: 64
cache_alignment	: 64
address sizes	: 43 bits physical, 48 bits virtual
power management: ts ttp tm hwpstate cpb eff_freq_ro [13] [14]

processor	: 6
vendor_id	: AuthenticAMD
cpu family	: 23
model		: 113
model name	: AMD Ryzen 5 3600 6-Core Processor
stepping	: 0
microcode	: 0x8701021
cpu MHz		: 2725.471
cache size	: 512 KB
physical id	: 0
siblings	: 12
core id		: 0
cpu cores	: 6
apicid		: 1
initial apicid	: 1
fpu		: yes
fpu_exception	: yes
cpuid level	: 16
wp		: yes
flags		: fpu vme de pse tsc msr pae mce cx8 apic sep mtrr pge mca cmov pat pse36 clflush mmx fxsr sse sse2 ht syscall nx mmxext fxsr_opt pdpe1gb rdtscp lm constant_tsc rep_good nopl nonstop_tsc cpuid extd_apicid aperfmperf pni pclmulqdq monitor ssse3 fma cx16 sse4_1 sse4_2 movbe popcnt aes xsave avx f16c rdrand lahf_lm cmp_legacy svm extapic cr8_legacy abm sse4a misalignsse 3dnowprefetch osvw ibs skinit wdt tce topoext perfctr_core perfctr_nb bpext perfctr_llc mwaitx cpb cat_l3 cdp_l3 hw_pstate sme ssbd mba sev ibpb stibp vmmcall fsgsbase bmi1 avx2 smep bmi2 cqm rdt_a rdseed adx smap clflushopt clwb sha_ni xsaveopt xsavec xgetbv1 xsaves cqm_llc cqm_occup_llc cqm_mbm_total cqm_mbm_local clzero irperf xsaveerptr wbnoinvd arat npt lbrv svm_lock nrip_save tsc_scale vmcb_clean flushbyasid decodeassists pausefilter pfthreshold avic v_vmsave_vmload vgif umip rdpid overflow_recov succor smca
bugs		: sysret_ss_attrs spectre_v1 spectre_v2 spec_store_bypass
bogomips	: 7199.43
TLB size	: 3072 4K pages
clflush size	: 64
cache_alignment	: 64
address sizes	: 43 bits physical, 48 bits virtual
power management: ts ttp tm hwpstate cpb eff_freq_ro [13] [14]

processor	: 7
vendor_id	: AuthenticAMD
cpu family	: 23
model		: 113
model name	: AMD Ryzen 5 3600 6-Core Processor
stepping	: 0
microcode	: 0x8701021
cpu MHz		: 3974.848
cache size	: 512 KB
physical id	: 0
siblings	: 12
core id		: 1
cpu cores	: 6
apicid		: 3
initial apicid	: 3
fpu		: yes
fpu_exception	: yes
cpuid level	: 16
wp		: yes
flags		: fpu vme de pse tsc msr pae mce cx8 apic sep mtrr pge mca cmov pat pse36 clflush mmx fxsr sse sse2 ht syscall nx mmxext fxsr_opt pdpe1gb rdtscp lm constant_tsc rep_good nopl nonstop_tsc cpuid extd_apicid aperfmperf pni pclmulqdq monitor ssse3 fma cx16 sse4_1 sse4_2 movbe popcnt aes xsave avx f16c rdrand lahf_lm cmp_legacy svm extapic cr8_legacy abm sse4a misalignsse 3dnowprefetch osvw ibs skinit wdt tce topoext perfctr_core perfctr_nb bpext perfctr_llc mwaitx cpb cat_l3 cdp_l3 hw_pstate sme ssbd mba sev ibpb stibp vmmcall fsgsbase bmi1 avx2 smep bmi2 cqm rdt_a rdseed adx smap clflushopt clwb sha_ni xsaveopt xsavec xgetbv1 xsaves cqm_llc cqm_occup_llc cqm_mbm_total cqm_mbm_local clzero irperf xsaveerptr wbnoinvd arat npt lbrv svm_lock nrip_save tsc_scale vmcb_clean flushbyasid decodeassists pausefilter pfthreshold avic v_vmsave_vmload vgif umip rdpid overflow_recov succor smca
bugs		: sysret_ss_attrs spectre_v1 spectre_v2 spec_store_bypass
bogomips	: 7199.43
TLB size	: 3072 4K pages
clflush size	: 64
cache_alignment	: 64
address sizes	: 43 bits physical, 48 bits virtual
power management: ts ttp tm hwpstate cpb eff_freq_ro [13] [14]

processor	: 8
vendor_id	: AuthenticAMD
cpu family	: 23
model		: 113
model name	: AMD Ryzen 5 3600 6-Core Processor
stepping	: 0
microcode	: 0x8701021
cpu MHz		: 2431.377
cache size	: 512 KB
physical id	: 0
siblings	: 12
core id		: 2
cpu cores	: 6
apicid		: 5
initial apicid	: 5
fpu		: yes
fpu_exception	: yes
cpuid level	: 16
wp		: yes
flags		: fpu vme de pse tsc msr pae mce cx8 apic sep mtrr pge mca cmov pat pse36 clflush mmx fxsr sse sse2 ht syscall nx mmxext fxsr_opt pdpe1gb rdtscp lm constant_tsc rep_good nopl nonstop_tsc cpuid extd_apicid aperfmperf pni pclmulqdq monitor ssse3 fma cx16 sse4_1 sse4_2 movbe popcnt aes xsave avx f16c rdrand lahf_lm cmp_legacy svm extapic cr8_legacy abm sse4a misalignsse 3dnowprefetch osvw ibs skinit wdt tce topoext perfctr_core perfctr_nb bpext perfctr_llc mwaitx cpb cat_l3 cdp_l3 hw_pstate sme ssbd mba sev ibpb stibp vmmcall fsgsbase bmi1 avx2 smep bmi2 cqm rdt_a rdseed adx smap clflushopt clwb sha_ni xsaveopt xsavec xgetbv1 xsaves cqm_llc cqm_occup_llc cqm_mbm_total cqm_mbm_local clzero irperf xsaveerptr wbnoinvd arat npt lbrv svm_lock nrip_save tsc_scale vmcb_clean flushbyasid decodeassists pausefilter pfthreshold avic v_vmsave_vmload vgif umip rdpid overflow_recov succor smca
bugs		: sysret_ss_attrs spectre_v1 spectre_v2 spec_store_bypass
bogomips	: 7199.43
TLB size	: 3072 4K pages
clflush size	: 64
cache_alignment	: 64
address sizes	: 43 bits physical, 48 bits virtual
power management: ts ttp tm hwpstate cpb eff_freq_ro [13] [14]

processor	: 9
vendor_id	: AuthenticAMD
cpu family	: 23
model		: 113
model name	: AMD Ryzen 5 3600 6-Core Processor
stepping	: 0
microcode	: 0x8701021
cpu MHz		: 4096.921
cache size	: 512 KB
physical id	: 0
siblings	: 12
core id		: 4
cpu cores	: 6
apicid		: 9
initial apicid	: 9
fpu		: yes
fpu_exception	: yes
cpuid level	: 16
wp		: yes
flags		: fpu vme de pse tsc msr pae mce cx8 apic sep mtrr pge mca cmov pat pse36 clflush mmx fxsr sse sse2 ht syscall nx mmxext fxsr_opt pdpe1gb rdtscp lm constant_tsc rep_good nopl nonstop_tsc cpuid extd_apicid aperfmperf pni pclmulqdq monitor ssse3 fma cx16 sse4_1 sse4_2 movbe popcnt aes xsave avx f16c rdrand lahf_lm cmp_legacy svm extapic cr8_legacy abm sse4a misalignsse 3dnowprefetch osvw ibs skinit wdt tce topoext perfctr_core perfctr_nb bpext perfctr_llc mwaitx cpb cat_l3 cdp_l3 hw_pstate sme ssbd mba sev ibpb stibp vmmcall fsgsbase bmi1 avx2 smep bmi2 cqm rdt_a rdseed adx smap clflushopt clwb sha_ni xsaveopt xsavec xgetbv1 xsaves cqm_llc cqm_occup_llc cqm_mbm_total cqm_mbm_local clzero irperf xsaveerptr wbnoinvd arat npt lbrv svm_lock nrip_save tsc_scale vmcb_clean flushbyasid decodeassists pausefilter pfthreshold avic v_vmsave_vmload vgif umip rdpid overflow_recov succor smca
bugs		: sysret_ss_attrs spectre_v1 spectre_v2 spec_store_bypass
bogomips	: 7199.43
TLB size	: 3072 4K pages
clflush size	: 64
cache_alignment	: 64
address sizes	: 43 bits physical, 48 bits virtual
power management: ts ttp tm hwpstate cpb eff_freq_ro [13] [14]

processor	: 10
vendor_id	: AuthenticAMD
cpu family	: 23
model		: 113
model name	: AMD Ryzen 5 3600 6-Core Processor
stepping	: 0
microcode	: 0x8701021
cpu MHz		: 2147.281
cache size	: 512 KB
physical id	: 0
siblings	: 12
core id		: 5
cpu cores	: 6
apicid		: 11
initial apicid	: 11
fpu		: yes
fpu_exception	: yes
cpuid level	: 16
wp		: yes
flags		: fpu vme de pse tsc msr pae mce cx8 apic sep mtrr pge mca cmov pat pse36 clflush mmx fxsr sse sse2 ht syscall nx mmxext fxsr_opt pdpe1gb rdtscp lm constant_tsc rep_good nopl nonstop_tsc cpuid extd_apicid aperfmperf pni pclmulqdq monitor ssse3 fma cx16 sse4_1 sse4_2 movbe popcnt aes xsave avx f16c rdrand lahf_lm cmp_legacy svm extapic cr8_legacy abm sse4a misalignsse 3dnowprefetch osvw ibs skinit wdt tce topoext perfctr_core perfctr_nb bpext perfctr_llc mwaitx cpb cat_l3 cdp_l3 hw_pstate sme ssbd mba sev ibpb stibp vmmcall fsgsbase bmi1 avx2 smep bmi2 cqm rdt_a rdseed adx smap clflushopt clwb sha_ni xsaveopt xsavec xgetbv1 xsaves cqm_llc cqm_occup_llc cqm_mbm_total cqm_mbm_local clzero irperf xsaveerptr wbnoinvd arat npt lbrv svm_lock nrip_save tsc_scale vmcb_clean flushbyasid decodeassists pausefilter pfthreshold avic v_vmsave_vmload vgif umip rdpid overflow_recov succor smca
bugs		: sysret_ss_attrs spectre_v1 spectre_v2 spec_store_bypass
bogomips	: 7199.43
TLB size	: 3072 4K pages
clflush size	: 64
cache_alignment	: 64
address sizes	: 43 bits physical, 48 bits virtual
power management: ts ttp tm hwpstate cpb eff_freq_ro [13] [14]

processor	: 11
vendor_id	: AuthenticAMD
cpu family	: 23
model		: 113
model name	: AMD Ryzen 5 3600 6-Core Processor
stepping	: 0
microcode	: 0x8701021
cpu MHz		: 2045.585
cache size	: 512 KB
physical id	: 0
siblings	: 12
core id		: 6
cpu cores	: 6
apicid		: 13
initial apicid	: 13
fpu		: yes
fpu_exception	: yes
cpuid level	: 16
wp		: yes
flags		: fpu vme de pse tsc msr pae mce cx8 apic sep mtrr pge mca cmov pat pse36 clflush mmx fxsr sse sse2 ht syscall nx mmxext fxsr_opt pdpe1gb rdtscp lm constant_tsc rep_good nopl nonstop_tsc cpuid extd_apicid aperfmperf pni pclmulqdq monitor ssse3 fma cx16 sse4_1 sse4_2 movbe popcnt aes xsave avx f16c rdrand lahf_lm cmp_legacy svm extapic cr8_legacy abm sse4a misalignsse 3dnowprefetch osvw ibs skinit wdt tce topoext perfctr_core perfctr_nb bpext perfctr_llc mwaitx cpb cat_l3 cdp_l3 hw_pstate sme ssbd mba sev ibpb stibp vmmcall fsgsbase bmi1 avx2 smep bmi2 cqm rdt_a rdseed adx smap clflushopt clwb sha_ni xsaveopt xsavec xgetbv1 xsaves cqm_llc cqm_occup_llc cqm_mbm_total cqm_mbm_local clzero irperf xsaveerptr wbnoinvd arat npt lbrv svm_lock nrip_save tsc_scale vmcb_clean flushbyasid decodeassists pausefilter pfthreshold avic v_vmsave_vmload vgif umip rdpid overflow_recov succor smca
bugs		: sysret_ss_attrs spectre_v1 spectre_v2 spec_store_bypass
bogomips	: 7199.43
TLB size	: 3072 4K pages
clflush size	: 64
cache_alignment	: 64
address sizes	: 43 bits physical, 48 bits virtual
power management: ts ttp tm hwpstate cpb eff_freq_ro [13] [14]



Memory: 4k page, physical 16404516k(6006364k free), swap 1907708k(1907708k free)

vm_info: OpenJDK 64-Bit Server VM (25.242-b3-6222593) for linux-amd64 JRE (1.8.0_242-release-1644-b3-6222593), built by "android-build" with gcc 4.8

time: Mon Oct  5 14:49:32 2020
timezone: CEST
elapsed time: 2 seconds (0d 0h 0m 2s)

