#
# A fatal error has been detected by the Java Runtime Environment:
#
#  SIGSEGV (0xb) at pc=0x00007f744d33c906, pid=4870, tid=0x00007f7427a3b700
#
# JRE version: OpenJDK Runtime Environment (8.0_242) (build 1.8.0_242-release-1644-b3-6222593)
# Java VM: OpenJDK 64-Bit Server VM (25.242-b3-6222593 mixed mode linux-amd64 compressed oops)
# Problematic frame:
# V  [libjvm.so+0x8c5906]  NodeHash::grow()+0xd6
#
# Failed to write core dump. Core dumps have been disabled. To enable core dumping, try "ulimit -c unlimited" before starting Java again
#
# If you would like to submit a bug report, please visit:
#   http://bugreport.java.com/bugreport/crash.jsp
#

---------------  T H R E A D  ---------------

Current thread (0x00007f74480cb000):  JavaThread "C2 CompilerThread2" daemon [_thread_in_native, id=4889, stack(0x00007f742793c000,0x00007f7427a3c000)]

siginfo: si_signo: 11 (SIGSEGV), si_code: 1 (SEGV_MAPERR), si_addr: 0x000000c000003765

Registers:
RAX=0x000000c000003705, RBX=0x00007f73d8469510, RCX=0x00007f73d8e69e00, RDX=0x0000000000000000
RSP=0x00007f7427a36de0, RBP=0x00007f7427a36e20, RSI=0x0000000000007fff, RDI=0x00007f73d4cb0558
R8 =0x00007f73d8e51cb0, R9 =0x000000000000302b, R10=0x00007f73d80008d0, R11=0x00007f73d8000080
R12=0x00007f7427a387d8, R13=0x00007f73d4cb0558, R14=0x00007f73d8451918, R15=0x0000000000040000
RIP=0x00007f744d33c906, EFLAGS=0x0000000000010216, CSGSFS=0x002b000000000033, ERR=0x0000000000000004
  TRAPNO=0x000000000000000e

Top of Stack: (sp=0x00007f7427a36de0)
0x00007f7427a36de0:   00007f7427a36e60 00007f744d3403b5
0x00007f7427a36df0:   00007f7427a36e20 000000000000165f
0x00007f7427a36e00:   00007f7448b4c238 00007f7427a387d8
0x00007f7427a36e10:   00007f73ccea5f10 0000000000000000
0x00007f7427a36e20:   00007f7427a36e70 00007f744d33cb3d
0x00007f7427a36e30:   00007f7427a36e70 0000165f27a37e50
0x00007f7427a36e40:   00007f73ccea5f10 fffffffffffffff8
0x00007f7427a36e50:   00007f7448b4c238 00007f73ccea5a10
0x00007f7427a36e60:   00007f73ccea5f10 00007f73ccea5ea8
0x00007f7427a36e70:   00007f7427a36ee0 00007f744d34016c
0x00007f7427a36e80:   0000000000000000 00007f7427a387d8
0x00007f7427a36e90:   00007f7427a387d8 00007f7427a37e50
0x00007f7427a36ea0:   00007f73ccea5f10 00007f7400004000
0x00007f7427a36eb0:   00007f73ccea5ea8 00007f73ccea6208
0x00007f7427a36ec0:   00007f73ccea5d80 00007f7427a37e50
0x00007f7427a36ed0:   00007f73ccea5ea8 00007f73cc6f57b8
0x00007f7427a36ee0:   00007f7427a36f80 00007f744ce6ae51
0x00007f7427a36ef0:   00007f73e0014430 00007f73e02cb658
0x00007f7427a36f00:   00007f7427a387d8 00007f73cc76af01
0x00007f7427a36f10:   0000000000000002 0000000000000001
0x00007f7427a36f20:   00007f7400000001 00007f7300000001
0x00007f7427a36f30:   00007f73ccea5a10 00007f7427a37e50
0x00007f7427a36f40:   00007f73ccea61f8 00007f7427a387d8
0x00007f7427a36f50:   00007f7427a36f80 00007f7427a37e50
0x00007f7427a36f60:   00007f73ccea5d80 00007f7427a37e50
0x00007f7427a36f70:   00007f7427a38850 00007f73ccea5d80
0x00007f7427a36f80:   00007f7427a36fc0 00007f744d34244e
0x00007f7427a36f90:   00007f7427a36fc0 00007f73e029e200
0x00007f7427a36fa0:   00007f7427a37e50 000000000000093f
0x00007f7427a36fb0:   00007f7427a38870 00007f7427a38850
0x00007f7427a36fc0:   00007f7427a37010 00007f744d33fe5c
0x00007f7427a36fd0:   00007f73d4ca42e8 00007f73e0667c40 

Instructions: (pc=0x00007f744d33c906)
0x00007f744d33c8e6:   5c ee 08 0f 1f 80 00 00 00 00 4d 8b 2e 4d 85 ed
0x00007f744d33c8f6:   74 7b 4d 39 6c 24 20 74 74 49 8b 45 00 4c 89 ef
0x00007f744d33c906:   ff 50 60 85 c0 74 66 41 8b 74 24 0c 8d 56 01 41
0x00007f744d33c916:   3b 54 24 10 41 89 54 24 0c 74 6f 41 8b 74 24 08 

Register to memory mapping:

RAX=0x000000c000003705 is an unknown value
RBX=0x00007f73d8469510 is an unknown value
RCX=0x00007f73d8e69e00 is an unknown value
RDX=0x0000000000000000 is an unknown value
RSP=0x00007f7427a36de0 is pointing into the stack for thread: 0x00007f74480cb000
RBP=0x00007f7427a36e20 is pointing into the stack for thread: 0x00007f74480cb000
RSI=0x0000000000007fff is an unknown value
RDI=0x00007f73d4cb0558 is an unknown value
R8 =0x00007f73d8e51cb0 is an unknown value
R9 =0x000000000000302b is an unknown value
R10=0x00007f73d80008d0 is an unknown value
R11=0x00007f73d8000080 is an unknown value
R12=0x00007f7427a387d8 is pointing into the stack for thread: 0x00007f74480cb000
R13=0x00007f73d4cb0558 is an unknown value
R14=0x00007f73d8451918 is an unknown value
R15=0x0000000000040000 is an unknown value


Stack: [0x00007f742793c000,0x00007f7427a3c000],  sp=0x00007f7427a36de0,  free space=1003k
Native frames: (J=compiled Java code, j=interpreted, Vv=VM code, C=native code)
V  [libjvm.so+0x8c5906]  NodeHash::grow()+0xd6
V  [libjvm.so+0x8c5b3d]  NodeHash::hash_find_insert(Node*)+0x17d
V  [libjvm.so+0x8c916c]  PhaseIterGVN::subsume_node(Node*, Node*)+0x2bc
V  [libjvm.so+0x3f3e51]  RegionNode::Ideal(PhaseGVN*, bool)+0x1ab1
V  [libjvm.so+0x8cb44e]  PhaseIterGVN::transform_old(Node*)+0x6e
V  [libjvm.so+0x8c8e5c]  PhaseIterGVN::optimize()+0x1ac
V  [libjvm.so+0x78809c]  PhaseIdealLoop::build_and_optimize(bool, bool)+0xe6c
V  [libjvm.so+0x482288]  Compile::Optimize()+0x7c8
V  [libjvm.so+0x484d2d]  Compile::Compile(ciEnv*, C2Compiler*, ciMethod*, int, bool, bool, bool)+0x109d
V  [libjvm.so+0x3dfc48]  C2Compiler::compile_method(ciEnv*, ciMethod*, int)+0x1c8
V  [libjvm.so+0x48d382]  CompileBroker::invoke_compiler_on_method(CompileTask*)+0x852
V  [libjvm.so+0x48e228]  CompileBroker::compiler_thread_loop()+0x4e8
V  [libjvm.so+0x9bef08]  JavaThread::thread_main_inner()+0xd8
V  [libjvm.so+0x8760c2]  java_start(Thread*)+0xf2
C  [libpthread.so.0+0x9609]  start_thread+0xd9


Current CompileTask:
C2:   4087 9035       4       org.jetbrains.kotlin.load.kotlin.TypeSignatureMappingKt::mapBuiltInType (384 bytes)


---------------  P R O C E S S  ---------------

Java Threads: ( => current thread )
  0x00007f74480ea000 JavaThread "Service Thread" daemon [_thread_blocked, id=4891, stack(0x00007f7427739000,0x00007f742783a000)]
  0x00007f74480cd000 JavaThread "C1 CompilerThread3" daemon [_thread_blocked, id=4890, stack(0x00007f742783b000,0x00007f742793b000)]
=>0x00007f74480cb000 JavaThread "C2 CompilerThread2" daemon [_thread_in_native, id=4889, stack(0x00007f742793c000,0x00007f7427a3c000)]
  0x00007f74480c9000 JavaThread "C2 CompilerThread1" daemon [_thread_in_native, id=4888, stack(0x00007f74340f2000,0x00007f74341f2000)]
  0x00007f74480c6000 JavaThread "C2 CompilerThread0" daemon [_thread_in_native, id=4887, stack(0x00007f74341f3000,0x00007f74342f3000)]
  0x00007f74480c4000 JavaThread "Signal Dispatcher" daemon [_thread_blocked, id=4886, stack(0x00007f74342f3000,0x00007f74343f4000)]
  0x00007f7448092800 JavaThread "Finalizer" daemon [_thread_blocked, id=4885, stack(0x00007f74343f4000,0x00007f74344f5000)]
  0x00007f744808e000 JavaThread "Reference Handler" daemon [_thread_blocked, id=4884, stack(0x00007f74344f5000,0x00007f74345f6000)]
  0x00007f744800b000 JavaThread "main" [_thread_in_Java, id=4872, stack(0x00007f744c828000,0x00007f744c928000)]

Other Threads:
  0x00007f7448084800 VMThread [stack: 0x00007f74345f7000,0x00007f74346f7000] [id=4883]
  0x00007f74480ed000 WatcherThread [stack: 0x00007f7427639000,0x00007f7427739000] [id=4892]

VM state:not at safepoint (normal execution)

VM Mutex/Monitor currently owned by a thread: None

heap address: 0x00000006c5a00000, size: 4006 MB, Compressed Oops mode: Zero based, Oop shift amount: 3
Narrow klass base: 0x0000000000000000, Narrow klass shift: 3
Compressed class space size: 1073741824 Address: 0x00000007c0000000

Heap:
 PSYoungGen      total 196608K, used 59951K [0x000000076c900000, 0x000000077f200000, 0x00000007c0000000)
  eden space 185856K, 32% used [0x000000076c900000,0x000000077038be58,0x0000000777e80000)
  from space 10752K, 0% used [0x0000000777e80000,0x0000000777e80000,0x0000000778900000)
  to   space 37376K, 0% used [0x000000077cd80000,0x000000077cd80000,0x000000077f200000)
 ParOldGen       total 304640K, used 48682K [0x00000006c5a00000, 0x00000006d8380000, 0x000000076c900000)
  object space 304640K, 15% used [0x00000006c5a00000,0x00000006c898aa58,0x00000006d8380000)
 Metaspace       used 62923K, capacity 64066K, committed 64384K, reserved 1105920K
  class space    used 7536K, capacity 7804K, committed 7808K, reserved 1048576K

Card table byte_map: [0x00007f743882c000,0x00007f7439000000] byte_map_base: 0x00007f74351ff000

Marking Bits: (ParMarkBitMap*) 0x00007f744d78c7e0
 Begin Bits: [0x00007f73f02d0000, 0x00007f73f4168000)
 End Bits:   [0x00007f73f4168000, 0x00007f73f8000000)

Polling page: 0x00007f744da3a000

CodeCache: size=245760Kb used=33477Kb max_used=33477Kb free=212283Kb
 bounds [0x00007f7439000000, 0x00007f743b0d0000, 0x00007f7448000000]
 total_blobs=8702 nmethods=8171 adapters=445
 compilation: enabled

Compilation events (10 events):
Event: 4,079 Thread 0x00007f74480c6000 nmethod 9118 0x00007f743b0c5d50 code [0x00007f743b0c5ea0, 0x00007f743b0c5fb8]
Event: 4,079 Thread 0x00007f74480c6000 9119       4       kotlin.sequences.FlatteningSequence::iterator (12 bytes)
Event: 4,080 Thread 0x00007f74480c6000 nmethod 9119 0x00007f743b0c59d0 code [0x00007f743b0c5b20, 0x00007f743b0c5c58]
Event: 4,080 Thread 0x00007f74480c6000 9123       4       org.jetbrains.kotlin.load.kotlin.JvmDescriptorTypeWriter::writeJvmTypeAsIs (76 bytes)
Event: 4,080 Thread 0x00007f74480cd000 9124       3       org.jetbrains.kotlin.load.kotlin.JvmDescriptorTypeWriter::writeArrayType (23 bytes)
Event: 4,080 Thread 0x00007f74480cd000 nmethod 9124 0x00007f743b0c5650 code [0x00007f743b0c57c0, 0x00007f743b0c5950]
Event: 4,080 Thread 0x00007f74480cd000 9125       3       kotlin.text.StringsKt__StringsJVMKt::repeat (289 bytes)
Event: 4,081 Thread 0x00007f74480cd000 nmethod 9125 0x00007f743b0cbc90 code [0x00007f743b0cc060, 0x00007f743b0ce1b8]
Event: 4,082 Thread 0x00007f74480cd000 9129       3       org.jetbrains.kotlin.load.kotlin.TypeMappingMode::toGenericArgumentMode (98 bytes)
Event: 4,082 Thread 0x00007f74480cd000 nmethod 9129 0x00007f743b0c6c10 code [0x00007f743b0c6e20, 0x00007f743b0c77b8]

GC Heap History (10 events):
Event: 1,288 GC heap before
{Heap before GC invocations=4 (full 1):
 PSYoungGen      total 139776K, used 94047K [0x000000076c900000, 0x0000000775c00000, 0x00000007c0000000)
  eden space 129024K, 72% used [0x000000076c900000,0x00000007724d7dc8,0x0000000774700000)
  from space 10752K, 0% used [0x0000000775180000,0x0000000775180000,0x0000000775c00000)
  to   space 10752K, 0% used [0x0000000774700000,0x0000000774700000,0x0000000775180000)
 ParOldGen       total 115200K, used 9169K [0x00000006c5a00000, 0x00000006cca80000, 0x000000076c900000)
  object space 115200K, 7% used [0x00000006c5a00000,0x00000006c62f45e0,0x00000006cca80000)
 Metaspace       used 34757K, capacity 35175K, committed 35416K, reserved 1081344K
  class space    used 4430K, capacity 4573K, committed 4608K, reserved 1048576K
Event: 1,300 GC heap after
Heap after GC invocations=4 (full 1):
 PSYoungGen      total 139776K, used 10744K [0x000000076c900000, 0x0000000779380000, 0x00000007c0000000)
  eden space 129024K, 0% used [0x000000076c900000,0x000000076c900000,0x0000000774700000)
  from space 10752K, 99% used [0x0000000774700000,0x000000077517e250,0x0000000775180000)
  to   space 10752K, 0% used [0x0000000778900000,0x0000000778900000,0x0000000779380000)
 ParOldGen       total 115200K, used 20985K [0x00000006c5a00000, 0x00000006cca80000, 0x000000076c900000)
  object space 115200K, 18% used [0x00000006c5a00000,0x00000006c6e7e400,0x00000006cca80000)
 Metaspace       used 34757K, capacity 35175K, committed 35416K, reserved 1081344K
  class space    used 4430K, capacity 4573K, committed 4608K, reserved 1048576K
}
Event: 1,300 GC heap before
{Heap before GC invocations=5 (full 2):
 PSYoungGen      total 139776K, used 10744K [0x000000076c900000, 0x0000000779380000, 0x00000007c0000000)
  eden space 129024K, 0% used [0x000000076c900000,0x000000076c900000,0x0000000774700000)
  from space 10752K, 99% used [0x0000000774700000,0x000000077517e250,0x0000000775180000)
  to   space 10752K, 0% used [0x0000000778900000,0x0000000778900000,0x0000000779380000)
 ParOldGen       total 115200K, used 20985K [0x00000006c5a00000, 0x00000006cca80000, 0x000000076c900000)
  object space 115200K, 18% used [0x00000006c5a00000,0x00000006c6e7e400,0x00000006cca80000)
 Metaspace       used 34757K, capacity 35175K, committed 35416K, reserved 1081344K
  class space    used 4430K, capacity 4573K, committed 4608K, reserved 1048576K
Event: 1,330 GC heap after
Heap after GC invocations=5 (full 2):
 PSYoungGen      total 139776K, used 0K [0x000000076c900000, 0x0000000779380000, 0x00000007c0000000)
  eden space 129024K, 0% used [0x000000076c900000,0x000000076c900000,0x0000000774700000)
  from space 10752K, 0% used [0x0000000774700000,0x0000000774700000,0x0000000775180000)
  to   space 10752K, 0% used [0x0000000778900000,0x0000000778900000,0x0000000779380000)
 ParOldGen       total 204800K, used 27576K [0x00000006c5a00000, 0x00000006d2200000, 0x000000076c900000)
  object space 204800K, 13% used [0x00000006c5a00000,0x00000006c74ee1f0,0x00000006d2200000)
 Metaspace       used 34757K, capacity 35175K, committed 35416K, reserved 1081344K
  class space    used 4430K, capacity 4573K, committed 4608K, reserved 1048576K
}
Event: 2,176 GC heap before
{Heap before GC invocations=6 (full 2):
 PSYoungGen      total 139776K, used 129024K [0x000000076c900000, 0x0000000779380000, 0x00000007c0000000)
  eden space 129024K, 100% used [0x000000076c900000,0x0000000774700000,0x0000000774700000)
  from space 10752K, 0% used [0x0000000774700000,0x0000000774700000,0x0000000775180000)
  to   space 10752K, 0% used [0x0000000778900000,0x0000000778900000,0x0000000779380000)
 ParOldGen       total 204800K, used 27576K [0x00000006c5a00000, 0x00000006d2200000, 0x000000076c900000)
  object space 204800K, 13% used [0x00000006c5a00000,0x00000006c74ee1f0,0x00000006d2200000)
 Metaspace       used 43573K, capacity 44338K, committed 44672K, reserved 1089536K
  class space    used 5281K, capacity 5450K, committed 5504K, reserved 1048576K
Event: 2,187 GC heap after
Heap after GC invocations=6 (full 2):
 PSYoungGen      total 184320K, used 10722K [0x000000076c900000, 0x0000000779380000, 0x00000007c0000000)
  eden space 173568K, 0% used [0x000000076c900000,0x000000076c900000,0x0000000777280000)
  from space 10752K, 99% used [0x0000000778900000,0x00000007793788b0,0x0000000779380000)
  to   space 10752K, 0% used [0x0000000777e80000,0x0000000777e80000,0x0000000778900000)
 ParOldGen       total 204800K, used 41055K [0x00000006c5a00000, 0x00000006d2200000, 0x000000076c900000)
  object space 204800K, 20% used [0x00000006c5a00000,0x00000006c8217c08,0x00000006d2200000)
 Metaspace       used 43573K, capacity 44338K, committed 44672K, reserved 1089536K
  class space    used 5281K, capacity 5450K, committed 5504K, reserved 1048576K
}
Event: 3,487 GC heap before
{Heap before GC invocations=7 (full 2):
 PSYoungGen      total 184320K, used 119740K [0x000000076c900000, 0x0000000779380000, 0x00000007c0000000)
  eden space 173568K, 62% used [0x000000076c900000,0x0000000773376a18,0x0000000777280000)
  from space 10752K, 99% used [0x0000000778900000,0x00000007793788b0,0x0000000779380000)
  to   space 10752K, 0% used [0x0000000777e80000,0x0000000777e80000,0x0000000778900000)
 ParOldGen       total 204800K, used 41055K [0x00000006c5a00000, 0x00000006d2200000, 0x000000076c900000)
  object space 204800K, 20% used [0x00000006c5a00000,0x00000006c8217c08,0x00000006d2200000)
 Metaspace       used 57770K, capacity 58774K, committed 59028K, reserved 1101824K
  class space    used 7106K, capacity 7384K, committed 7424K, reserved 1048576K
Event: 3,504 GC heap after
Heap after GC invocations=7 (full 2):
 PSYoungGen      total 196608K, used 10747K [0x000000076c900000, 0x000000077f200000, 0x00000007c0000000)
  eden space 185856K, 0% used [0x000000076c900000,0x000000076c900000,0x0000000777e80000)
  from space 10752K, 99% used [0x0000000777e80000,0x00000007788fed60,0x0000000778900000)
  to   space 37376K, 0% used [0x000000077cd80000,0x000000077cd80000,0x000000077f200000)
 ParOldGen       total 204800K, used 62629K [0x00000006c5a00000, 0x00000006d2200000, 0x000000076c900000)
  object space 204800K, 30% used [0x00000006c5a00000,0x00000006c9729578,0x00000006d2200000)
 Metaspace       used 57770K, capacity 58774K, committed 59028K, reserved 1101824K
  class space    used 7106K, capacity 7384K, committed 7424K, reserved 1048576K
}
Event: 3,504 GC heap before
{Heap before GC invocations=8 (full 3):
 PSYoungGen      total 196608K, used 10747K [0x000000076c900000, 0x000000077f200000, 0x00000007c0000000)
  eden space 185856K, 0% used [0x000000076c900000,0x000000076c900000,0x0000000777e80000)
  from space 10752K, 99% used [0x0000000777e80000,0x00000007788fed60,0x0000000778900000)
  to   space 37376K, 0% used [0x000000077cd80000,0x000000077cd80000,0x000000077f200000)
 ParOldGen       total 204800K, used 62629K [0x00000006c5a00000, 0x00000006d2200000, 0x000000076c900000)
  object space 204800K, 30% used [0x00000006c5a00000,0x00000006c9729578,0x00000006d2200000)
 Metaspace       used 57770K, capacity 58774K, committed 59028K, reserved 1101824K
  class space    used 7106K, capacity 7384K, committed 7424K, reserved 1048576K
Event: 3,596 GC heap after
Heap after GC invocations=8 (full 3):
 PSYoungGen      total 196608K, used 0K [0x000000076c900000, 0x000000077f200000, 0x00000007c0000000)
  eden space 185856K, 0% used [0x000000076c900000,0x000000076c900000,0x0000000777e80000)
  from space 10752K, 0% used [0x0000000777e80000,0x0000000777e80000,0x0000000778900000)
  to   space 37376K, 0% used [0x000000077cd80000,0x000000077cd80000,0x000000077f200000)
 ParOldGen       total 304640K, used 48682K [0x00000006c5a00000, 0x00000006d8380000, 0x000000076c900000)
  object space 304640K, 15% used [0x00000006c5a00000,0x00000006c898aa58,0x00000006d8380000)
 Metaspace       used 57770K, capacity 58774K, committed 59028K, reserved 1101824K
  class space    used 7106K, capacity 7384K, committed 7424K, reserved 1048576K
}

Deoptimization events (10 events):
Event: 3,975 Thread 0x00007f744800b000 Uncommon trap: reason=class_check action=maybe_recompile pc=0x00007f743ae30658 method=org.jetbrains.kotlin.resolve.MemberComparator$NameAndTypeMemberComparator.getDeclarationPriority(Lorg/jetbrains/kotlin/descriptors/DeclarationDescriptor;)I @ 28
Event: 3,975 Thread 0x00007f744800b000 Uncommon trap: reason=class_check action=maybe_recompile pc=0x00007f743ae30658 method=org.jetbrains.kotlin.resolve.MemberComparator$NameAndTypeMemberComparator.getDeclarationPriority(Lorg/jetbrains/kotlin/descriptors/DeclarationDescriptor;)I @ 28
Event: 3,975 Thread 0x00007f744800b000 Uncommon trap: reason=class_check action=maybe_recompile pc=0x00007f743ae30658 method=org.jetbrains.kotlin.resolve.MemberComparator$NameAndTypeMemberComparator.getDeclarationPriority(Lorg/jetbrains/kotlin/descriptors/DeclarationDescriptor;)I @ 28
Event: 3,994 Thread 0x00007f744800b000 Uncommon trap: reason=bimorphic action=maybe_recompile pc=0x00007f743af0e7a8 method=org.jetbrains.org.objectweb.asm.tree.analysis.Frame.execute(Lorg/jetbrains/org/objectweb/asm/tree/AbstractInsnNode;Lorg/jetbrains/org/objectweb/asm/tree/analysis/Interpret
Event: 3,994 Thread 0x00007f744800b000 Uncommon trap: reason=bimorphic action=maybe_recompile pc=0x00007f743af0e724 method=org.jetbrains.org.objectweb.asm.tree.analysis.Frame.execute(Lorg/jetbrains/org/objectweb/asm/tree/AbstractInsnNode;Lorg/jetbrains/org/objectweb/asm/tree/analysis/Interpret
Event: 3,994 Thread 0x00007f744800b000 Uncommon trap: reason=bimorphic action=maybe_recompile pc=0x00007f743af0e724 method=org.jetbrains.org.objectweb.asm.tree.analysis.Frame.execute(Lorg/jetbrains/org/objectweb/asm/tree/AbstractInsnNode;Lorg/jetbrains/org/objectweb/asm/tree/analysis/Interpret
Event: 4,012 Thread 0x00007f744800b000 Uncommon trap: reason=unstable_if action=reinterpret pc=0x00007f74399b3000 method=org.jetbrains.kotlin.protobuf.CodedOutputStream.computeRawVarint32Size(I)I @ 14
Event: 4,050 Thread 0x00007f744800b000 Uncommon trap: reason=class_check action=maybe_recompile pc=0x00007f743a0b53d0 method=kotlin.collections.CollectionsKt___CollectionsKt.toSet(Ljava/lang/Iterable;)Ljava/util/Set; @ 58
Event: 4,050 Thread 0x00007f744800b000 Uncommon trap: reason=class_check action=maybe_recompile pc=0x00007f743a0b53d0 method=kotlin.collections.CollectionsKt___CollectionsKt.toSet(Ljava/lang/Iterable;)Ljava/util/Set; @ 58
Event: 4,072 Thread 0x00007f744800b000 Uncommon trap: reason=bimorphic action=maybe_recompile pc=0x00007f743b08d758 method=org.jetbrains.kotlin.load.kotlin.TypeSignatureMappingKt.mapType(Lorg/jetbrains/kotlin/types/KotlinType;Lorg/jetbrains/kotlin/load/kotlin/JvmTypeFactory;Lorg/jetbrains/kotl

Classes redefined (0 events):
No events

Internal exceptions (10 events):
Event: 3,304 Thread 0x00007f744800b000 Implicit null exception at 0x00007f74392550b5 to 0x00007f74392552c5
Event: 3,304 Thread 0x00007f744800b000 Implicit null exception at 0x00007f74394530af to 0x00007f7439453119
Event: 3,307 Thread 0x00007f744800b000 Implicit null exception at 0x00007f7439983c25 to 0x00007f7439984125
Event: 3,307 Thread 0x00007f744800b000 Implicit null exception at 0x00007f74396082cc to 0x00007f7439608326
Event: 3,455 Thread 0x00007f744800b000 Implicit null exception at 0x00007f7439b7f854 to 0x00007f7439b7fa1c
Event: 3,679 Thread 0x00007f744800b000 Exception <a 'java/lang/NoSuchMethodError': java.lang.Object.lambda$static$0(Lorg/jetbrains/kotlin/descriptors/ValueParameterDescriptor;Lorg/jetbrains/kotlin/codegen/ExpressionCodegen;)Lorg/jetbrains/kotlin/codegen/StackValue;> (0x000000076d349048) thrown
Event: 3,717 Thread 0x00007f744800b000 Exception <a 'java/lang/NoSuchMethodError': java.lang.Object.lambda$static$0(Ljava/lang/String;)Z> (0x000000076d68a930) thrown at [/buildbot/src/googleplex-android/openjdk/out/hotspot/src/share/vm/interpreter/linkResolver.cpp, line 620]
Event: 3,717 Thread 0x00007f744800b000 Exception <a 'java/lang/NoSuchMethodError': java.lang.Object.lambda$static$1(Ljava/lang/String;)Z> (0x000000076d68d1e0) thrown at [/buildbot/src/googleplex-android/openjdk/out/hotspot/src/share/vm/interpreter/linkResolver.cpp, line 620]
Event: 3,756 Thread 0x00007f744800b000 Implicit null exception at 0x00007f7439cde543 to 0x00007f7439cde779
Event: 3,756 Thread 0x00007f744800b000 Implicit null exception at 0x00007f7439b91ab5 to 0x00007f7439b91cc9

Events (10 events):
Event: 4,038 Executing VM operation: EnableBiasedLocking done
Event: 4,050 Thread 0x00007f744800b000 Uncommon trap: trap_request=0xffffffde fr.pc=0x00007f743a0b53d0
Event: 4,050 Thread 0x00007f744800b000 DEOPT PACKING pc=0x00007f743a0b53d0 sp=0x00007f744c925440
Event: 4,050 Thread 0x00007f744800b000 DEOPT UNPACKING pc=0x00007f743904547a sp=0x00007f744c925428 mode 2
Event: 4,050 Thread 0x00007f744800b000 Uncommon trap: trap_request=0xffffffde fr.pc=0x00007f743a0b53d0
Event: 4,050 Thread 0x00007f744800b000 DEOPT PACKING pc=0x00007f743a0b53d0 sp=0x00007f744c925440
Event: 4,050 Thread 0x00007f744800b000 DEOPT UNPACKING pc=0x00007f743904547a sp=0x00007f744c925428 mode 2
Event: 4,072 Thread 0x00007f744800b000 Uncommon trap: trap_request=0xffffffc6 fr.pc=0x00007f743b08d758
Event: 4,072 Thread 0x00007f744800b000 DEOPT PACKING pc=0x00007f743b08d758 sp=0x00007f744c924ff0
Event: 4,072 Thread 0x00007f744800b000 DEOPT UNPACKING pc=0x00007f743904547a sp=0x00007f744c924fc8 mode 2


Dynamic libraries:
00400000-00401000 r-xp 00000000 08:00 1609073                            /home/matze/android-studio/jre/jre/bin/java
00401000-00402000 r--p 00000000 08:00 1609073                            /home/matze/android-studio/jre/jre/bin/java
00402000-00403000 rw-p 00001000 08:00 1609073                            /home/matze/android-studio/jre/jre/bin/java
00a46000-00a67000 rw-p 00000000 00:00 0                                  [heap]
6c5a00000-6d8380000 rw-p 00000000 00:00 0 
6d8380000-76c900000 ---p 00000000 00:00 0 
76c900000-77f200000 rw-p 00000000 00:00 0 
77f200000-7c0000000 ---p 00000000 00:00 0 
7c0000000-7c07a0000 rw-p 00000000 00:00 0 
7c07a0000-800000000 ---p 00000000 00:00 0 
7f73c4000000-7f73c4021000 rw-p 00000000 00:00 0 
7f73c4021000-7f73c8000000 ---p 00000000 00:00 0 
7f73cc000000-7f73ccf1c000 rw-p 00000000 00:00 0 
7f73ccf1c000-7f73d0000000 ---p 00000000 00:00 0 
7f73d0000000-7f73d0021000 rw-p 00000000 00:00 0 
7f73d0021000-7f73d4000000 ---p 00000000 00:00 0 
7f73d4000000-7f73d4ced000 rw-p 00000000 00:00 0 
7f73d4ced000-7f73d8000000 ---p 00000000 00:00 0 
7f73d8000000-7f73d917c000 rw-p 00000000 00:00 0 
7f73d917c000-7f73dc000000 ---p 00000000 00:00 0 
7f73dc000000-7f73dc021000 rw-p 00000000 00:00 0 
7f73dc021000-7f73e0000000 ---p 00000000 00:00 0 
7f73e0000000-7f73e0fa4000 rw-p 00000000 00:00 0 
7f73e0fa4000-7f73e4000000 ---p 00000000 00:00 0 
7f73e4000000-7f73e4021000 rw-p 00000000 00:00 0 
7f73e4021000-7f73e8000000 ---p 00000000 00:00 0 
7f73e8000000-7f73e8021000 rw-p 00000000 00:00 0 
7f73e8021000-7f73ec000000 ---p 00000000 00:00 0 
7f73ec000000-7f73ec021000 rw-p 00000000 00:00 0 
7f73ec021000-7f73f0000000 ---p 00000000 00:00 0 
7f73f02d0000-7f73f8000000 rw-p 00000000 00:00 0 
7f73f8000000-7f73f8021000 rw-p 00000000 00:00 0 
7f73f8021000-7f73fc000000 ---p 00000000 00:00 0 
7f73fc000000-7f73fc021000 rw-p 00000000 00:00 0 
7f73fc021000-7f7400000000 ---p 00000000 00:00 0 
7f7400000000-7f7400021000 rw-p 00000000 00:00 0 
7f7400021000-7f7404000000 ---p 00000000 00:00 0 
7f7408000000-7f7408021000 rw-p 00000000 00:00 0 
7f7408021000-7f740c000000 ---p 00000000 00:00 0 
7f7410000000-7f7410021000 rw-p 00000000 00:00 0 
7f7410021000-7f7414000000 ---p 00000000 00:00 0 
7f7418000000-7f7418021000 rw-p 00000000 00:00 0 
7f7418021000-7f741c000000 ---p 00000000 00:00 0 
7f741cfb6000-7f741d0f6000 rw-p 00000000 00:00 0 
7f741d0f6000-7f741d1b6000 ---p 00000000 00:00 0 
7f741d1b6000-7f741d3b6000 rw-p 00000000 00:00 0 
7f741d3b6000-7f741d5b6000 rw-p 00000000 00:00 0 
7f741d5b6000-7f741d5bc000 r--s 0004b000 08:00 1874972                    /home/matze/.gradle/caches/transforms-2/files-2.1/391107893a7e59a22de7a723b46bce40/jetified-core.jar
7f741d5bc000-7f741d7bc000 rw-p 00000000 00:00 0 
7f741d7bc000-7f741d7c2000 r--s 000d4000 08:00 8942796                    /home/matze/Documents/Programming/Android/Splitter/app/build/intermediates/compile_and_runtime_not_namespaced_r_class_jar/debug/R.jar
7f741d7c2000-7f741d7d7000 r--s 00288000 08:00 2009061                    /home/matze/.gradle/caches/transforms-2/files-2.1/89ff21bee483f2dd3f42641b3e420dd4/material-1.2.1-api.jar
7f741d7d7000-7f741d7dc000 r--s 000de000 08:00 1967690                    /home/matze/.gradle/caches/transforms-2/files-2.1/c5ae028a12bfb51c02779d2bb445c31a/constraintlayout-2.0.1-api.jar
7f741d7dc000-7f741d9dc000 rw-p 00000000 00:00 0 
7f741d9dc000-7f741dbdc000 rw-p 00000000 00:00 0 
7f741dbdc000-7f741dddc000 rw-p 00000000 00:00 0 
7f741dddc000-7f741dfdc000 rw-p 00000000 00:00 0 
7f741dfdc000-7f741e1dc000 rw-p 00000000 00:00 0 
7f741e1dc000-7f741e1dd000 r--s 00004000 08:00 1967688                    /home/matze/.gradle/caches/transforms-2/files-2.1/a8ef170a1ab0cfafb760a5a82c6185e7/lifecycle-runtime-2.1.0-api.jar
7f741e1dd000-7f741e3dd000 rw-p 00000000 00:00 0 
7f741e3dd000-7f741e3eb000 r--s 00176000 08:00 2009051                    /home/matze/.gradle/caches/transforms-2/files-2.1/3f75f9275a2729745a68ededc54d5474/core-1.3.2-api.jar
7f741e3eb000-7f741e5eb000 rw-p 00000000 00:00 0 
7f741e5eb000-7f741e7eb000 rw-p 00000000 00:00 0 
7f741e7eb000-7f741e9eb000 rw-p 00000000 00:00 0 
7f741e9eb000-7f741ebeb000 rw-p 00000000 00:00 0 
7f741ebeb000-7f741edeb000 rw-p 00000000 00:00 0 
7f741edeb000-7f741efeb000 rw-p 00000000 00:00 0 
7f741efeb000-7f741f1eb000 rw-p 00000000 00:00 0 
7f741f1eb000-7f741f3eb000 rw-p 00000000 00:00 0 
7f741f3eb000-7f741f400000 r--s 00157000 08:00 1967714                    /home/matze/.gradle/caches/transforms-2/files-2.1/4f460a4818c516a51bd4a9029f461862/jetified-kotlin-stdlib-1.4.0.jar
7f741f400000-7f741f600000 rw-p 00000000 00:00 0 
7f741f600000-7f741f800000 rw-p 00000000 00:00 0 
7f741f800000-7f741fa00000 rw-p 00000000 00:00 0 
7f741fa00000-7f741fc00000 rw-p 00000000 00:00 0 
7f741fc00000-7f741fe00000 rw-p 00000000 00:00 0 
7f741fe00000-7f7420000000 rw-p 00000000 00:00 0 
7f7420000000-7f7420021000 rw-p 00000000 00:00 0 
7f7420021000-7f7424000000 ---p 00000000 00:00 0 
7f7424000000-7f7424001000 r--s 00014000 08:00 1967683                    /home/matze/.gradle/caches/transforms-2/files-2.1/a6646376103e678688972bbb029fd557/loader-1.0.0-api.jar
7f7424001000-7f7424003000 r--s 00003000 08:00 1967699                    /home/matze/.gradle/caches/transforms-2/files-2.1/f654281a5780322f385905d83a84da26/lifecycle-viewmodel-2.1.0-api.jar
7f7424003000-7f7424005000 r--s 00008000 08:00 1967679                    /home/matze/.gradle/caches/transforms-2/files-2.1/3fce7c28d19c4fdf52a05cf742459a88/jetified-activity-1.0.0-api.jar
7f7424005000-7f742400f000 r--s 00177000 08:00 1967709                    /home/matze/.gradle/caches/transforms-2/files-2.1/e046319f064315d106daacd374fc6e52/appcompat-1.2.0-api.jar
7f742400f000-7f7424017000 r--s 00027000 08:00 1967154                    /home/matze/.gradle/caches/transforms-2/files-2.1/b72a0538c44224fe822a892efbdc4b6c/jetified-kotlin-stdlib-common-1.4.0.jar
7f7424017000-7f7424135000 r--s 01364000 08:00 1615004                    /home/matze/Android/Sdk/platforms/android-30/android.jar
7f7424135000-7f7424138000 r-xp 00000000 08:14 1838678                    /tmp/libjansi-1.4.0-release-329 (1.4.0)-9046854382604458493.so
7f7424138000-7f7424337000 ---p 00003000 08:14 1838678                    /tmp/libjansi-1.4.0-release-329 (1.4.0)-9046854382604458493.so
7f7424337000-7f7424338000 rw-p 00002000 08:14 1838678                    /tmp/libjansi-1.4.0-release-329 (1.4.0)-9046854382604458493.so
7f7424338000-7f74243b2000 r--s 01104000 08:00 1608901                    /home/matze/android-studio/jre/lib/tools.jar
7f74243b2000-7f74273b3000 rw-p 00000000 00:00 0 
7f74273b3000-7f7427638000 r--s 02626000 08:00 1894526                    /home/matze/.gradle/caches/modules-2/files-2.1/org.jetbrains.kotlin/kotlin-compiler-embeddable/1.4.0/e5f0d669a77787ccbccd49c71b57bfd7b35faec4/kotlin-compiler-embeddable-1.4.0.jar
7f7427638000-7f7427639000 ---p 00000000 00:00 0 
7f7427639000-7f7427739000 rw-p 00000000 00:00 0 
7f7427739000-7f742773c000 ---p 00000000 00:00 0 
7f742773c000-7f742783a000 rw-p 00000000 00:00 0 
7f742783a000-7f742783b000 ---p 00000000 00:00 0 
7f742783b000-7f742783e000 ---p 00000000 00:00 0 
7f742783e000-7f742793b000 rw-p 00000000 00:00 0 
7f742793b000-7f742793c000 ---p 00000000 00:00 0 
7f742793c000-7f742793f000 ---p 00000000 00:00 0 
7f742793f000-7f7427a3c000 rw-p 00000000 00:00 0 
7f7427a3c000-7f7428000000 r--p 00000000 08:14 3021763                    /usr/lib/locale/locale-archive
7f7428000000-7f7428021000 rw-p 00000000 00:00 0 
7f7428021000-7f742c000000 ---p 00000000 00:00 0 
7f742c000000-7f742c021000 rw-p 00000000 00:00 0 
7f742c021000-7f7430000000 ---p 00000000 00:00 0 
7f7430000000-7f7430021000 rw-p 00000000 00:00 0 
7f7430021000-7f7434000000 ---p 00000000 00:00 0 
7f7434000000-7f7434001000 r--p 00000000 08:14 3022783                    /usr/lib/x86_64-linux-gnu/libutil-2.31.so
7f7434001000-7f7434002000 r-xp 00001000 08:14 3022783                    /usr/lib/x86_64-linux-gnu/libutil-2.31.so
7f7434002000-7f7434003000 r--p 00002000 08:14 3022783                    /usr/lib/x86_64-linux-gnu/libutil-2.31.so
7f7434003000-7f7434004000 r--p 00002000 08:14 3022783                    /usr/lib/x86_64-linux-gnu/libutil-2.31.so
7f7434004000-7f7434005000 rw-p 00003000 08:14 3022783                    /usr/lib/x86_64-linux-gnu/libutil-2.31.so
7f7434005000-7f7434006000 r--s 00011000 08:00 1967672                    /home/matze/.gradle/caches/transforms-2/files-2.1/c42e1ec3c80933dda15a1ec14f1097d9/drawerlayout-1.0.0-api.jar
7f7434006000-7f7434009000 r--s 00061000 08:00 1967712                    /home/matze/.gradle/caches/transforms-2/files-2.1/d431d35de8b33e6925d3f468c2d962ef/fragment-1.1.0-api.jar
7f7434009000-7f743400d000 r--s 0005e000 08:00 2009057                    /home/matze/.gradle/caches/transforms-2/files-2.1/87d6a19b1b7285ab80d42b2008a5605e/jetified-core-ktx-1.3.2-api.jar
7f743400d000-7f7434010000 r--s 0002f000 08:00 1967710                    /home/matze/.gradle/caches/modules-2/files-2.1/androidx.constraintlayout/constraintlayout-solver/2.0.1/30988fe2d77f3fe3bf7551bb8a8b795fad7e7226/constraintlayout-solver-2.0.1.jar
7f7434010000-7f7434012000 r--s 00004000 08:00 1967656                    /home/matze/.gradle/caches/modules-2/files-2.1/androidx.lifecycle/lifecycle-common/2.1.0/c67e7807d9cd6c329b9d0218b2ec4e505dd340b7/lifecycle-common-2.1.0.jar
7f7434012000-7f7434014000 r--s 00001000 08:00 1967706                    /home/matze/.gradle/caches/transforms-2/files-2.1/b3c4e51997bcb21a6dfcf68e7f4c7727/jetified-kotlin-android-extensions-runtime-1.4.0.jar
7f7434014000-7f7434016000 r--s 00005000 08:00 1967677                    /home/matze/.gradle/caches/modules-2/files-2.1/androidx.annotation/annotation/1.1.0/e3a6fb2f40e3a3842e6b7472628ba4ce416ea4c8/annotation-1.1.0.jar
7f7434016000-7f7434018000 r--s 00003000 08:00 1967669                    /home/matze/.gradle/caches/transforms-2/files-2.1/39a7340ceba94bf4020b40e80f1e20c6/jetified-annotations-13.0.jar
7f7434018000-7f7434021000 r--s 00070000 08:00 1894446                    /home/matze/.gradle/caches/modules-2/files-2.1/org.jetbrains.kotlin/kotlin-android-extensions/1.4.0/b10de696fb26620d57a208cad1ccbbffe68f17e9/kotlin-android-extensions-1.4.0.jar
7f7434021000-7f7434026000 r--s 000a3000 08:00 1609038                    /home/matze/android-studio/jre/jre/lib/jsse.jar
7f7434026000-7f7434028000 r--s 00003000 08:00 1894495                    /home/matze/.gradle/caches/modules-2/files-2.1/org.jetbrains/annotations/13.0/919f0dfe192fb4e063e7dacadee7f8bb9a2672a9/annotations-13.0.jar
7f7434028000-7f7434033000 r--s 00081000 08:00 1894496                    /home/matze/.gradle/caches/modules-2/files-2.1/org.jetbrains.intellij.deps/trove4j/1.0.20181211/216c2e14b070f334479d800987affe4054cd563f/trove4j-1.0.20181211.jar
7f7434033000-7f7434048000 r--s 00157000 08:00 1894477                    /home/matze/.gradle/caches/modules-2/files-2.1/org.jetbrains.kotlin/kotlin-stdlib/1.4.0/63e75298e93d4ae0b299bb869cf0c627196f8843/kotlin-stdlib-1.4.0.jar
7f7434048000-7f7434083000 r--s 00288000 08:00 1894464                    /home/matze/.gradle/caches/modules-2/files-2.1/org.jetbrains.kotlin/kotlin-reflect/1.4.0/aa2101a19d8688e368ae6e35e8967550ced73884/kotlin-reflect-1.4.0.jar
7f7434083000-7f743409a000 r-xp 00000000 08:00 1608990                    /home/matze/android-studio/jre/jre/lib/amd64/libnet.so
7f743409a000-7f743409b000 r--p 00016000 08:00 1608990                    /home/matze/android-studio/jre/jre/lib/amd64/libnet.so
7f743409b000-7f743409c000 rw-p 00017000 08:00 1608990                    /home/matze/android-studio/jre/jre/lib/amd64/libnet.so
7f743409c000-7f74340f1000 rw-p 00000000 00:00 0 
7f74340f1000-7f74340f2000 ---p 00000000 00:00 0 
7f74340f2000-7f74340f5000 ---p 00000000 00:00 0 
7f74340f5000-7f74341f2000 rw-p 00000000 00:00 0 
7f74341f2000-7f74341f3000 ---p 00000000 00:00 0 
7f74341f3000-7f74341f6000 ---p 00000000 00:00 0 
7f74341f6000-7f74342f3000 rw-p 00000000 00:00 0 
7f74342f3000-7f74342f6000 ---p 00000000 00:00 0 
7f74342f6000-7f74343f4000 rw-p 00000000 00:00 0 
7f74343f4000-7f74343f7000 ---p 00000000 00:00 0 
7f74343f7000-7f74344f5000 rw-p 00000000 00:00 0 
7f74344f5000-7f74344f8000 ---p 00000000 00:00 0 
7f74344f8000-7f74345f6000 rw-p 00000000 00:00 0 
7f74345f6000-7f74345f7000 ---p 00000000 00:00 0 
7f74345f7000-7f74369d1000 rw-p 00000000 00:00 0 
7f74369d1000-7f7436ba4000 r--s 03cdf000 08:00 1609025                    /home/matze/android-studio/jre/jre/lib/rt.jar
7f7436ba4000-7f7437bed000 rw-p 00000000 00:00 0 
7f7437bed000-7f7437bee000 ---p 00000000 00:00 0 
7f7437bee000-7f7437cee000 rw-p 00000000 00:00 0 
7f7437cee000-7f7437cef000 ---p 00000000 00:00 0 
7f7437cef000-7f7437def000 rw-p 00000000 00:00 0 
7f7437def000-7f7437df0000 ---p 00000000 00:00 0 
7f7437df0000-7f7437ef0000 rw-p 00000000 00:00 0 
7f7437ef0000-7f7437ef1000 ---p 00000000 00:00 0 
7f7437ef1000-7f7437ff1000 rw-p 00000000 00:00 0 
7f7437ff1000-7f7437ff2000 ---p 00000000 00:00 0 
7f7437ff2000-7f74380f2000 rw-p 00000000 00:00 0 
7f74380f2000-7f74380f3000 ---p 00000000 00:00 0 
7f74380f3000-7f74381f3000 rw-p 00000000 00:00 0 
7f74381f3000-7f74381f4000 ---p 00000000 00:00 0 
7f74381f4000-7f7438389000 rw-p 00000000 00:00 0 
7f7438389000-7f743882c000 ---p 00000000 00:00 0 
7f743882c000-7f74388c1000 rw-p 00000000 00:00 0 
7f74388c1000-7f7438d63000 ---p 00000000 00:00 0 
7f7438d63000-7f7438df8000 rw-p 00000000 00:00 0 
7f7438df8000-7f7438fff000 ---p 00000000 00:00 0 
7f7438fff000-7f7439000000 rw-p 00000000 00:00 0 
7f7439000000-7f743b0d0000 rwxp 00000000 00:00 0 
7f743b0d0000-7f7448000000 ---p 00000000 00:00 0 
7f7448000000-7f74499c6000 rw-p 00000000 00:00 0 
7f74499c6000-7f744c000000 ---p 00000000 00:00 0 
7f744c000000-7f744c001000 r--s 00004000 08:00 1967693                    /home/matze/.gradle/caches/transforms-2/files-2.1/d95f31ae6017ec318aab2c9665543543/jetified-savedstate-1.0.0-api.jar
7f744c001000-7f744c00f000 r--s 000a5000 08:00 1894498                    /home/matze/.gradle/caches/modules-2/files-2.1/org.jetbrains.kotlin/kotlin-daemon-embeddable/1.4.0/633873c93bba12bcf764e1cf8fb36baa5501b8ff/kotlin-daemon-embeddable-1.4.0.jar
7f744c00f000-7f744c0e1000 rw-p 00000000 00:00 0 
7f744c0e1000-7f744c0e2000 ---p 00000000 00:00 0 
7f744c0e2000-7f744c1e2000 rw-p 00000000 00:00 0 
7f744c1e2000-7f744c1e3000 ---p 00000000 00:00 0 
7f744c1e3000-7f744c2e3000 rw-p 00000000 00:00 0 
7f744c2e3000-7f744c2e4000 ---p 00000000 00:00 0 
7f744c2e4000-7f744c468000 rw-p 00000000 00:00 0 
7f744c468000-7f744c7a4000 ---p 00000000 00:00 0 
7f744c7a4000-7f744c7bf000 r-xp 00000000 08:00 1608986                    /home/matze/android-studio/jre/jre/lib/amd64/libzip.so
7f744c7bf000-7f744c7c0000 r--p 0001a000 08:00 1608986                    /home/matze/android-studio/jre/jre/lib/amd64/libzip.so
7f744c7c0000-7f744c7c1000 rw-p 0001b000 08:00 1608986                    /home/matze/android-studio/jre/jre/lib/amd64/libzip.so
7f744c7c1000-7f744c7c4000 r--p 00000000 08:14 3022774                    /usr/lib/x86_64-linux-gnu/libnss_files-2.31.so
7f744c7c4000-7f744c7cb000 r-xp 00003000 08:14 3022774                    /usr/lib/x86_64-linux-gnu/libnss_files-2.31.so
7f744c7cb000-7f744c7cd000 r--p 0000a000 08:14 3022774                    /usr/lib/x86_64-linux-gnu/libnss_files-2.31.so
7f744c7cd000-7f744c7ce000 r--p 0000b000 08:14 3022774                    /usr/lib/x86_64-linux-gnu/libnss_files-2.31.so
7f744c7ce000-7f744c7cf000 rw-p 0000c000 08:14 3022774                    /usr/lib/x86_64-linux-gnu/libnss_files-2.31.so
7f744c7cf000-7f744c7d5000 rw-p 00000000 00:00 0 
7f744c7d5000-7f744c7d6000 r--s 00002000 08:00 1967673                    /home/matze/.gradle/caches/modules-2/files-2.1/androidx.arch.core/core-common/2.1.0/b3152fc64428c9354344bd89848ecddc09b6f07e/core-common-2.1.0.jar
7f744c7d6000-7f744c7de000 r--s 00027000 08:00 1894507                    /home/matze/.gradle/caches/modules-2/files-2.1/org.jetbrains.kotlin/kotlin-stdlib-common/1.4.0/1c752cce0ead8d504ccc88a4fed6471fd83ab0dd/kotlin-stdlib-common-1.4.0.jar
7f744c7de000-7f744c7ee000 r-xp 00000000 08:00 1609010                    /home/matze/android-studio/jre/jre/lib/amd64/libnio.so
7f744c7ee000-7f744c7ef000 ---p 00010000 08:00 1609010                    /home/matze/android-studio/jre/jre/lib/amd64/libnio.so
7f744c7ef000-7f744c7f0000 r--p 00010000 08:00 1609010                    /home/matze/android-studio/jre/jre/lib/amd64/libnio.so
7f744c7f0000-7f744c7f1000 rw-p 00011000 08:00 1609010                    /home/matze/android-studio/jre/jre/lib/amd64/libnio.so
7f744c7f1000-7f744c819000 r-xp 00000000 08:00 1608994                    /home/matze/android-studio/jre/jre/lib/amd64/libjava.so
7f744c819000-7f744c81a000 r--p 00027000 08:00 1608994                    /home/matze/android-studio/jre/jre/lib/amd64/libjava.so
7f744c81a000-7f744c81c000 rw-p 00028000 08:00 1608994                    /home/matze/android-studio/jre/jre/lib/amd64/libjava.so
7f744c81c000-7f744c81f000 r--p 00000000 08:14 3022781                    /usr/lib/x86_64-linux-gnu/librt-2.31.so
7f744c81f000-7f744c823000 r-xp 00003000 08:14 3022781                    /usr/lib/x86_64-linux-gnu/librt-2.31.so
7f744c823000-7f744c824000 r--p 00007000 08:14 3022781                    /usr/lib/x86_64-linux-gnu/librt-2.31.so
7f744c824000-7f744c825000 ---p 00008000 08:14 3022781                    /usr/lib/x86_64-linux-gnu/librt-2.31.so
7f744c825000-7f744c826000 r--p 00008000 08:14 3022781                    /usr/lib/x86_64-linux-gnu/librt-2.31.so
7f744c826000-7f744c827000 rw-p 00009000 08:14 3022781                    /usr/lib/x86_64-linux-gnu/librt-2.31.so
7f744c827000-7f744c828000 ---p 00000000 00:00 0 
7f744c828000-7f744c82b000 ---p 00000000 00:00 0 
7f744c82b000-7f744c928000 rw-p 00000000 00:00 0 
7f744c928000-7f744c937000 r--p 00000000 08:14 3022768                    /usr/lib/x86_64-linux-gnu/libm-2.31.so
7f744c937000-7f744c9de000 r-xp 0000f000 08:14 3022768                    /usr/lib/x86_64-linux-gnu/libm-2.31.so
7f744c9de000-7f744ca75000 r--p 000b6000 08:14 3022768                    /usr/lib/x86_64-linux-gnu/libm-2.31.so
7f744ca75000-7f744ca76000 r--p 0014c000 08:14 3022768                    /usr/lib/x86_64-linux-gnu/libm-2.31.so
7f744ca76000-7f744ca77000 rw-p 0014d000 08:14 3022768                    /usr/lib/x86_64-linux-gnu/libm-2.31.so
7f744ca77000-7f744d6a6000 r-xp 00000000 08:00 1609003                    /home/matze/android-studio/jre/jre/lib/amd64/server/libjvm.so
7f744d6a6000-7f744d74e000 r--p 00c2e000 08:00 1609003                    /home/matze/android-studio/jre/jre/lib/amd64/server/libjvm.so
7f744d74e000-7f744d777000 rw-p 00cd6000 08:00 1609003                    /home/matze/android-studio/jre/jre/lib/amd64/server/libjvm.so
7f744d777000-7f744d7bd000 rw-p 00000000 00:00 0 
7f744d7bd000-7f744d7e2000 r--p 00000000 08:14 3022766                    /usr/lib/x86_64-linux-gnu/libc-2.31.so
7f744d7e2000-7f744d95a000 r-xp 00025000 08:14 3022766                    /usr/lib/x86_64-linux-gnu/libc-2.31.so
7f744d95a000-7f744d9a4000 r--p 0019d000 08:14 3022766                    /usr/lib/x86_64-linux-gnu/libc-2.31.so
7f744d9a4000-7f744d9a5000 ---p 001e7000 08:14 3022766                    /usr/lib/x86_64-linux-gnu/libc-2.31.so
7f744d9a5000-7f744d9a8000 r--p 001e7000 08:14 3022766                    /usr/lib/x86_64-linux-gnu/libc-2.31.so
7f744d9a8000-7f744d9ab000 rw-p 001ea000 08:14 3022766                    /usr/lib/x86_64-linux-gnu/libc-2.31.so
7f744d9ab000-7f744d9af000 rw-p 00000000 00:00 0 
7f744d9af000-7f744d9b0000 r--p 00000000 08:14 3022767                    /usr/lib/x86_64-linux-gnu/libdl-2.31.so
7f744d9b0000-7f744d9b2000 r-xp 00001000 08:14 3022767                    /usr/lib/x86_64-linux-gnu/libdl-2.31.so
7f744d9b2000-7f744d9b3000 r--p 00003000 08:14 3022767                    /usr/lib/x86_64-linux-gnu/libdl-2.31.so
7f744d9b3000-7f744d9b4000 r--p 00003000 08:14 3022767                    /usr/lib/x86_64-linux-gnu/libdl-2.31.so
7f744d9b4000-7f744d9b5000 rw-p 00004000 08:14 3022767                    /usr/lib/x86_64-linux-gnu/libdl-2.31.so
7f744d9b5000-7f744d9cb000 r-xp 00000000 08:00 1608974                    /home/matze/android-studio/jre/jre/lib/amd64/jli/libjli.so
7f744d9cb000-7f744d9cc000 r--p 00015000 08:00 1608974                    /home/matze/android-studio/jre/jre/lib/amd64/jli/libjli.so
7f744d9cc000-7f744d9cd000 rw-p 00016000 08:00 1608974                    /home/matze/android-studio/jre/jre/lib/amd64/jli/libjli.so
7f744d9cd000-7f744d9d4000 r--p 00000000 08:14 3022779                    /usr/lib/x86_64-linux-gnu/libpthread-2.31.so
7f744d9d4000-7f744d9e5000 r-xp 00007000 08:14 3022779                    /usr/lib/x86_64-linux-gnu/libpthread-2.31.so
7f744d9e5000-7f744d9ea000 r--p 00018000 08:14 3022779                    /usr/lib/x86_64-linux-gnu/libpthread-2.31.so
7f744d9ea000-7f744d9eb000 r--p 0001c000 08:14 3022779                    /usr/lib/x86_64-linux-gnu/libpthread-2.31.so
7f744d9eb000-7f744d9ec000 rw-p 0001d000 08:14 3022779                    /usr/lib/x86_64-linux-gnu/libpthread-2.31.so
7f744d9ec000-7f744d9f0000 rw-p 00000000 00:00 0 
7f744d9f0000-7f744d9f1000 r--s 0000a000 08:00 1967670                    /home/matze/.gradle/caches/modules-2/files-2.1/androidx.collection/collection/1.1.0/1f27220b47669781457de0d600849a5de0e89909/collection-1.1.0.jar
7f744d9f1000-7f744d9f3000 r--s 00009000 08:00 1894492                    /home/matze/.gradle/caches/modules-2/files-2.1/org.jetbrains.kotlin/kotlin-script-runtime/1.4.0/52ac54a56c9121f54fcca387c5a0f441d1af9be8/kotlin-script-runtime-1.4.0.jar
7f744d9f3000-7f744d9fb000 rw-s 00000000 08:14 1838672                    /tmp/hsperfdata_matze/4870
7f744d9fb000-7f744d9fc000 rw-p 00000000 00:00 0 
7f744d9fc000-7f744da09000 r-xp 00000000 08:00 1608982                    /home/matze/android-studio/jre/jre/lib/amd64/libverify.so
7f744da09000-7f744da0b000 r--p 0000c000 08:00 1608982                    /home/matze/android-studio/jre/jre/lib/amd64/libverify.so
7f744da0b000-7f744da0c000 rw-p 0000e000 08:00 1608982                    /home/matze/android-studio/jre/jre/lib/amd64/libverify.so
7f744da0c000-7f744da0e000 rw-p 00000000 00:00 0 
7f744da0e000-7f744da0f000 r--p 00000000 08:14 3020617                    /usr/lib/x86_64-linux-gnu/ld-2.31.so
7f744da0f000-7f744da32000 r-xp 00001000 08:14 3020617                    /usr/lib/x86_64-linux-gnu/ld-2.31.so
7f744da32000-7f744da3a000 r--p 00024000 08:14 3020617                    /usr/lib/x86_64-linux-gnu/ld-2.31.so
7f744da3a000-7f744da3b000 r--p 00000000 00:00 0 
7f744da3b000-7f744da3c000 r--p 0002c000 08:14 3020617                    /usr/lib/x86_64-linux-gnu/ld-2.31.so
7f744da3c000-7f744da3d000 rw-p 0002d000 08:14 3020617                    /usr/lib/x86_64-linux-gnu/ld-2.31.so
7f744da3d000-7f744da3e000 rw-p 00000000 00:00 0 
7ffc02ac5000-7ffc02ae6000 rw-p 00000000 00:00 0                          [stack]
7ffc02b81000-7ffc02b84000 r--p 00000000 00:00 0                          [vvar]
7ffc02b84000-7ffc02b85000 r-xp 00000000 00:00 0                          [vdso]
ffffffffff600000-ffffffffff601000 --xp 00000000 00:00 0                  [vsyscall]

VM Arguments:
java_command: org.jetbrains.kotlin.cli.jvm.K2JVMCompiler @/home/matze/Documents/Programming/Android/Splitter/app/build/20201005_7120734862925632635.compiler.options
java_class_path (initial): /home/matze/.gradle/caches/modules-2/files-2.1/org.jetbrains.kotlin/kotlin-compiler-embeddable/1.4.0/e5f0d669a77787ccbccd49c71b57bfd7b35faec4/kotlin-compiler-embeddable-1.4.0.jar:/home/matze/.gradle/caches/modules-2/files-2.1/org.jetbrains.kotlin/kotlin-reflect/1.4.0/aa2101a19d8688e368ae6e35e8967550ced73884/kotlin-reflect-1.4.0.jar:/home/matze/.gradle/caches/modules-2/files-2.1/org.jetbrains.kotlin/kotlin-stdlib/1.4.0/63e75298e93d4ae0b299bb869cf0c627196f8843/kotlin-stdlib-1.4.0.jar:/home/matze/.gradle/caches/modules-2/files-2.1/org.jetbrains.kotlin/kotlin-script-runtime/1.4.0/52ac54a56c9121f54fcca387c5a0f441d1af9be8/kotlin-script-runtime-1.4.0.jar:/home/matze/.gradle/caches/modules-2/files-2.1/org.jetbrains.kotlin/kotlin-daemon-embeddable/1.4.0/633873c93bba12bcf764e1cf8fb36baa5501b8ff/kotlin-daemon-embeddable-1.4.0.jar:/home/matze/.gradle/caches/modules-2/files-2.1/org.jetbrains.intellij.deps/trove4j/1.0.20181211/216c2e14b070f334479d800987affe4054cd563f/trove4j-1.0.20181211.jar:/home/matze/.gradle/caches/modules-2/files-2.1/org.jetbrains.kotlin/kotlin-stdlib-common/1.4.0/1c752cce0ead8d504ccc88a4fed6471fd83ab0dd/kotlin-stdlib-common-1.4.0.jar:/home/matze/.gradle/caches/modules-2/files-2.1/org.jetbrains/annotations/13.0/919f0dfe192fb4e063e7dacadee7f8bb9a2672a9/annotations-13.0.jar:/home/matze/android-studio/jre/lib/tools.jar
Launcher Type: SUN_STANDARD

Environment Variables:
PATH=/home/matze/.local/bin:/home/matze/.cargo/bin:/usr/local/sbin:/usr/local/bin:/usr/sbin:/usr/bin:/sbin:/bin:/usr/games:/usr/local/games:/snap/bin
SHELL=/bin/zsh
DISPLAY=:0

Signal Handlers:
SIGSEGV: [libjvm.so+0xa13c80], sa_mask[0]=11111111011111111101111111111110, sa_flags=SA_RESTART|SA_SIGINFO
SIGBUS: [libjvm.so+0xa13c80], sa_mask[0]=11111111011111111101111111111110, sa_flags=SA_RESTART|SA_SIGINFO
SIGFPE: [libjvm.so+0x874670], sa_mask[0]=11111111011111111101111111111110, sa_flags=SA_RESTART|SA_SIGINFO
SIGPIPE: [libjvm.so+0x874670], sa_mask[0]=11111111011111111101111111111110, sa_flags=SA_RESTART|SA_SIGINFO
SIGXFSZ: [libjvm.so+0x874670], sa_mask[0]=11111111011111111101111111111110, sa_flags=SA_RESTART|SA_SIGINFO
SIGILL: [libjvm.so+0x874670], sa_mask[0]=11111111011111111101111111111110, sa_flags=SA_RESTART|SA_SIGINFO
SIGUSR1: SIG_DFL, sa_mask[0]=00000000000000000000000000000000, sa_flags=none
SIGUSR2: [libjvm.so+0x874540], sa_mask[0]=00100000000000000000000000000000, sa_flags=SA_RESTART|SA_SIGINFO
SIGHUP: [libjvm.so+0x874730], sa_mask[0]=11111111011111111101111111111110, sa_flags=SA_RESTART|SA_SIGINFO
SIGINT: [libjvm.so+0x874730], sa_mask[0]=11111111011111111101111111111110, sa_flags=SA_RESTART|SA_SIGINFO
SIGTERM: [libjvm.so+0x874730], sa_mask[0]=11111111011111111101111111111110, sa_flags=SA_RESTART|SA_SIGINFO
SIGQUIT: [libjvm.so+0x874730], sa_mask[0]=11111111011111111101111111111110, sa_flags=SA_RESTART|SA_SIGINFO


---------------  S Y S T E M  ---------------

OS:DISTRIB_ID=Ubuntu
DISTRIB_RELEASE=20.04
DISTRIB_CODENAME=focal
DISTRIB_DESCRIPTION="Ubuntu 20.04.1 LTS"

uname:Linux 5.4.0-48-generic #52-Ubuntu SMP Thu Sep 10 10:58:49 UTC 2020 x86_64
libc:glibc 2.31 NPTL 2.31 
rlimit: STACK 8192k, CORE 0k, NPROC 63413, NOFILE 1048576, AS infinity
load average:0,78 0,64 0,45

/proc/meminfo:
MemTotal:       16404516 kB
MemFree:         5930956 kB
MemAvailable:   10397864 kB
Buffers:          554352 kB
Cached:          3846596 kB
SwapCached:            0 kB
Active:          6211960 kB
Inactive:        2983488 kB
Active(anon):    4714608 kB
Inactive(anon):   394152 kB
Active(file):    1497352 kB
Inactive(file):  2589336 kB
Unevictable:          64 kB
Mlocked:              64 kB
SwapTotal:       1907708 kB
SwapFree:        1907708 kB
Dirty:             31276 kB
Writeback:             0 kB
AnonPages:       4794532 kB
Mapped:          1421544 kB
Shmem:            415560 kB
KReclaimable:     718224 kB
Slab:             969924 kB
SReclaimable:     718224 kB
SUnreclaim:       251700 kB
KernelStack:       20320 kB
PageTables:        62620 kB
NFS_Unstable:          0 kB
Bounce:                0 kB
WritebackTmp:          0 kB
CommitLimit:    10109964 kB
Committed_AS:   14524836 kB
VmallocTotal:   34359738367 kB
VmallocUsed:       59460 kB
VmallocChunk:          0 kB
Percpu:            30336 kB
HardwareCorrupted:     0 kB
AnonHugePages:         0 kB
ShmemHugePages:        0 kB
ShmemPmdMapped:        0 kB
FileHugePages:         0 kB
FilePmdMapped:         0 kB
CmaTotal:              0 kB
CmaFree:               0 kB
HugePages_Total:       0
HugePages_Free:        0
HugePages_Rsvd:        0
HugePages_Surp:        0
Hugepagesize:       2048 kB
Hugetlb:               0 kB
DirectMap4k:      688612 kB
DirectMap2M:    12890112 kB
DirectMap1G:     3145728 kB

container (cgroup) information:
container_type: cgroupv1
cpu_cpuset_cpus: 0-11
cpu_memory_nodes: 0
active_processor_count: 12
cpu_quota: -1
cpu_period: 100000
cpu_shares: -1
memory_limit_in_bytes: -1
memory_and_swap_limit_in_bytes: -2
memory_soft_limit_in_bytes: -1
memory_usage_in_bytes: 9047928832
memory_max_usage_in_bytes: 9050095616


CPU:total 12 (initial active 12) (12 cores per cpu, 1 threads per core) family 23 model 113 stepping 0, cmov, cx8, fxsr, mmx, sse, sse2, sse3, ssse3, sse4.1, sse4.2, popcnt, avx, avx2, aes, clmul, mmxext, 3dnowpref, lzcnt, sse4a, tsc, tscinvbit, tscinv, bmi1

/proc/cpuinfo:
processor	: 0
vendor_id	: AuthenticAMD
cpu family	: 23
model		: 113
model name	: AMD Ryzen 5 3600 6-Core Processor
stepping	: 0
microcode	: 0x8701021
cpu MHz		: 4043.731
cache size	: 512 KB
physical id	: 0
siblings	: 12
core id		: 0
cpu cores	: 6
apicid		: 0
initial apicid	: 0
fpu		: yes
fpu_exception	: yes
cpuid level	: 16
wp		: yes
flags		: fpu vme de pse tsc msr pae mce cx8 apic sep mtrr pge mca cmov pat pse36 clflush mmx fxsr sse sse2 ht syscall nx mmxext fxsr_opt pdpe1gb rdtscp lm constant_tsc rep_good nopl nonstop_tsc cpuid extd_apicid aperfmperf pni pclmulqdq monitor ssse3 fma cx16 sse4_1 sse4_2 movbe popcnt aes xsave avx f16c rdrand lahf_lm cmp_legacy svm extapic cr8_legacy abm sse4a misalignsse 3dnowprefetch osvw ibs skinit wdt tce topoext perfctr_core perfctr_nb bpext perfctr_llc mwaitx cpb cat_l3 cdp_l3 hw_pstate sme ssbd mba sev ibpb stibp vmmcall fsgsbase bmi1 avx2 smep bmi2 cqm rdt_a rdseed adx smap clflushopt clwb sha_ni xsaveopt xsavec xgetbv1 xsaves cqm_llc cqm_occup_llc cqm_mbm_total cqm_mbm_local clzero irperf xsaveerptr wbnoinvd arat npt lbrv svm_lock nrip_save tsc_scale vmcb_clean flushbyasid decodeassists pausefilter pfthreshold avic v_vmsave_vmload vgif umip rdpid overflow_recov succor smca
bugs		: sysret_ss_attrs spectre_v1 spectre_v2 spec_store_bypass
bogomips	: 7199.43
TLB size	: 3072 4K pages
clflush size	: 64
cache_alignment	: 64
address sizes	: 43 bits physical, 48 bits virtual
power management: ts ttp tm hwpstate cpb eff_freq_ro [13] [14]

processor	: 1
vendor_id	: AuthenticAMD
cpu family	: 23
model		: 113
model name	: AMD Ryzen 5 3600 6-Core Processor
stepping	: 0
microcode	: 0x8701021
cpu MHz		: 2071.558
cache size	: 512 KB
physical id	: 0
siblings	: 12
core id		: 1
cpu cores	: 6
apicid		: 2
initial apicid	: 2
fpu		: yes
fpu_exception	: yes
cpuid level	: 16
wp		: yes
flags		: fpu vme de pse tsc msr pae mce cx8 apic sep mtrr pge mca cmov pat pse36 clflush mmx fxsr sse sse2 ht syscall nx mmxext fxsr_opt pdpe1gb rdtscp lm constant_tsc rep_good nopl nonstop_tsc cpuid extd_apicid aperfmperf pni pclmulqdq monitor ssse3 fma cx16 sse4_1 sse4_2 movbe popcnt aes xsave avx f16c rdrand lahf_lm cmp_legacy svm extapic cr8_legacy abm sse4a misalignsse 3dnowprefetch osvw ibs skinit wdt tce topoext perfctr_core perfctr_nb bpext perfctr_llc mwaitx cpb cat_l3 cdp_l3 hw_pstate sme ssbd mba sev ibpb stibp vmmcall fsgsbase bmi1 avx2 smep bmi2 cqm rdt_a rdseed adx smap clflushopt clwb sha_ni xsaveopt xsavec xgetbv1 xsaves cqm_llc cqm_occup_llc cqm_mbm_total cqm_mbm_local clzero irperf xsaveerptr wbnoinvd arat npt lbrv svm_lock nrip_save tsc_scale vmcb_clean flushbyasid decodeassists pausefilter pfthreshold avic v_vmsave_vmload vgif umip rdpid overflow_recov succor smca
bugs		: sysret_ss_attrs spectre_v1 spectre_v2 spec_store_bypass
bogomips	: 7199.43
TLB size	: 3072 4K pages
clflush size	: 64
cache_alignment	: 64
address sizes	: 43 bits physical, 48 bits virtual
power management: ts ttp tm hwpstate cpb eff_freq_ro [13] [14]

processor	: 2
vendor_id	: AuthenticAMD
cpu family	: 23
model		: 113
model name	: AMD Ryzen 5 3600 6-Core Processor
stepping	: 0
microcode	: 0x8701021
cpu MHz		: 2024.609
cache size	: 512 KB
physical id	: 0
siblings	: 12
core id		: 2
cpu cores	: 6
apicid		: 4
initial apicid	: 4
fpu		: yes
fpu_exception	: yes
cpuid level	: 16
wp		: yes
flags		: fpu vme de pse tsc msr pae mce cx8 apic sep mtrr pge mca cmov pat pse36 clflush mmx fxsr sse sse2 ht syscall nx mmxext fxsr_opt pdpe1gb rdtscp lm constant_tsc rep_good nopl nonstop_tsc cpuid extd_apicid aperfmperf pni pclmulqdq monitor ssse3 fma cx16 sse4_1 sse4_2 movbe popcnt aes xsave avx f16c rdrand lahf_lm cmp_legacy svm extapic cr8_legacy abm sse4a misalignsse 3dnowprefetch osvw ibs skinit wdt tce topoext perfctr_core perfctr_nb bpext perfctr_llc mwaitx cpb cat_l3 cdp_l3 hw_pstate sme ssbd mba sev ibpb stibp vmmcall fsgsbase bmi1 avx2 smep bmi2 cqm rdt_a rdseed adx smap clflushopt clwb sha_ni xsaveopt xsavec xgetbv1 xsaves cqm_llc cqm_occup_llc cqm_mbm_total cqm_mbm_local clzero irperf xsaveerptr wbnoinvd arat npt lbrv svm_lock nrip_save tsc_scale vmcb_clean flushbyasid decodeassists pausefilter pfthreshold avic v_vmsave_vmload vgif umip rdpid overflow_recov succor smca
bugs		: sysret_ss_attrs spectre_v1 spectre_v2 spec_store_bypass
bogomips	: 7199.43
TLB size	: 3072 4K pages
clflush size	: 64
cache_alignment	: 64
address sizes	: 43 bits physical, 48 bits virtual
power management: ts ttp tm hwpstate cpb eff_freq_ro [13] [14]

processor	: 3
vendor_id	: AuthenticAMD
cpu family	: 23
model		: 113
model name	: AMD Ryzen 5 3600 6-Core Processor
stepping	: 0
microcode	: 0x8701021
cpu MHz		: 4037.874
cache size	: 512 KB
physical id	: 0
siblings	: 12
core id		: 4
cpu cores	: 6
apicid		: 8
initial apicid	: 8
fpu		: yes
fpu_exception	: yes
cpuid level	: 16
wp		: yes
flags		: fpu vme de pse tsc msr pae mce cx8 apic sep mtrr pge mca cmov pat pse36 clflush mmx fxsr sse sse2 ht syscall nx mmxext fxsr_opt pdpe1gb rdtscp lm constant_tsc rep_good nopl nonstop_tsc cpuid extd_apicid aperfmperf pni pclmulqdq monitor ssse3 fma cx16 sse4_1 sse4_2 movbe popcnt aes xsave avx f16c rdrand lahf_lm cmp_legacy svm extapic cr8_legacy abm sse4a misalignsse 3dnowprefetch osvw ibs skinit wdt tce topoext perfctr_core perfctr_nb bpext perfctr_llc mwaitx cpb cat_l3 cdp_l3 hw_pstate sme ssbd mba sev ibpb stibp vmmcall fsgsbase bmi1 avx2 smep bmi2 cqm rdt_a rdseed adx smap clflushopt clwb sha_ni xsaveopt xsavec xgetbv1 xsaves cqm_llc cqm_occup_llc cqm_mbm_total cqm_mbm_local clzero irperf xsaveerptr wbnoinvd arat npt lbrv svm_lock nrip_save tsc_scale vmcb_clean flushbyasid decodeassists pausefilter pfthreshold avic v_vmsave_vmload vgif umip rdpid overflow_recov succor smca
bugs		: sysret_ss_attrs spectre_v1 spectre_v2 spec_store_bypass
bogomips	: 7199.43
TLB size	: 3072 4K pages
clflush size	: 64
cache_alignment	: 64
address sizes	: 43 bits physical, 48 bits virtual
power management: ts ttp tm hwpstate cpb eff_freq_ro [13] [14]

processor	: 4
vendor_id	: AuthenticAMD
cpu family	: 23
model		: 113
model name	: AMD Ryzen 5 3600 6-Core Processor
stepping	: 0
microcode	: 0x8701021
cpu MHz		: 2529.876
cache size	: 512 KB
physical id	: 0
siblings	: 12
core id		: 5
cpu cores	: 6
apicid		: 10
initial apicid	: 10
fpu		: yes
fpu_exception	: yes
cpuid level	: 16
wp		: yes
flags		: fpu vme de pse tsc msr pae mce cx8 apic sep mtrr pge mca cmov pat pse36 clflush mmx fxsr sse sse2 ht syscall nx mmxext fxsr_opt pdpe1gb rdtscp lm constant_tsc rep_good nopl nonstop_tsc cpuid extd_apicid aperfmperf pni pclmulqdq monitor ssse3 fma cx16 sse4_1 sse4_2 movbe popcnt aes xsave avx f16c rdrand lahf_lm cmp_legacy svm extapic cr8_legacy abm sse4a misalignsse 3dnowprefetch osvw ibs skinit wdt tce topoext perfctr_core perfctr_nb bpext perfctr_llc mwaitx cpb cat_l3 cdp_l3 hw_pstate sme ssbd mba sev ibpb stibp vmmcall fsgsbase bmi1 avx2 smep bmi2 cqm rdt_a rdseed adx smap clflushopt clwb sha_ni xsaveopt xsavec xgetbv1 xsaves cqm_llc cqm_occup_llc cqm_mbm_total cqm_mbm_local clzero irperf xsaveerptr wbnoinvd arat npt lbrv svm_lock nrip_save tsc_scale vmcb_clean flushbyasid decodeassists pausefilter pfthreshold avic v_vmsave_vmload vgif umip rdpid overflow_recov succor smca
bugs		: sysret_ss_attrs spectre_v1 spectre_v2 spec_store_bypass
bogomips	: 7199.43
TLB size	: 3072 4K pages
clflush size	: 64
cache_alignment	: 64
address sizes	: 43 bits physical, 48 bits virtual
power management: ts ttp tm hwpstate cpb eff_freq_ro [13] [14]

processor	: 5
vendor_id	: AuthenticAMD
cpu family	: 23
model		: 113
model name	: AMD Ryzen 5 3600 6-Core Processor
stepping	: 0
microcode	: 0x8701021
cpu MHz		: 4040.836
cache size	: 512 KB
physical id	: 0
siblings	: 12
core id		: 6
cpu cores	: 6
apicid		: 12
initial apicid	: 12
fpu		: yes
fpu_exception	: yes
cpuid level	: 16
wp		: yes
flags		: fpu vme de pse tsc msr pae mce cx8 apic sep mtrr pge mca cmov pat pse36 clflush mmx fxsr sse sse2 ht syscall nx mmxext fxsr_opt pdpe1gb rdtscp lm constant_tsc rep_good nopl nonstop_tsc cpuid extd_apicid aperfmperf pni pclmulqdq monitor ssse3 fma cx16 sse4_1 sse4_2 movbe popcnt aes xsave avx f16c rdrand lahf_lm cmp_legacy svm extapic cr8_legacy abm sse4a misalignsse 3dnowprefetch osvw ibs skinit wdt tce topoext perfctr_core perfctr_nb bpext perfctr_llc mwaitx cpb cat_l3 cdp_l3 hw_pstate sme ssbd mba sev ibpb stibp vmmcall fsgsbase bmi1 avx2 smep bmi2 cqm rdt_a rdseed adx smap clflushopt clwb sha_ni xsaveopt xsavec xgetbv1 xsaves cqm_llc cqm_occup_llc cqm_mbm_total cqm_mbm_local clzero irperf xsaveerptr wbnoinvd arat npt lbrv svm_lock nrip_save tsc_scale vmcb_clean flushbyasid decodeassists pausefilter pfthreshold avic v_vmsave_vmload vgif umip rdpid overflow_recov succor smca
bugs		: sysret_ss_attrs spectre_v1 spectre_v2 spec_store_bypass
bogomips	: 7199.43
TLB size	: 3072 4K pages
clflush size	: 64
cache_alignment	: 64
address sizes	: 43 bits physical, 48 bits virtual
power management: ts ttp tm hwpstate cpb eff_freq_ro [13] [14]

processor	: 6
vendor_id	: AuthenticAMD
cpu family	: 23
model		: 113
model name	: AMD Ryzen 5 3600 6-Core Processor
stepping	: 0
microcode	: 0x8701021
cpu MHz		: 4023.204
cache size	: 512 KB
physical id	: 0
siblings	: 12
core id		: 0
cpu cores	: 6
apicid		: 1
initial apicid	: 1
fpu		: yes
fpu_exception	: yes
cpuid level	: 16
wp		: yes
flags		: fpu vme de pse tsc msr pae mce cx8 apic sep mtrr pge mca cmov pat pse36 clflush mmx fxsr sse sse2 ht syscall nx mmxext fxsr_opt pdpe1gb rdtscp lm constant_tsc rep_good nopl nonstop_tsc cpuid extd_apicid aperfmperf pni pclmulqdq monitor ssse3 fma cx16 sse4_1 sse4_2 movbe popcnt aes xsave avx f16c rdrand lahf_lm cmp_legacy svm extapic cr8_legacy abm sse4a misalignsse 3dnowprefetch osvw ibs skinit wdt tce topoext perfctr_core perfctr_nb bpext perfctr_llc mwaitx cpb cat_l3 cdp_l3 hw_pstate sme ssbd mba sev ibpb stibp vmmcall fsgsbase bmi1 avx2 smep bmi2 cqm rdt_a rdseed adx smap clflushopt clwb sha_ni xsaveopt xsavec xgetbv1 xsaves cqm_llc cqm_occup_llc cqm_mbm_total cqm_mbm_local clzero irperf xsaveerptr wbnoinvd arat npt lbrv svm_lock nrip_save tsc_scale vmcb_clean flushbyasid decodeassists pausefilter pfthreshold avic v_vmsave_vmload vgif umip rdpid overflow_recov succor smca
bugs		: sysret_ss_attrs spectre_v1 spectre_v2 spec_store_bypass
bogomips	: 7199.43
TLB size	: 3072 4K pages
clflush size	: 64
cache_alignment	: 64
address sizes	: 43 bits physical, 48 bits virtual
power management: ts ttp tm hwpstate cpb eff_freq_ro [13] [14]

processor	: 7
vendor_id	: AuthenticAMD
cpu family	: 23
model		: 113
model name	: AMD Ryzen 5 3600 6-Core Processor
stepping	: 0
microcode	: 0x8701021
cpu MHz		: 2359.896
cache size	: 512 KB
physical id	: 0
siblings	: 12
core id		: 1
cpu cores	: 6
apicid		: 3
initial apicid	: 3
fpu		: yes
fpu_exception	: yes
cpuid level	: 16
wp		: yes
flags		: fpu vme de pse tsc msr pae mce cx8 apic sep mtrr pge mca cmov pat pse36 clflush mmx fxsr sse sse2 ht syscall nx mmxext fxsr_opt pdpe1gb rdtscp lm constant_tsc rep_good nopl nonstop_tsc cpuid extd_apicid aperfmperf pni pclmulqdq monitor ssse3 fma cx16 sse4_1 sse4_2 movbe popcnt aes xsave avx f16c rdrand lahf_lm cmp_legacy svm extapic cr8_legacy abm sse4a misalignsse 3dnowprefetch osvw ibs skinit wdt tce topoext perfctr_core perfctr_nb bpext perfctr_llc mwaitx cpb cat_l3 cdp_l3 hw_pstate sme ssbd mba sev ibpb stibp vmmcall fsgsbase bmi1 avx2 smep bmi2 cqm rdt_a rdseed adx smap clflushopt clwb sha_ni xsaveopt xsavec xgetbv1 xsaves cqm_llc cqm_occup_llc cqm_mbm_total cqm_mbm_local clzero irperf xsaveerptr wbnoinvd arat npt lbrv svm_lock nrip_save tsc_scale vmcb_clean flushbyasid decodeassists pausefilter pfthreshold avic v_vmsave_vmload vgif umip rdpid overflow_recov succor smca
bugs		: sysret_ss_attrs spectre_v1 spectre_v2 spec_store_bypass
bogomips	: 7199.43
TLB size	: 3072 4K pages
clflush size	: 64
cache_alignment	: 64
address sizes	: 43 bits physical, 48 bits virtual
power management: ts ttp tm hwpstate cpb eff_freq_ro [13] [14]

processor	: 8
vendor_id	: AuthenticAMD
cpu family	: 23
model		: 113
model name	: AMD Ryzen 5 3600 6-Core Processor
stepping	: 0
microcode	: 0x8701021
cpu MHz		: 2022.115
cache size	: 512 KB
physical id	: 0
siblings	: 12
core id		: 2
cpu cores	: 6
apicid		: 5
initial apicid	: 5
fpu		: yes
fpu_exception	: yes
cpuid level	: 16
wp		: yes
flags		: fpu vme de pse tsc msr pae mce cx8 apic sep mtrr pge mca cmov pat pse36 clflush mmx fxsr sse sse2 ht syscall nx mmxext fxsr_opt pdpe1gb rdtscp lm constant_tsc rep_good nopl nonstop_tsc cpuid extd_apicid aperfmperf pni pclmulqdq monitor ssse3 fma cx16 sse4_1 sse4_2 movbe popcnt aes xsave avx f16c rdrand lahf_lm cmp_legacy svm extapic cr8_legacy abm sse4a misalignsse 3dnowprefetch osvw ibs skinit wdt tce topoext perfctr_core perfctr_nb bpext perfctr_llc mwaitx cpb cat_l3 cdp_l3 hw_pstate sme ssbd mba sev ibpb stibp vmmcall fsgsbase bmi1 avx2 smep bmi2 cqm rdt_a rdseed adx smap clflushopt clwb sha_ni xsaveopt xsavec xgetbv1 xsaves cqm_llc cqm_occup_llc cqm_mbm_total cqm_mbm_local clzero irperf xsaveerptr wbnoinvd arat npt lbrv svm_lock nrip_save tsc_scale vmcb_clean flushbyasid decodeassists pausefilter pfthreshold avic v_vmsave_vmload vgif umip rdpid overflow_recov succor smca
bugs		: sysret_ss_attrs spectre_v1 spectre_v2 spec_store_bypass
bogomips	: 7199.43
TLB size	: 3072 4K pages
clflush size	: 64
cache_alignment	: 64
address sizes	: 43 bits physical, 48 bits virtual
power management: ts ttp tm hwpstate cpb eff_freq_ro [13] [14]

processor	: 9
vendor_id	: AuthenticAMD
cpu family	: 23
model		: 113
model name	: AMD Ryzen 5 3600 6-Core Processor
stepping	: 0
microcode	: 0x8701021
cpu MHz		: 4019.579
cache size	: 512 KB
physical id	: 0
siblings	: 12
core id		: 4
cpu cores	: 6
apicid		: 9
initial apicid	: 9
fpu		: yes
fpu_exception	: yes
cpuid level	: 16
wp		: yes
flags		: fpu vme de pse tsc msr pae mce cx8 apic sep mtrr pge mca cmov pat pse36 clflush mmx fxsr sse sse2 ht syscall nx mmxext fxsr_opt pdpe1gb rdtscp lm constant_tsc rep_good nopl nonstop_tsc cpuid extd_apicid aperfmperf pni pclmulqdq monitor ssse3 fma cx16 sse4_1 sse4_2 movbe popcnt aes xsave avx f16c rdrand lahf_lm cmp_legacy svm extapic cr8_legacy abm sse4a misalignsse 3dnowprefetch osvw ibs skinit wdt tce topoext perfctr_core perfctr_nb bpext perfctr_llc mwaitx cpb cat_l3 cdp_l3 hw_pstate sme ssbd mba sev ibpb stibp vmmcall fsgsbase bmi1 avx2 smep bmi2 cqm rdt_a rdseed adx smap clflushopt clwb sha_ni xsaveopt xsavec xgetbv1 xsaves cqm_llc cqm_occup_llc cqm_mbm_total cqm_mbm_local clzero irperf xsaveerptr wbnoinvd arat npt lbrv svm_lock nrip_save tsc_scale vmcb_clean flushbyasid decodeassists pausefilter pfthreshold avic v_vmsave_vmload vgif umip rdpid overflow_recov succor smca
bugs		: sysret_ss_attrs spectre_v1 spectre_v2 spec_store_bypass
bogomips	: 7199.43
TLB size	: 3072 4K pages
clflush size	: 64
cache_alignment	: 64
address sizes	: 43 bits physical, 48 bits virtual
power management: ts ttp tm hwpstate cpb eff_freq_ro [13] [14]

processor	: 10
vendor_id	: AuthenticAMD
cpu family	: 23
model		: 113
model name	: AMD Ryzen 5 3600 6-Core Processor
stepping	: 0
microcode	: 0x8701021
cpu MHz		: 2302.255
cache size	: 512 KB
physical id	: 0
siblings	: 12
core id		: 5
cpu cores	: 6
apicid		: 11
initial apicid	: 11
fpu		: yes
fpu_exception	: yes
cpuid level	: 16
wp		: yes
flags		: fpu vme de pse tsc msr pae mce cx8 apic sep mtrr pge mca cmov pat pse36 clflush mmx fxsr sse sse2 ht syscall nx mmxext fxsr_opt pdpe1gb rdtscp lm constant_tsc rep_good nopl nonstop_tsc cpuid extd_apicid aperfmperf pni pclmulqdq monitor ssse3 fma cx16 sse4_1 sse4_2 movbe popcnt aes xsave avx f16c rdrand lahf_lm cmp_legacy svm extapic cr8_legacy abm sse4a misalignsse 3dnowprefetch osvw ibs skinit wdt tce topoext perfctr_core perfctr_nb bpext perfctr_llc mwaitx cpb cat_l3 cdp_l3 hw_pstate sme ssbd mba sev ibpb stibp vmmcall fsgsbase bmi1 avx2 smep bmi2 cqm rdt_a rdseed adx smap clflushopt clwb sha_ni xsaveopt xsavec xgetbv1 xsaves cqm_llc cqm_occup_llc cqm_mbm_total cqm_mbm_local clzero irperf xsaveerptr wbnoinvd arat npt lbrv svm_lock nrip_save tsc_scale vmcb_clean flushbyasid decodeassists pausefilter pfthreshold avic v_vmsave_vmload vgif umip rdpid overflow_recov succor smca
bugs		: sysret_ss_attrs spectre_v1 spectre_v2 spec_store_bypass
bogomips	: 7199.43
TLB size	: 3072 4K pages
clflush size	: 64
cache_alignment	: 64
address sizes	: 43 bits physical, 48 bits virtual
power management: ts ttp tm hwpstate cpb eff_freq_ro [13] [14]

processor	: 11
vendor_id	: AuthenticAMD
cpu family	: 23
model		: 113
model name	: AMD Ryzen 5 3600 6-Core Processor
stepping	: 0
microcode	: 0x8701021
cpu MHz		: 4021.041
cache size	: 512 KB
physical id	: 0
siblings	: 12
core id		: 6
cpu cores	: 6
apicid		: 13
initial apicid	: 13
fpu		: yes
fpu_exception	: yes
cpuid level	: 16
wp		: yes
flags		: fpu vme de pse tsc msr pae mce cx8 apic sep mtrr pge mca cmov pat pse36 clflush mmx fxsr sse sse2 ht syscall nx mmxext fxsr_opt pdpe1gb rdtscp lm constant_tsc rep_good nopl nonstop_tsc cpuid extd_apicid aperfmperf pni pclmulqdq monitor ssse3 fma cx16 sse4_1 sse4_2 movbe popcnt aes xsave avx f16c rdrand lahf_lm cmp_legacy svm extapic cr8_legacy abm sse4a misalignsse 3dnowprefetch osvw ibs skinit wdt tce topoext perfctr_core perfctr_nb bpext perfctr_llc mwaitx cpb cat_l3 cdp_l3 hw_pstate sme ssbd mba sev ibpb stibp vmmcall fsgsbase bmi1 avx2 smep bmi2 cqm rdt_a rdseed adx smap clflushopt clwb sha_ni xsaveopt xsavec xgetbv1 xsaves cqm_llc cqm_occup_llc cqm_mbm_total cqm_mbm_local clzero irperf xsaveerptr wbnoinvd arat npt lbrv svm_lock nrip_save tsc_scale vmcb_clean flushbyasid decodeassists pausefilter pfthreshold avic v_vmsave_vmload vgif umip rdpid overflow_recov succor smca
bugs		: sysret_ss_attrs spectre_v1 spectre_v2 spec_store_bypass
bogomips	: 7199.43
TLB size	: 3072 4K pages
clflush size	: 64
cache_alignment	: 64
address sizes	: 43 bits physical, 48 bits virtual
power management: ts ttp tm hwpstate cpb eff_freq_ro [13] [14]



Memory: 4k page, physical 16404516k(5930704k free), swap 1907708k(1907708k free)

vm_info: OpenJDK 64-Bit Server VM (25.242-b3-6222593) for linux-amd64 JRE (1.8.0_242-release-1644-b3-6222593), built by "android-build" with gcc 4.8

time: Mon Oct  5 14:49:15 2020
timezone: CEST
elapsed time: 4 seconds (0d 0h 0m 4s)

